节点开启监听，地址：192.168.242.129:6001
本节点已变更为候选人状态,Term 1
当前得票数：1
Leader 选举开始...
正在广播选票...
获得来自其他节点的投票，当前得票数：2
获得超过网络节点二分之一的得票数，本节点被选举成为了leader
N0 向其他节点进行广播leader 确认...
收到客户端请求
全网已超过半数节点接收到消息：test0
raft验证通过，准备同步至follower...N0 节点共识耗时 1.509295ms
收到客户端请求
全网已超过半数节点接收到消息：test1
raft验证通过，准备同步至follower...N0 节点共识耗时 967.369µs
收到客户端请求
全网已超过半数节点接收到消息：test2
raft验证通过，准备同步至follower...N0 节点共识耗时 1.182434ms
收到客户端请求
全网已超过半数节点接收到消息：test3
raft验证通过，准备同步至follower...N0 节点共识耗时 408.519µs
收到客户端请求
全网已超过半数节点接收到消息：test4
raft验证通过，准备同步至follower...N0 节点共识耗时 910.326µs
收到客户端请求
全网已超过半数节点接收到消息：test5
raft验证通过，准备同步至follower...N0 节点共识耗时 856.698µs
收到客户端请求
全网已超过半数节点接收到消息：test6
raft验证通过，准备同步至follower...N0 节点共识耗时 423.594µs
收到客户端请求
全网已超过半数节点接收到消息：test7
raft验证通过，准备同步至follower...N0 节点共识耗时 300.616µs
收到客户端请求
全网已超过半数节点接收到消息：test8
raft验证通过，准备同步至follower...N0 节点共识耗时 473.101µs
收到客户端请求
全网已超过半数节点接收到消息：test9
raft验证通过，准备同步至follower...N0 节点共识耗时 844.088µs
收到客户端请求
全网已超过半数节点接收到消息：test10
raft验证通过，准备同步至follower...N0 节点共识耗时 564.745µs
收到客户端请求
全网已超过半数节点接收到消息：test11
raft验证通过，准备同步至follower...N0 节点共识耗时 599.431µs
收到客户端请求
全网已超过半数节点接收到消息：test12
raft验证通过，准备同步至follower...N0 节点共识耗时 524.357µs
收到客户端请求
全网已超过半数节点接收到消息：test13
raft验证通过，准备同步至follower...N0 节点共识耗时 440.194µs
收到客户端请求
全网已超过半数节点接收到消息：test14
raft验证通过，准备同步至follower...N0 节点共识耗时 858.099µs
收到客户端请求
全网已超过半数节点接收到消息：test15
raft验证通过，准备同步至follower...N0 节点共识耗时 782.288µs
收到客户端请求
全网已超过半数节点接收到消息：test16
raft验证通过，准备同步至follower...N0 节点共识耗时 563.758µs
收到客户端请求
全网已超过半数节点接收到消息：test17
raft验证通过，准备同步至follower...N0 节点共识耗时 324.394µs
收到客户端请求
全网已超过半数节点接收到消息：test18
raft验证通过，准备同步至follower...N0 节点共识耗时 505.212µs
收到客户端请求
全网已超过半数节点接收到消息：test19
raft验证通过，准备同步至follower...N0 节点共识耗时 637.369µs
收到客户端请求
全网已超过半数节点接收到消息：test0
raft验证通过，准备同步至follower...N0 节点共识耗时 940.468µs
收到客户端请求
全网已超过半数节点接收到消息：test1
raft验证通过，准备同步至follower...N0 节点共识耗时 656.642µs
收到客户端请求
全网已超过半数节点接收到消息：test2
raft验证通过，准备同步至follower...N0 节点共识耗时 1.407263ms
收到客户端请求
全网已超过半数节点接收到消息：test3
raft验证通过，准备同步至follower...N0 节点共识耗时 818.446µs
收到客户端请求
全网已超过半数节点接收到消息：test4
raft验证通过，准备同步至follower...N0 节点共识耗时 874.157µs
收到客户端请求
全网已超过半数节点接收到消息：test5
raft验证通过，准备同步至follower...N0 节点共识耗时 393.655µs
收到客户端请求
全网已超过半数节点接收到消息：test6
raft验证通过，准备同步至follower...N0 节点共识耗时 398.842µs
收到客户端请求
全网已超过半数节点接收到消息：test7
raft验证通过，准备同步至follower...N0 节点共识耗时 561.626µs
收到客户端请求
全网已超过半数节点接收到消息：test8
raft验证通过，准备同步至follower...N0 节点共识耗时 992.704µs
收到客户端请求
全网已超过半数节点接收到消息：test9
raft验证通过，准备同步至follower...N0 节点共识耗时 376.181µs
收到客户端请求
全网已超过半数节点接收到消息：test10
raft验证通过，准备同步至follower...N0 节点共识耗时 341.982µs
收到客户端请求
全网已超过半数节点接收到消息：test11
raft验证通过，准备同步至follower...N0 节点共识耗时 517.764µs
收到客户端请求
全网已超过半数节点接收到消息：test12
raft验证通过，准备同步至follower...N0 节点共识耗时 563.082µs
收到客户端请求
全网已超过半数节点接收到消息：test13
raft验证通过，准备同步至follower...N0 节点共识耗时 2.087828ms
收到客户端请求
全网已超过半数节点接收到消息：test14
raft验证通过，准备同步至follower...N0 节点共识耗时 923.043µs
收到客户端请求
全网已超过半数节点接收到消息：test15
raft验证通过，准备同步至follower...N0 节点共识耗时 373.711µs
收到客户端请求
全网已超过半数节点接收到消息：test16
raft验证通过，准备同步至follower...N0 节点共识耗时 812.992µs
收到客户端请求
全网已超过半数节点接收到消息：test17
raft验证通过，准备同步至follower...N0 节点共识耗时 704.922µs
收到客户端请求
全网已超过半数节点接收到消息：test18
raft验证通过，准备同步至follower...N0 节点共识耗时 2.805517ms
收到客户端请求
全网已超过半数节点接收到消息：test19
raft验证通过，准备同步至follower...N0 节点共识耗时 918.71µs
