节点开启监听，地址：192.168.242.129:6002
投票成功，已投N0节点,term 1
已发现网络中的领导节点， N0 成为了领导者！
接收到来自领导节点N0的心跳检测
当前时间为:1594800859252

接收到来自领导节点N0的心跳检测
当前时间为:1594800862252

接收到来自领导节点N0的心跳检测
当前时间为:1594800865255

接收到来自领导节点N0的心跳检测
当前时间为:1594800868259

接收到来自领导节点N0的心跳检测
当前时间为:1594800871262

接收到来自领导节点N0的心跳检测
当前时间为:1594800874267

本节点已收到leader日志:test0 已回复，待确认
收到commit,正在写入状态机，共识完毕...
N1 节点共识耗时 1.261472ms
接收到来自领导节点N0的心跳检测
当前时间为:1594800877267

收到commit,正在写入状态机，共识完毕...
N1 节点共识耗时 1.16109ms
本节点已收到leader日志:test1 已回复，待确认
本节点已收到leader日志:test2 已回复，待确认
收到commit,正在写入状态机，共识完毕...
N1 节点共识耗时 1.505393ms
收到commit,正在写入状态机，共识完毕...
N1 节点共识耗时 311.672µs
本节点已收到leader日志:test3 已回复，待确认
接收到来自领导节点N0的心跳检测
当前时间为:1594800880269

本节点已收到leader日志:test4 已回复，待确认
收到commit,正在写入状态机，共识完毕...
N1 节点共识耗时 1.065121ms
本节点已收到leader日志:test5 已回复，待确认
收到commit,正在写入状态机，共识完毕...
N1 节点共识耗时 1.112081ms
收到commit,正在写入状态机，共识完毕...
N1 节点共识耗时 108.734µs
本节点已收到leader日志:test6 已回复，待确认
接收到来自领导节点N0的心跳检测
当前时间为:1594800883272

收到commit,正在写入状态机，共识完毕...
N1 节点共识耗时 192.492µs
本节点已收到leader日志:test7 已回复，待确认
收到commit,正在写入状态机，共识完毕...
N1 节点共识耗时 632.54µs
本节点已收到leader日志:test8 已回复，待确认
收到commit,正在写入状态机，共识完毕...
N1 节点共识耗时 669.051µs
本节点已收到leader日志:test9 已回复，待确认
接收到来自领导节点N0的心跳检测
当前时间为:1594800886273

收到commit,正在写入状态机，共识完毕...
N1 节点共识耗时 151.54µs
本节点已收到leader日志:test10 已回复，待确认
本节点已收到leader日志:test11 已回复，待确认
收到commit,正在写入状态机，共识完毕...
N1 节点共识耗时 932.376µs
本节点已收到leader日志:test12 已回复，待确认
收到commit,正在写入状态机，共识完毕...
N1 节点共识耗时 1.467335ms
接收到来自领导节点N0的心跳检测
当前时间为:1594800889273

收到commit,正在写入状态机，共识完毕...
N1 节点共识耗时 852.075µs
本节点已收到leader日志:test13 已回复，待确认
本节点已收到leader日志:test14 已回复，待确认
收到commit,正在写入状态机，共识完毕...
N1 节点共识耗时 1.307445ms
收到commit,正在写入状态机，共识完毕...
N1 节点共识耗时 391.488µs
本节点已收到leader日志:test15 已回复，待确认
接收到来自领导节点N0的心跳检测
当前时间为:1594800892273

收到commit,正在写入状态机，共识完毕...
N1 节点共识耗时 401.653µs
本节点已收到leader日志:test16 已回复，待确认
本节点已收到leader日志:test17 已回复，待确认
收到commit,正在写入状态机，共识完毕...
N1 节点共识耗时 1.541748ms
收到commit,正在写入状态机，共识完毕...
本节点已收到leader日志:test18 已回复，待确认
N1 节点共识耗时 107.189µs
接收到来自领导节点N0的心跳检测
当前时间为:1594800895275

本节点已收到leader日志:test19 已回复，待确认
收到commit,正在写入状态机，共识完毕...
N1 节点共识耗时 982.152µs
接收到来自领导节点N0的心跳检测
当前时间为:1594800898276

接收到来自领导节点N0的心跳检测
当前时间为:1594800901278

接收到来自领导节点N0的心跳检测
当前时间为:1594800904279

接收到来自领导节点N0的心跳检测
当前时间为:1594800907283

接收到来自领导节点N0的心跳检测
当前时间为:1594800910285

接收到来自领导节点N0的心跳检测
当前时间为:1594800913287

接收到来自领导节点N0的心跳检测
当前时间为:1594800916290

接收到来自领导节点N0的心跳检测
当前时间为:1594800919292

接收到来自领导节点N0的心跳检测
当前时间为:1594800922295

接收到来自领导节点N0的心跳检测
当前时间为:1594800925295

接收到来自领导节点N0的心跳检测
当前时间为:1594800928298

接收到来自领导节点N0的心跳检测
当前时间为:1594800931301

接收到来自领导节点N0的心跳检测
当前时间为:1594800934306

接收到来自领导节点N0的心跳检测
当前时间为:1594800937307

收到commit,正在写入状态机，共识完毕...
N1 节点共识耗时 126.952µs
本节点已收到leader日志:test0 已回复，待确认
接收到来自领导节点N0的心跳检测
当前时间为:1594800940309

本节点已收到leader日志:test1 已回复，待确认
收到commit,正在写入状态机，共识完毕...
N1 节点共识耗时 3.435334ms
本节点已收到leader日志:test2 已回复，待确认
收到commit,正在写入状态机，共识完毕...
N1 节点共识耗时 1.145872ms
本节点已收到leader日志:test3 已回复，待确认
收到commit,正在写入状态机，共识完毕...
N1 节点共识耗时 802.2µs
接收到来自领导节点N0的心跳检测
当前时间为:1594800943310

本节点已收到leader日志:test4 已回复，待确认
收到commit,正在写入状态机，共识完毕...
N1 节点共识耗时 905.496µs
收到commit,正在写入状态机，共识完毕...
N1 节点共识耗时 599.111µs
本节点已收到leader日志:test5 已回复，待确认
收到commit,正在写入状态机，共识完毕...
N1 节点共识耗时 147.693µs
本节点已收到leader日志:test6 已回复，待确认
接收到来自领导节点N0的心跳检测
当前时间为:1594800946315

收到commit,正在写入状态机，共识完毕...
N1 节点共识耗时 73.167µs
本节点已收到leader日志:test7 已回复，待确认
本节点已收到leader日志:test8 已回复，待确认
收到commit,正在写入状态机，共识完毕...
N1 节点共识耗时 885.797µs
收到commit,正在写入状态机，共识完毕...
N1 节点共识耗时 1.128267ms
本节点已收到leader日志:test9 已回复，待确认
接收到来自领导节点N0的心跳检测
当前时间为:1594800949314

收到commit,正在写入状态机，共识完毕...
N1 节点共识耗时 927.54µs
本节点已收到leader日志:test10 已回复，待确认
本节点已收到leader日志:test11 已回复，待确认
收到commit,正在写入状态机，共识完毕...
N1 节点共识耗时 3.208156ms
本节点已收到leader日志:test12 已回复，待确认
收到commit,正在写入状态机，共识完毕...
N1 节点共识耗时 3.705993ms
接收到来自领导节点N0的心跳检测
当前时间为:1594800952317

本节点已收到leader日志:test13 已回复，待确认
收到commit,正在写入状态机，共识完毕...
N1 节点共识耗时 1.39249ms
本节点已收到leader日志:test14 已回复，待确认
收到commit,正在写入状态机，共识完毕...
N1 节点共识耗时 1.290999ms
收到commit,正在写入状态机，共识完毕...
N1 节点共识耗时 1.001235741s
本节点已收到leader日志:test15 已回复，待确认
接收到来自领导节点N0的心跳检测
当前时间为:1594800955316

收到commit,正在写入状态机，共识完毕...
N1 节点共识耗时 132.607µs
本节点已收到leader日志:test16 已回复，待确认
本节点已收到leader日志:test17 已回复，待确认
收到commit,正在写入状态机，共识完毕...
N1 节点共识耗时 650.609µs
本节点已收到leader日志:test18 已回复，待确认
收到commit,正在写入状态机，共识完毕...
N1 节点共识耗时 3.666512ms
接收到来自领导节点N0的心跳检测
当前时间为:1594800958320

收到commit,正在写入状态机，共识完毕...
N1 节点共识耗时 1.00470444s
本节点已收到leader日志:test19 已回复，待确认
接收到来自领导节点N0的心跳检测
当前时间为:1594800961319

接收到来自领导节点N0的心跳检测
当前时间为:1594800964320

接收到来自领导节点N0的心跳检测
当前时间为:1594800967320

