节点开启监听，地址：192.168.242.129:6003
投票成功，已投N0节点,term 1
已发现网络中的领导节点， N0 成为了领导者！
接收到来自领导节点N0的心跳检测
当前时间为:1594800859252

接收到来自领导节点N0的心跳检测
当前时间为:1594800862253

接收到来自领导节点N0的心跳检测
当前时间为:1594800865256

接收到来自领导节点N0的心跳检测
当前时间为:1594800868259

接收到来自领导节点N0的心跳检测
当前时间为:1594800871261

接收到来自领导节点N0的心跳检测
当前时间为:1594800874267

本节点已收到leader日志:test0 已回复，待确认
收到commit,正在写入状态机，共识完毕...
N2 节点共识耗时 1.297314ms
接收到来自领导节点N0的心跳检测
当前时间为:1594800877268

收到commit,正在写入状态机，共识完毕...
N2 节点共识耗时 1.041943ms
本节点已收到leader日志:test1 已回复，待确认
本节点已收到leader日志:test2 已回复，待确认
收到commit,正在写入状态机，共识完毕...
N2 节点共识耗时 1.198129ms
收到commit,正在写入状态机，共识完毕...
N2 节点共识耗时 1.194926ms
本节点已收到leader日志:test3 已回复，待确认
接收到来自领导节点N0的心跳检测
当前时间为:1594800880269

本节点已收到leader日志:test4 已回复，待确认
收到commit,正在写入状态机，共识完毕...
N2 节点共识耗时 1.552614ms
本节点已收到leader日志:test5 已回复，待确认
收到commit,正在写入状态机，共识完毕...
N2 节点共识耗时 1.266019ms
本节点已收到leader日志:test6 已回复，待确认
收到commit,正在写入状态机，共识完毕...
N2 节点共识耗时 719.485µs
接收到来自领导节点N0的心跳检测
当前时间为:1594800883272

本节点已收到leader日志:test7 已回复，待确认
收到commit,正在写入状态机，共识完毕...
N2 节点共识耗时 3.952264ms
收到commit,正在写入状态机，共识完毕...
N2 节点共识耗时 363.641µs
本节点已收到leader日志:test8 已回复，待确认
本节点已收到leader日志:test9 已回复，待确认
收到commit,正在写入状态机，共识完毕...
N2 节点共识耗时 1.474827ms
接收到来自领导节点N0的心跳检测
当前时间为:1594800886273

收到commit,正在写入状态机，共识完毕...
N2 节点共识耗时 369.923µs
本节点已收到leader日志:test10 已回复，待确认
本节点已收到leader日志:test11 已回复，待确认
收到commit,正在写入状态机，共识完毕...
N2 节点共识耗时 947.436µs
收到commit,正在写入状态机，共识完毕...
N2 节点共识耗时 885.93µs
本节点已收到leader日志:test12 已回复，待确认
接收到来自领导节点N0的心跳检测
当前时间为:1594800889273

收到commit,正在写入状态机，共识完毕...
N2 节点共识耗时 522.629µs
本节点已收到leader日志:test13 已回复，待确认
本节点已收到leader日志:test14 已回复，待确认
收到commit,正在写入状态机，共识完毕...
N2 节点共识耗时 1.501952ms
本节点已收到leader日志:test15 已回复，待确认
收到commit,正在写入状态机，共识完毕...
N2 节点共识耗时 462.438µs
接收到来自领导节点N0的心跳检测
当前时间为:1594800892273

收到commit,正在写入状态机，共识完毕...
N2 节点共识耗时 255.277µs
本节点已收到leader日志:test16 已回复，待确认
本节点已收到leader日志:test17 已回复，待确认
收到commit,正在写入状态机，共识完毕...
N2 节点共识耗时 1.043062ms
收到commit,正在写入状态机，共识完毕...
N2 节点共识耗时 798.527µs
本节点已收到leader日志:test18 已回复，待确认
接收到来自领导节点N0的心跳检测
当前时间为:1594800895275

本节点已收到leader日志:test19 已回复，待确认
收到commit,正在写入状态机，共识完毕...
N2 节点共识耗时 1.132299ms
接收到来自领导节点N0的心跳检测
当前时间为:1594800898276

接收到来自领导节点N0的心跳检测
当前时间为:1594800901279

接收到来自领导节点N0的心跳检测
当前时间为:1594800904279

接收到来自领导节点N0的心跳检测
当前时间为:1594800907283

接收到来自领导节点N0的心跳检测
当前时间为:1594800910284

接收到来自领导节点N0的心跳检测
当前时间为:1594800913287

接收到来自领导节点N0的心跳检测
当前时间为:1594800916289

接收到来自领导节点N0的心跳检测
当前时间为:1594800919291

接收到来自领导节点N0的心跳检测
当前时间为:1594800922294

接收到来自领导节点N0的心跳检测
当前时间为:1594800925295

接收到来自领导节点N0的心跳检测
当前时间为:1594800928298

接收到来自领导节点N0的心跳检测
当前时间为:1594800931301

接收到来自领导节点N0的心跳检测
当前时间为:1594800934306

接收到来自领导节点N0的心跳检测
当前时间为:1594800937307

本节点已收到leader日志:test0 已回复，待确认
收到commit,正在写入状态机，共识完毕...
N2 节点共识耗时 3.138938ms
接收到来自领导节点N0的心跳检测
当前时间为:1594800940309

本节点已收到leader日志:test1 已回复，待确认
收到commit,正在写入状态机，共识完毕...
N2 节点共识耗时 4.037901ms
本节点已收到leader日志:test2 已回复，待确认
收到commit,正在写入状态机，共识完毕...
N2 节点共识耗时 2.004169ms
本节点已收到leader日志:test3 已回复，待确认
收到commit,正在写入状态机，共识完毕...
N2 节点共识耗时 2.557388ms
接收到来自领导节点N0的心跳检测
当前时间为:1594800943310

收到commit,正在写入状态机，共识完毕...
N2 节点共识耗时 258.26µs
本节点已收到leader日志:test4 已回复，待确认
收到commit,正在写入状态机，共识完毕...
N2 节点共识耗时 545.87µs
本节点已收到leader日志:test5 已回复，待确认
本节点已收到leader日志:test6 已回复，待确认
收到commit,正在写入状态机，共识完毕...
N2 节点共识耗时 2.505091ms
接收到来自领导节点N0的心跳检测
当前时间为:1594800946314

本节点已收到leader日志:test7 已回复，待确认
收到commit,正在写入状态机，共识完毕...
N2 节点共识耗时 1.385456ms
收到commit,正在写入状态机，共识完毕...
N2 节点共识耗时 1.40288ms
本节点已收到leader日志:test8 已回复，待确认
收到commit,正在写入状态机，共识完毕...
N2 节点共识耗时 1.001462293s
本节点已收到leader日志:test9 已回复，待确认
接收到来自领导节点N0的心跳检测
当前时间为:1594800949314

本节点已收到leader日志:test10 已回复，待确认
收到commit,正在写入状态机，共识完毕...
N2 节点共识耗时 1.047037ms
本节点已收到leader日志:test11 已回复，待确认
收到commit,正在写入状态机，共识完毕...
N2 节点共识耗时 3.954681ms
本节点已收到leader日志:test12 已回复，待确认
收到commit,正在写入状态机，共识完毕...
N2 节点共识耗时 4.147132ms
接收到来自领导节点N0的心跳检测
当前时间为:1594800952317

本节点已收到leader日志:test13 已回复，待确认
收到commit,正在写入状态机，共识完毕...
N2 节点共识耗时 3.034894ms
本节点已收到leader日志:test14 已回复，待确认
收到commit,正在写入状态机，共识完毕...
N2 节点共识耗时 815.173µs
收到commit,正在写入状态机，共识完毕...
N2 节点共识耗时 176.544µs
本节点已收到leader日志:test15 已回复，待确认
接收到来自领导节点N0的心跳检测
当前时间为:1594800955316

收到commit,正在写入状态机，共识完毕...
N2 节点共识耗时 1.002578841s
本节点已收到leader日志:test16 已回复，待确认
收到commit,正在写入状态机，共识完毕...
N2 节点共识耗时 1.001392073s
本节点已收到leader日志:test17 已回复，待确认
本节点已收到leader日志:test18 已回复，待确认
收到commit,正在写入状态机，共识完毕...
N2 节点共识耗时 4.417598ms
接收到来自领导节点N0的心跳检测
当前时间为:1594800958319

收到commit,正在写入状态机，共识完毕...
N2 节点共识耗时 402.584µs
本节点已收到leader日志:test19 已回复，待确认
接收到来自领导节点N0的心跳检测
当前时间为:1594800961319

接收到来自领导节点N0的心跳检测
当前时间为:1594800964320

接收到来自领导节点N0的心跳检测
当前时间为:1594800967320

