节点开启监听，地址：192.168.242.129:6001
本节点已变更为候选人状态,Term 1
当前得票数：1
Leader 选举开始...
正在广播选票...
获得来自其他节点的投票，当前得票数：2
获得来自其他节点的投票，当前得票数：3
获得来自其他节点的投票，当前得票数：4
获得来自其他节点的投票，当前得票数：5
获得来自其他节点的投票，当前得票数：6
获得来自其他节点的投票，当前得票数：7
获得超过网络节点二分之一的得票数，本节点被选举成为了leader
N0 向其他节点进行广播leader 确认...
收到客户端请求
收到leader的日志msg...
收到leader的日志msg...
收到leader的日志msg...
收到leader的日志msg...
收到leader的日志msg...
全网已超过半数节点接收到消息：12333
raft验证通过，准备同步至follower...N0 节点共识耗时 6.402746ms
收到leader的日志msg...
收到leader的日志msg...
收到leader的日志msg...
收到leader的日志msg...
收到leader的日志msg...
收到leader的日志msg...
收到客户端请求
全网已超过半数节点接收到消息：dfhieuhngiengiuue
raft验证通过，准备同步至follower...N0 节点共识耗时 1.732261ms
收到leader的日志msg...
收到leader的日志msg...
收到leader的日志msg...
收到leader的日志msg...
收到leader的日志msg...
收到leader的日志msg...
收到leader的日志msg...
收到leader的日志msg...
收到leader的日志msg...
收到leader的日志msg...
收到leader的日志msg...
收到客户端请求
全网已超过半数节点接收到消息：jfneijngiengiuehn
raft验证通过，准备同步至follower...N0 节点共识耗时 3.10539ms
收到leader的日志msg...
收到leader的日志msg...
收到leader的日志msg...
收到leader的日志msg...
收到leader的日志msg...
收到leader的日志msg...
收到leader的日志msg...
收到leader的日志msg...
收到leader的日志msg...
收到leader的日志msg...
收到leader的日志msg...
收到客户端请求
全网已超过半数节点接收到消息：fkejngiengjkebngi
raft验证通过，准备同步至follower...N0 节点共识耗时 417.218µs
收到leader的日志msg...
收到leader的日志msg...
收到leader的日志msg...
收到leader的日志msg...
收到leader的日志msg...
收到leader的日志msg...
收到leader的日志msg...
收到leader的日志msg...
收到leader的日志msg...
收到leader的日志msg...
收到leader的日志msg...
收到客户端请求
全网已超过半数节点接收到消息：hefhbegbejbghebguergbuib
raft验证通过，准备同步至follower...N0 节点共识耗时 2.539703ms
收到leader的日志msg...
收到leader的日志msg...
收到leader的日志msg...
收到leader的日志msg...
收到leader的日志msg...
收到leader的日志msg...
收到leader的日志msg...
收到leader的日志msg...
收到leader的日志msg...
收到leader的日志msg...
收到leader的日志msg...
收到客户端请求
全网已超过半数节点接收到消息：fbuyhebguehbgubghrbgubrugbrui
raft验证通过，准备同步至follower...N0 节点共识耗时 2.036508ms
收到leader的日志msg...
收到leader的日志msg...
收到leader的日志msg...
收到leader的日志msg...
收到leader的日志msg...
收到leader的日志msg...
收到leader的日志msg...
收到leader的日志msg...
收到leader的日志msg...
收到leader的日志msg...
收到leader的日志msg...
