节点开启监听，地址：192.168.242.129:6002
投票成功，已投N0节点,term 1
接收到来自领导节点N0的心跳检测
当前时间为:1593944041406

已发现网络中的领导节点， N0 成为了领导者！
接收到来自领导节点N0的心跳检测
当前时间为:1593944044406

接收到来自领导节点N0的心跳检测
当前时间为:1593944047407

接收到来自领导节点N0的心跳检测
当前时间为:1593944050409

接收到来自领导节点N0的心跳检测
当前时间为:1593944053423

接收到来自领导节点N0的心跳检测
当前时间为:1593944056413

接收到来自领导节点N0的心跳检测
当前时间为:1593944059425

接收到来自领导节点N0的心跳检测
当前时间为:1593944062416

接收到来自领导节点N0的心跳检测
当前时间为:1593944065420

接收到来自领导节点N0的心跳检测
当前时间为:1593944068421

接收到来自领导节点N0的心跳检测
当前时间为:1593944071424

接收到来自领导节点N0的心跳检测
当前时间为:1593944074426

接收到来自领导节点N0的心跳检测
当前时间为:1593944077439

收到leader的日志msg...
本节点已收到leader日志:12333 已回复，待确认
收到commit,正在写入状态机，共识完毕...
N1 节点共识耗时 10.456394ms
接收到来自领导节点N0的心跳检测
当前时间为:1593944080431

接收到来自领导节点N0的心跳检测
当前时间为:1593944083429

接收到来自领导节点N0的心跳检测
当前时间为:1593944086434

接收到来自领导节点N0的心跳检测
当前时间为:1593944089434

收到leader的日志msg...
收到commit,正在写入状态机，共识完毕...
N1 节点共识耗时 1.924348ms
本节点已收到leader日志:dfhieuhngiengiuue 已回复，待确认
收到leader的日志msg...
收到commit,正在写入状态机，共识完毕...
N1 节点共识耗时 4.023971ms
本节点已收到leader日志:jfneijngiengiuehn 已回复，待确认
接收到来自领导节点N0的心跳检测
当前时间为:1593944092434

收到commit,正在写入状态机，共识完毕...
N1 节点共识耗时 1.420079021s
收到leader的日志msg...
本节点已收到leader日志:fkejngiengjkebngi 已回复，待确认
收到commit,正在写入状态机，共识完毕...
N1 节点共识耗时 1.771256455s
收到leader的日志msg...
本节点已收到leader日志:hefhbegbejbghebguergbuib 已回复，待确认
接收到来自领导节点N0的心跳检测
当前时间为:1593944095436

收到commit,正在写入状态机，共识完毕...
收到leader的日志msg...
N1 节点共识耗时 1.930412157s
本节点已收到leader日志:fbuyhebguehbgubghrbgubrugbrui 已回复，待确认
接收到来自领导节点N0的心跳检测
当前时间为:1593944098436

