节点开启监听，地址：192.168.242.129:6011
投票成功，已投N0节点,term 1
已发现网络中的领导节点， N0 成为了领导者！
接收到来自领导节点N0的心跳检测
当前时间为:1593944041412

接收到来自领导节点N0的心跳检测
当前时间为:1593944044415

接收到来自领导节点N0的心跳检测
当前时间为:1593944047407

接收到来自领导节点N0的心跳检测
当前时间为:1593944050409

接收到来自领导节点N0的心跳检测
当前时间为:1593944053423

接收到来自领导节点N0的心跳检测
当前时间为:1593944056412

接收到来自领导节点N0的心跳检测
当前时间为:1593944059414

接收到来自领导节点N0的心跳检测
当前时间为:1593944062416

接收到来自领导节点N0的心跳检测
当前时间为:1593944065419

接收到来自领导节点N0的心跳检测
当前时间为:1593944068422

接收到来自领导节点N0的心跳检测
当前时间为:1593944071424

接收到来自领导节点N0的心跳检测
当前时间为:1593944074426

接收到来自领导节点N0的心跳检测
当前时间为:1593944077439

收到leader的日志msg...
本节点已收到leader日志:12333 已回复，待确认
收到commit,正在写入状态机，共识完毕...
N10 节点共识耗时 11.826168ms
接收到来自领导节点N0的心跳检测
当前时间为:1593944080427

接收到来自领导节点N0的心跳检测
当前时间为:1593944083432

接收到来自领导节点N0的心跳检测
当前时间为:1593944086436

接收到来自领导节点N0的心跳检测
当前时间为:1593944089438

收到leader的日志msg...
收到commit,正在写入状态机，共识完毕...
N10 节点共识耗时 786.644µs
本节点已收到leader日志:dfhieuhngiengiuue 已回复，待确认
收到leader的日志msg...
本节点已收到leader日志:jfneijngiengiuehn 已回复，待确认
收到commit,正在写入状态机，共识完毕...
N10 节点共识耗时 3.580873ms
接收到来自领导节点N0的心跳检测
当前时间为:1593944092436

收到leader的日志msg...
收到commit,正在写入状态机，共识完毕...
N10 节点共识耗时 718.801µs
本节点已收到leader日志:fkejngiengjkebngi 已回复，待确认
收到leader的日志msg...
本节点已收到leader日志:hefhbegbejbghebguergbuib 已回复，待确认
收到commit,正在写入状态机，共识完毕...
N10 节点共识耗时 9.163836ms
接收到来自领导节点N0的心跳检测
当前时间为:1593944095436

收到leader的日志msg...
本节点已收到leader日志:fbuyhebguehbgubghrbgubrugbrui 已回复，待确认
收到commit,正在写入状态机，共识完毕...
N10 节点共识耗时 638.457µs
接收到来自领导节点N0的心跳检测
当前时间为:1593944098436

