节点开启监听，地址：192.168.242.129:6012
投票成功，已投N0节点,term 1
接收到来自领导节点N0的心跳检测
当前时间为:1593944041406

已发现网络中的领导节点， N0 成为了领导者！
接收到来自领导节点N0的心跳检测
当前时间为:1593944044406

接收到来自领导节点N0的心跳检测
当前时间为:1593944047409

接收到来自领导节点N0的心跳检测
当前时间为:1593944050408

接收到来自领导节点N0的心跳检测
当前时间为:1593944053426

接收到来自领导节点N0的心跳检测
当前时间为:1593944056413

接收到来自领导节点N0的心跳检测
当前时间为:1593944059424

接收到来自领导节点N0的心跳检测
当前时间为:1593944062420

接收到来自领导节点N0的心跳检测
当前时间为:1593944065420

接收到来自领导节点N0的心跳检测
当前时间为:1593944068428

接收到来自领导节点N0的心跳检测
当前时间为:1593944071426

接收到来自领导节点N0的心跳检测
当前时间为:1593944074426

接收到来自领导节点N0的心跳检测
当前时间为:1593944077432

收到leader的日志msg...
本节点已收到leader日志:12333 已回复，待确认
收到commit,正在写入状态机，共识完毕...
N11 节点共识耗时 3.592602ms
接收到来自领导节点N0的心跳检测
当前时间为:1593944080427

接收到来自领导节点N0的心跳检测
当前时间为:1593944083431

接收到来自领导节点N0的心跳检测
当前时间为:1593944086434

接收到来自领导节点N0的心跳检测
当前时间为:1593944089435

收到leader的日志msg...
收到commit,正在写入状态机，共识完毕...
N11 节点共识耗时 2.026342ms
本节点已收到leader日志:dfhieuhngiengiuue 已回复，待确认
收到leader的日志msg...
本节点已收到leader日志:jfneijngiengiuehn 已回复，待确认
收到commit,正在写入状态机，共识完毕...
N11 节点共识耗时 8.065458ms
接收到来自领导节点N0的心跳检测
当前时间为:1593944092437

收到leader的日志msg...
收到commit,正在写入状态机，共识完毕...
N11 节点共识耗时 8.923193ms
本节点已收到leader日志:fkejngiengjkebngi 已回复，待确认
收到leader的日志msg...
本节点已收到leader日志:hefhbegbejbghebguergbuib 已回复，待确认
收到commit,正在写入状态机，共识完毕...
N11 节点共识耗时 3.393659ms
接收到来自领导节点N0的心跳检测
当前时间为:1593944095434

收到commit,正在写入状态机，共识完毕...
N11 节点共识耗时 1.940243876s
收到leader的日志msg...
本节点已收到leader日志:fbuyhebguehbgubghrbgubrugbrui 已回复，待确认
接收到来自领导节点N0的心跳检测
当前时间为:1593944098436

