节点开启监听，地址：192.168.242.129:6006
投票成功，已投N0节点,term 1
接收到来自领导节点N0的心跳检测
当前时间为:1593944041418

已发现网络中的领导节点， N0 成为了领导者！
接收到来自领导节点N0的心跳检测
当前时间为:1593944044408

接收到来自领导节点N0的心跳检测
当前时间为:1593944047409

接收到来自领导节点N0的心跳检测
当前时间为:1593944050409

接收到来自领导节点N0的心跳检测
当前时间为:1593944053420

接收到来自领导节点N0的心跳检测
当前时间为:1593944056412

接收到来自领导节点N0的心跳检测
当前时间为:1593944059413

接收到来自领导节点N0的心跳检测
当前时间为:1593944062416

接收到来自领导节点N0的心跳检测
当前时间为:1593944065419

接收到来自领导节点N0的心跳检测
当前时间为:1593944068431

接收到来自领导节点N0的心跳检测
当前时间为:1593944071424

接收到来自领导节点N0的心跳检测
当前时间为:1593944074427

接收到来自领导节点N0的心跳检测
当前时间为:1593944077439

收到leader的日志msg...
本节点已收到leader日志:12333 已回复，待确认
收到commit,正在写入状态机，共识完毕...
N5 节点共识耗时 12.300472ms
接收到来自领导节点N0的心跳检测
当前时间为:1593944080427

接收到来自领导节点N0的心跳检测
当前时间为:1593944083431

接收到来自领导节点N0的心跳检测
当前时间为:1593944086432

接收到来自领导节点N0的心跳检测
当前时间为:1593944089437

收到leader的日志msg...
本节点已收到leader日志:dfhieuhngiengiuue 已回复，待确认
收到commit,正在写入状态机，共识完毕...
N5 节点共识耗时 2.913409ms
收到leader的日志msg...
本节点已收到leader日志:jfneijngiengiuehn 已回复，待确认
收到commit,正在写入状态机，共识完毕...
N5 节点共识耗时 4.185732ms
接收到来自领导节点N0的心跳检测
当前时间为:1593944092435

收到commit,正在写入状态机，共识完毕...
N5 节点共识耗时 1.423334741s
收到leader的日志msg...
本节点已收到leader日志:fkejngiengjkebngi 已回复，待确认
收到leader的日志msg...
收到commit,正在写入状态机，共识完毕...
N5 节点共识耗时 229.698µs
本节点已收到leader日志:hefhbegbejbghebguergbuib 已回复，待确认
接收到来自领导节点N0的心跳检测
当前时间为:1593944095437

收到leader的日志msg...
收到commit,正在写入状态机，共识完毕...
N5 节点共识耗时 179.828µs
本节点已收到leader日志:fbuyhebguehbgubghrbgubrugbrui 已回复，待确认
接收到来自领导节点N0的心跳检测
当前时间为:1593944098437

