节点开启监听，地址：192.168.242.129:6007
投票成功，已投N0节点,term 1
接收到来自领导节点N0的心跳检测
当前时间为:1593944041405

已发现网络中的领导节点， N0 成为了领导者！
接收到来自领导节点N0的心跳检测
当前时间为:1593944044404

接收到来自领导节点N0的心跳检测
当前时间为:1593944047406

接收到来自领导节点N0的心跳检测
当前时间为:1593944050410

接收到来自领导节点N0的心跳检测
当前时间为:1593944053423

接收到来自领导节点N0的心跳检测
当前时间为:1593944056413

接收到来自领导节点N0的心跳检测
当前时间为:1593944059413

接收到来自领导节点N0的心跳检测
当前时间为:1593944062416

接收到来自领导节点N0的心跳检测
当前时间为:1593944065419

接收到来自领导节点N0的心跳检测
当前时间为:1593944068424

接收到来自领导节点N0的心跳检测
当前时间为:1593944071426

接收到来自领导节点N0的心跳检测
当前时间为:1593944074427

接收到来自领导节点N0的心跳检测
当前时间为:1593944077440

收到leader的日志msg...
本节点已收到leader日志:12333 已回复，待确认
收到commit,正在写入状态机，共识完毕...
N6 节点共识耗时 3.587241ms
接收到来自领导节点N0的心跳检测
当前时间为:1593944080427

接收到来自领导节点N0的心跳检测
当前时间为:1593944083430

接收到来自领导节点N0的心跳检测
当前时间为:1593944086432

接收到来自领导节点N0的心跳检测
当前时间为:1593944089434

收到leader的日志msg...
本节点已收到leader日志:dfhieuhngiengiuue 已回复，待确认
收到commit,正在写入状态机，共识完毕...
N6 节点共识耗时 748.238µs
收到leader的日志msg...
收到commit,正在写入状态机，共识完毕...
N6 节点共识耗时 3.799294ms
本节点已收到leader日志:jfneijngiengiuehn 已回复，待确认
接收到来自领导节点N0的心跳检测
当前时间为:1593944092436

收到leader的日志msg...
收到commit,正在写入状态机，共识完毕...
N6 节点共识耗时 15.654082ms
本节点已收到leader日志:fkejngiengjkebngi 已回复，待确认
收到leader的日志msg...
本节点已收到leader日志:hefhbegbejbghebguergbuib 已回复，待确认
收到commit,正在写入状态机，共识完毕...
N6 节点共识耗时 2.846652ms
接收到来自领导节点N0的心跳检测
当前时间为:1593944095436

收到leader的日志msg...
本节点已收到leader日志:fbuyhebguehbgubghrbgubrugbrui 已回复，待确认
收到commit,正在写入状态机，共识完毕...
N6 节点共识耗时 544.294µs
接收到来自领导节点N0的心跳检测
当前时间为:1593944098436

