节点开启监听，地址：192.168.242.129:6010
投票成功，已投N0节点,term 1
接收到来自领导节点N0的心跳检测
当前时间为:1593944041405

已发现网络中的领导节点， N0 成为了领导者！
接收到来自领导节点N0的心跳检测
当前时间为:1593944044409

接收到来自领导节点N0的心跳检测
当前时间为:1593944047406

接收到来自领导节点N0的心跳检测
当前时间为:1593944050408

接收到来自领导节点N0的心跳检测
当前时间为:1593944053414

接收到来自领导节点N0的心跳检测
当前时间为:1593944056413

接收到来自领导节点N0的心跳检测
当前时间为:1593944059413

接收到来自领导节点N0的心跳检测
当前时间为:1593944062417

接收到来自领导节点N0的心跳检测
当前时间为:1593944065419

接收到来自领导节点N0的心跳检测
当前时间为:1593944068421

接收到来自领导节点N0的心跳检测
当前时间为:1593944071424

接收到来自领导节点N0的心跳检测
当前时间为:1593944074426

接收到来自领导节点N0的心跳检测
当前时间为:1593944077439

收到leader的日志msg...
本节点已收到leader日志:12333 已回复，待确认
收到commit,正在写入状态机，共识完毕...
N9 节点共识耗时 4.600531ms
接收到来自领导节点N0的心跳检测
当前时间为:1593944080431

接收到来自领导节点N0的心跳检测
当前时间为:1593944083431

接收到来自领导节点N0的心跳检测
当前时间为:1593944086432

接收到来自领导节点N0的心跳检测
当前时间为:1593944089437

收到leader的日志msg...
本节点已收到leader日志:dfhieuhngiengiuue 已回复，待确认
收到commit,正在写入状态机，共识完毕...
N9 节点共识耗时 1.180707ms
收到leader的日志msg...
收到commit,正在写入状态机，共识完毕...
N9 节点共识耗时 203.415µs
本节点已收到leader日志:jfneijngiengiuehn 已回复，待确认
接收到来自领导节点N0的心跳检测
当前时间为:1593944092434

收到leader的日志msg...
收到commit,正在写入状态机，共识完毕...
N9 节点共识耗时 245.245µs
本节点已收到leader日志:fkejngiengjkebngi 已回复，待确认
收到leader的日志msg...
收到commit,正在写入状态机，共识完毕...
N9 节点共识耗时 3.067536ms
本节点已收到leader日志:hefhbegbejbghebguergbuib 已回复，待确认
接收到来自领导节点N0的心跳检测
当前时间为:1593944095437

收到commit,正在写入状态机，共识完毕...
N9 节点共识耗时 1.935838016s
收到leader的日志msg...
本节点已收到leader日志:fbuyhebguehbgubghrbgubrugbrui 已回复，待确认
接收到来自领导节点N0的心跳检测
当前时间为:1593944098437

