启动节点 N0
监听 :8080
节点开启监听，地址：127.0.0.1:6001
本节点已变更为候选人状态,Term 1
当前得票数：1
Leader 选举开始...
正在广播选票...
获得来自其他节点的投票，当前得票数：2
获得超过网络节点二分之一的得票数，本节点被选举成为了leader
leader N0 加入PBFT委员会
PBFT节点开启监听，地址：127.0.0.1:5000
N0 向其他节点进行广播leader 确认...
N0 handleLog准备完毕...
记账时间到： 1596683807
已将request存入临时消息池
正在向其他节点进行进行PrePrepare广播 ...
PrePrepare广播完成
本节点已接收到N12节点发来的Prepare ... 
本节点已接收到N15节点发来的Prepare ... 
本节点已接收到N4节点发来的Prepare ... 
本节点已收到至少2f个节点(包括本地节点)发来的Prepare信息 ...
正在进行commit广播
commit广播完成
本节点已接收到N11节点发来的Prepare ... 
本节点已接收到N20节点发来的Prepare ... 
本节点已接收到N6节点发来的Prepare ... 
本节点已接收到N23节点发来的Prepare ... 
本节点已接收到N4节点发来的Commit ... 
本节点已接收到N12节点发来的Commit ... 
本节点已接收到N11节点发来的Commit ... 
本节点已接收到N23节点发来的Commit ... 
本节点已收到至少2f + 1 个节点(包括本地节点)发来的Commit信息 ...
本节点已接收到N20节点发来的Commit ... 
收到客户端请求
全网已超过半数节点接收到消息：
raft验证通过，准备同步至follower...本节点已接收到N6节点发来的Commit ... 
本节点已接收到N15节点发来的Commit ... 
记账时间到： 1596683816
已将request存入临时消息池
正在向其他节点进行进行PrePrepare广播 ...
PrePrepare广播完成
本节点已接收到N20节点发来的Prepare ... 
本节点已接收到N15节点发来的Prepare ... 
本节点已接收到N6节点发来的Prepare ... 
本节点已收到至少2f个节点(包括本地节点)发来的Prepare信息 ...
正在进行commit广播
commit广播完成
本节点已接收到N23节点发来的Prepare ... 
本节点已接收到N4节点发来的Prepare ... 
本节点已接收到N12节点发来的Prepare ... 
本节点已接收到N11节点发来的Prepare ... 
本节点已接收到N4节点发来的Commit ... 
本节点已接收到N20节点发来的Commit ... 
本节点已接收到N6节点发来的Commit ... 
本节点已接收到N15节点发来的Commit ... 
本节点已收到至少2f + 1 个节点(包括本地节点)发来的Commit信息 ...
本节点已接收到N11节点发来的Commit ... 
收到客户端请求
本节点已接收到N23节点发来的Commit ... 
本节点已接收到N12节点发来的Commit ... 
全网已超过半数节点接收到消息：
raft验证通过，准备同步至follower...记账时间到： 1596683826
已将request存入临时消息池
正在向其他节点进行进行PrePrepare广播 ...
PrePrepare广播完成
本节点已接收到N15节点发来的Prepare ... 
本节点已接收到N4节点发来的Prepare ... 
本节点已接收到N20节点发来的Prepare ... 
本节点已收到至少2f个节点(包括本地节点)发来的Prepare信息 ...
正在进行commit广播
commit广播完成
本节点已接收到N12节点发来的Prepare ... 
本节点已接收到N11节点发来的Prepare ... 
本节点已接收到N6节点发来的Prepare ... 
本节点已接收到N23节点发来的Prepare ... 
本节点已接收到N11节点发来的Commit ... 
本节点已接收到N23节点发来的Commit ... 
本节点已接收到N12节点发来的Commit ... 
本节点已接收到N6节点发来的Commit ... 
本节点已收到至少2f + 1 个节点(包括本地节点)发来的Commit信息 ...
本节点已接收到N20节点发来的Commit ... 
收到客户端请求
本节点已接收到N4节点发来的Commit ... 
全网已超过半数节点接收到消息：
raft验证通过，准备同步至follower...本节点已接收到N15节点发来的Commit ... 
记账时间到： 1596683836
已将request存入临时消息池
正在向其他节点进行进行PrePrepare广播 ...
PrePrepare广播完成
本节点已接收到N20节点发来的Prepare ... 
本节点已接收到N15节点发来的Prepare ... 
本节点已接收到N4节点发来的Prepare ... 
本节点已收到至少2f个节点(包括本地节点)发来的Prepare信息 ...
正在进行commit广播
commit广播完成
本节点已接收到N23节点发来的Prepare ... 
本节点已接收到N11节点发来的Prepare ... 
本节点已接收到N12节点发来的Prepare ... 
本节点已接收到N6节点发来的Prepare ... 
本节点已接收到N23节点发来的Commit ... 
本节点已接收到N4节点发来的Commit ... 
本节点已接收到N15节点发来的Commit ... 
本节点已接收到N20节点发来的Commit ... 
本节点已收到至少2f + 1 个节点(包括本地节点)发来的Commit信息 ...
本节点已接收到N11节点发来的Commit ... 
收到客户端请求
本节点已接收到N12节点发来的Commit ... 
全网已超过半数节点接收到消息：
raft验证通过，准备同步至follower...本节点已接收到N6节点发来的Commit ... 
记账时间到： 1596683846
已将request存入临时消息池
正在向其他节点进行进行PrePrepare广播 ...
PrePrepare广播完成
本节点已接收到N12节点发来的Prepare ... 
本节点已接收到N11节点发来的Prepare ... 
本节点已接收到N23节点发来的Prepare ... 
本节点已收到至少2f个节点(包括本地节点)发来的Prepare信息 ...
正在进行commit广播
commit广播完成
本节点已接收到N4节点发来的Prepare ... 
本节点已接收到N20节点发来的Prepare ... 
本节点已接收到N6节点发来的Prepare ... 
本节点已接收到N15节点发来的Prepare ... 
本节点已接收到N12节点发来的Commit ... 
本节点已接收到N11节点发来的Commit ... 
本节点已接收到N4节点发来的Commit ... 
本节点已接收到N15节点发来的Commit ... 
本节点已收到至少2f + 1 个节点(包括本地节点)发来的Commit信息 ...
本节点已接收到N20节点发来的Commit ... 
收到客户端请求
本节点已接收到N6节点发来的Commit ... 
全网已超过半数节点接收到消息：
raft验证通过，准备同步至follower...本节点已接收到N23节点发来的Commit ... 
记账时间到： 1596683856
已将request存入临时消息池
正在向其他节点进行进行PrePrepare广播 ...
PrePrepare广播完成
本节点已接收到N23节点发来的Prepare ... 
本节点已接收到N15节点发来的Prepare ... 
本节点已接收到N6节点发来的Prepare ... 
本节点已收到至少2f个节点(包括本地节点)发来的Prepare信息 ...
正在进行commit广播
commit广播完成
本节点已接收到N20节点发来的Prepare ... 
本节点已接收到N12节点发来的Prepare ... 
本节点已接收到N11节点发来的Prepare ... 
本节点已接收到N4节点发来的Prepare ... 
本节点已接收到N6节点发来的Commit ... 
本节点已接收到N20节点发来的Commit ... 
本节点已接收到N11节点发来的Commit ... 
本节点已接收到N12节点发来的Commit ... 
本节点已收到至少2f + 1 个节点(包括本地节点)发来的Commit信息 ...
本节点已接收到N15节点发来的Commit ... 
收到客户端请求
本节点已接收到N23节点发来的Commit ... 
本节点已接收到N4节点发来的Commit ... 
全网已超过半数节点接收到消息：
raft验证通过，准备同步至follower...记账时间到： 1596683866
已将request存入临时消息池
正在向其他节点进行进行PrePrepare广播 ...
PrePrepare广播完成
本节点已接收到N12节点发来的Prepare ... 
本节点已接收到N4节点发来的Prepare ... 
本节点已接收到N20节点发来的Prepare ... 
本节点已收到至少2f个节点(包括本地节点)发来的Prepare信息 ...
正在进行commit广播
commit广播完成
本节点已接收到N6节点发来的Prepare ... 
本节点已接收到N23节点发来的Prepare ... 
本节点已接收到N15节点发来的Prepare ... 
本节点已接收到N11节点发来的Prepare ... 
本节点已接收到N12节点发来的Commit ... 
本节点已接收到N23节点发来的Commit ... 
本节点已接收到N15节点发来的Commit ... 
本节点已接收到N6节点发来的Commit ... 
本节点已收到至少2f + 1 个节点(包括本地节点)发来的Commit信息 ...
本节点已接收到N4节点发来的Commit ... 
收到客户端请求
本节点已接收到N11节点发来的Commit ... 
本节点已接收到N20节点发来的Commit ... 
全网已超过半数节点接收到消息：
raft验证通过，准备同步至follower...记账时间到： 1596683876
已将request存入临时消息池
正在向其他节点进行进行PrePrepare广播 ...
PrePrepare广播完成
本节点已接收到N11节点发来的Prepare ... 
本节点已接收到N20节点发来的Prepare ... 
本节点已接收到N6节点发来的Prepare ... 
本节点已收到至少2f个节点(包括本地节点)发来的Prepare信息 ...
正在进行commit广播
commit广播完成
本节点已接收到N12节点发来的Prepare ... 
本节点已接收到N23节点发来的Prepare ... 
本节点已接收到N15节点发来的Prepare ... 
本节点已接收到N4节点发来的Prepare ... 
本节点已接收到N15节点发来的Commit ... 
本节点已接收到N12节点发来的Commit ... 
本节点已接收到N4节点发来的Commit ... 
本节点已接收到N23节点发来的Commit ... 
本节点已收到至少2f + 1 个节点(包括本地节点)发来的Commit信息 ...
本节点已接收到N6节点发来的Commit ... 
本节点已接收到N11节点发来的Commit ... 
收到客户端请求
本节点已接收到N20节点发来的Commit ... 
全网已超过半数节点接收到消息：
raft验证通过，准备同步至follower...记账时间到： 1596683886
已将request存入临时消息池
正在向其他节点进行进行PrePrepare广播 ...
PrePrepare广播完成
本节点已接收到N4节点发来的Prepare ... 
本节点已接收到N15节点发来的Prepare ... 
本节点已接收到N6节点发来的Prepare ... 
本节点已收到至少2f个节点(包括本地节点)发来的Prepare信息 ...
正在进行commit广播
commit广播完成
本节点已接收到N23节点发来的Prepare ... 
本节点已接收到N12节点发来的Prepare ... 
本节点已接收到N11节点发来的Prepare ... 
本节点已接收到N20节点发来的Prepare ... 
本节点已接收到N15节点发来的Commit ... 
本节点已接收到N4节点发来的Commit ... 
本节点已接收到N23节点发来的Commit ... 
本节点已接收到N12节点发来的Commit ... 
本节点已收到至少2f + 1 个节点(包括本地节点)发来的Commit信息 ...
本节点已接收到N6节点发来的Commit ... 
收到客户端请求
本节点已接收到N11节点发来的Commit ... 
本节点已接收到N20节点发来的Commit ... 
全网已超过半数节点接收到消息：
raft验证通过，准备同步至follower...记账时间到： 1596683896
已将request存入临时消息池
正在向其他节点进行进行PrePrepare广播 ...
PrePrepare广播完成
本节点已接收到N15节点发来的Prepare ... 
本节点已接收到N23节点发来的Prepare ... 
本节点已接收到N6节点发来的Prepare ... 
本节点已收到至少2f个节点(包括本地节点)发来的Prepare信息 ...
正在进行commit广播
commit广播完成
本节点已接收到N11节点发来的Prepare ... 
本节点已接收到N4节点发来的Prepare ... 
本节点已接收到N12节点发来的Prepare ... 
本节点已接收到N20节点发来的Prepare ... 
本节点已接收到N4节点发来的Commit ... 
本节点已接收到N15节点发来的Commit ... 
本节点已接收到N11节点发来的Commit ... 
本节点已接收到N20节点发来的Commit ... 
本节点已收到至少2f + 1 个节点(包括本地节点)发来的Commit信息 ...
本节点已接收到N23节点发来的Commit ... 
收到客户端请求
本节点已接收到N12节点发来的Commit ... 
本节点已接收到N6节点发来的Commit ... 
全网已超过半数节点接收到消息：
raft验证通过，准备同步至follower...记账时间到： 1596683906
已将request存入临时消息池
正在向其他节点进行进行PrePrepare广播 ...
PrePrepare广播完成
本节点已接收到N23节点发来的Prepare ... 
本节点已接收到N6节点发来的Prepare ... 
本节点已接收到N15节点发来的Prepare ... 
本节点已收到至少2f个节点(包括本地节点)发来的Prepare信息 ...
正在进行commit广播
commit广播完成
本节点已接收到N20节点发来的Prepare ... 
本节点已接收到N11节点发来的Prepare ... 
本节点已接收到N4节点发来的Prepare ... 
本节点已接收到N12节点发来的Prepare ... 
本节点已接收到N4节点发来的Commit ... 
本节点已接收到N20节点发来的Commit ... 
本节点已接收到N15节点发来的Commit ... 
本节点已接收到N11节点发来的Commit ... 
本节点已收到至少2f + 1 个节点(包括本地节点)发来的Commit信息 ...
本节点已接收到N6节点发来的Commit ... 
收到客户端请求
全网已超过半数节点接收到消息：
raft验证通过，准备同步至follower...本节点已接收到N12节点发来的Commit ... 
本节点已接收到N23节点发来的Commit ... 
记账时间到： 1596683916
已将request存入临时消息池
正在向其他节点进行进行PrePrepare广播 ...
PrePrepare广播完成
本节点已接收到N11节点发来的Prepare ... 
本节点已接收到N6节点发来的Prepare ... 
本节点已接收到N15节点发来的Prepare ... 
本节点已收到至少2f个节点(包括本地节点)发来的Prepare信息 ...
正在进行commit广播
commit广播完成
本节点已接收到N23节点发来的Prepare ... 
本节点已接收到N20节点发来的Prepare ... 
本节点已接收到N4节点发来的Prepare ... 
本节点已接收到N12节点发来的Prepare ... 
本节点已接收到N23节点发来的Commit ... 
本节点已接收到N20节点发来的Commit ... 
本节点已接收到N12节点发来的Commit ... 
本节点已接收到N6节点发来的Commit ... 
本节点已收到至少2f + 1 个节点(包括本地节点)发来的Commit信息 ...
本节点已接收到N4节点发来的Commit ... 
收到客户端请求
本节点已接收到N15节点发来的Commit ... 
本节点已接收到N11节点发来的Commit ... 
全网已超过半数节点接收到消息：
raft验证通过，准备同步至follower...记账时间到： 1596683926
已将request存入临时消息池
正在向其他节点进行进行PrePrepare广播 ...
PrePrepare广播完成
本节点已接收到N20节点发来的Prepare ... 
本节点已接收到N6节点发来的Prepare ... 
本节点已接收到N12节点发来的Prepare ... 
本节点已收到至少2f个节点(包括本地节点)发来的Prepare信息 ...
正在进行commit广播
commit广播完成
本节点已接收到N11节点发来的Prepare ... 
本节点已接收到N23节点发来的Prepare ... 
本节点已接收到N15节点发来的Prepare ... 
本节点已接收到N4节点发来的Prepare ... 
本节点已接收到N6节点发来的Commit ... 
本节点已接收到N20节点发来的Commit ... 
本节点已接收到N15节点发来的Commit ... 
本节点已接收到N4节点发来的Commit ... 
本节点已收到至少2f + 1 个节点(包括本地节点)发来的Commit信息 ...
本节点已接收到N12节点发来的Commit ... 
收到客户端请求
本节点已接收到N23节点发来的Commit ... 
本节点已接收到N11节点发来的Commit ... 
全网已超过半数节点接收到消息：
raft验证通过，准备同步至follower...记账时间到： 1596683936
已将request存入临时消息池
正在向其他节点进行进行PrePrepare广播 ...
PrePrepare广播完成
本节点已接收到N12节点发来的Prepare ... 
本节点已接收到N11节点发来的Prepare ... 
本节点已接收到N15节点发来的Prepare ... 
本节点已收到至少2f个节点(包括本地节点)发来的Prepare信息 ...
正在进行commit广播
commit广播完成
本节点已接收到N6节点发来的Prepare ... 
本节点已接收到N4节点发来的Prepare ... 
本节点已接收到N23节点发来的Prepare ... 
本节点已接收到N20节点发来的Prepare ... 
本节点已接收到N15节点发来的Commit ... 
本节点已接收到N12节点发来的Commit ... 
本节点已接收到N11节点发来的Commit ... 
本节点已接收到N23节点发来的Commit ... 
本节点已收到至少2f + 1 个节点(包括本地节点)发来的Commit信息 ...
本节点已接收到N4节点发来的Commit ... 
收到客户端请求
全网已超过半数节点接收到消息：
raft验证通过，准备同步至follower...本节点已接收到N6节点发来的Commit ... 
本节点已接收到N20节点发来的Commit ... 
记账时间到： 1596683946
已将request存入临时消息池
正在向其他节点进行进行PrePrepare广播 ...
PrePrepare广播完成
本节点已接收到N23节点发来的Prepare ... 
本节点已接收到N4节点发来的Prepare ... 
本节点已接收到N20节点发来的Prepare ... 
本节点已收到至少2f个节点(包括本地节点)发来的Prepare信息 ...
正在进行commit广播
commit广播完成
本节点已接收到N11节点发来的Prepare ... 
本节点已接收到N15节点发来的Prepare ... 
本节点已接收到N6节点发来的Prepare ... 
本节点已接收到N12节点发来的Prepare ... 
本节点已接收到N6节点发来的Commit ... 
本节点已接收到N23节点发来的Commit ... 
本节点已接收到N20节点发来的Commit ... 
本节点已接收到N12节点发来的Commit ... 
本节点已收到至少2f + 1 个节点(包括本地节点)发来的Commit信息 ...
本节点已接收到N11节点发来的Commit ... 
收到客户端请求
本节点已接收到N4节点发来的Commit ... 
本节点已接收到N15节点发来的Commit ... 
全网已超过半数节点接收到消息：
raft验证通过，准备同步至follower...记账时间到： 1596683956
已将request存入临时消息池
正在向其他节点进行进行PrePrepare广播 ...
PrePrepare广播完成
本节点已接收到N15节点发来的Prepare ... 
本节点已接收到N20节点发来的Prepare ... 
本节点已接收到N4节点发来的Prepare ... 
本节点已收到至少2f个节点(包括本地节点)发来的Prepare信息 ...
正在进行commit广播
commit广播完成
本节点已接收到N23节点发来的Prepare ... 
本节点已接收到N11节点发来的Prepare ... 
本节点已接收到N12节点发来的Prepare ... 
本节点已接收到N15节点发来的Commit ... 
本节点已接收到N6节点发来的Prepare ... 
本节点已接收到N12节点发来的Commit ... 
本节点已接收到N20节点发来的Commit ... 
本节点已接收到N4节点发来的Commit ... 
本节点已收到至少2f + 1 个节点(包括本地节点)发来的Commit信息 ...
本节点已接收到N23节点发来的Commit ... 
收到客户端请求
全网已超过半数节点接收到消息：
raft验证通过，准备同步至follower...本节点已接收到N6节点发来的Commit ... 
本节点已接收到N11节点发来的Commit ... 
记账时间到： 1596683966
已将request存入临时消息池
正在向其他节点进行进行PrePrepare广播 ...
PrePrepare广播完成
本节点已接收到N11节点发来的Prepare ... 
本节点已接收到N4节点发来的Prepare ... 
本节点已接收到N15节点发来的Prepare ... 
本节点已收到至少2f个节点(包括本地节点)发来的Prepare信息 ...
正在进行commit广播
commit广播完成
本节点已接收到N20节点发来的Prepare ... 
本节点已接收到N23节点发来的Prepare ... 
本节点已接收到N12节点发来的Prepare ... 
本节点已接收到N6节点发来的Prepare ... 
本节点已接收到N11节点发来的Commit ... 
本节点已接收到N20节点发来的Commit ... 
本节点已接收到N15节点发来的Commit ... 
本节点已接收到N4节点发来的Commit ... 
本节点已收到至少2f + 1 个节点(包括本地节点)发来的Commit信息 ...
本节点已接收到N23节点发来的Commit ... 
本节点已接收到N6节点发来的Commit ... 
收到客户端请求
本节点已接收到N12节点发来的Commit ... 
全网已超过半数节点接收到消息：
raft验证通过，准备同步至follower...记账时间到： 1596683976
已将request存入临时消息池
正在向其他节点进行进行PrePrepare广播 ...
PrePrepare广播完成
本节点已接收到N6节点发来的Prepare ... 
本节点已接收到N20节点发来的Prepare ... 
本节点已接收到N11节点发来的Prepare ... 
本节点已收到至少2f个节点(包括本地节点)发来的Prepare信息 ...
正在进行commit广播
commit广播完成
本节点已接收到N12节点发来的Prepare ... 
本节点已接收到N15节点发来的Prepare ... 
本节点已接收到N4节点发来的Prepare ... 
本节点已接收到N23节点发来的Prepare ... 
本节点已接收到N15节点发来的Commit ... 
本节点已接收到N6节点发来的Commit ... 
本节点已接收到N11节点发来的Commit ... 
本节点已接收到N12节点发来的Commit ... 
本节点已收到至少2f + 1 个节点(包括本地节点)发来的Commit信息 ...
本节点已接收到N23节点发来的Commit ... 
收到客户端请求
本节点已接收到N4节点发来的Commit ... 
全网已超过半数节点接收到消息：
raft验证通过，准备同步至follower...本节点已接收到N20节点发来的Commit ... 
记账时间到： 1596683986
已将request存入临时消息池
正在向其他节点进行进行PrePrepare广播 ...
PrePrepare广播完成
本节点已接收到N15节点发来的Prepare ... 
本节点已接收到N6节点发来的Prepare ... 
本节点已接收到N11节点发来的Prepare ... 
本节点已收到至少2f个节点(包括本地节点)发来的Prepare信息 ...
正在进行commit广播
commit广播完成
本节点已接收到N20节点发来的Prepare ... 
本节点已接收到N23节点发来的Prepare ... 
本节点已接收到N4节点发来的Prepare ... 
本节点已接收到N12节点发来的Prepare ... 
本节点已接收到N15节点发来的Commit ... 
本节点已接收到N11节点发来的Commit ... 
本节点已接收到N6节点发来的Commit ... 
本节点已接收到N20节点发来的Commit ... 
本节点已收到至少2f + 1 个节点(包括本地节点)发来的Commit信息 ...
收到客户端请求
全网已超过半数节点接收到消息：
raft验证通过，准备同步至follower...本节点已接收到N23节点发来的Commit ... 
本节点已接收到N4节点发来的Commit ... 
本节点已接收到N12节点发来的Commit ... 
记账时间到： 1596683996
已将request存入临时消息池
正在向其他节点进行进行PrePrepare广播 ...
PrePrepare广播完成
本节点已接收到N4节点发来的Prepare ... 
本节点已接收到N20节点发来的Prepare ... 
本节点已接收到N11节点发来的Prepare ... 
本节点已收到至少2f个节点(包括本地节点)发来的Prepare信息 ...
正在进行commit广播
commit广播完成
本节点已接收到N6节点发来的Prepare ... 
本节点已接收到N12节点发来的Prepare ... 
本节点已接收到N15节点发来的Prepare ... 
本节点已接收到N4节点发来的Commit ... 
本节点已接收到N23节点发来的Prepare ... 
本节点已接收到N11节点发来的Commit ... 
本节点已接收到N20节点发来的Commit ... 
本节点已接收到N6节点发来的Commit ... 
本节点已收到至少2f + 1 个节点(包括本地节点)发来的Commit信息 ...
本节点已接收到N15节点发来的Commit ... 
收到客户端请求
本节点已接收到N12节点发来的Commit ... 
全网已超过半数节点接收到消息：
raft验证通过，准备同步至follower...本节点已接收到N23节点发来的Commit ... 
记账时间到： 1596684006
已将request存入临时消息池
正在向其他节点进行进行PrePrepare广播 ...
PrePrepare广播完成
本节点已接收到N15节点发来的Prepare ... 
本节点已接收到N23节点发来的Prepare ... 
本节点已接收到N4节点发来的Prepare ... 
本节点已收到至少2f个节点(包括本地节点)发来的Prepare信息 ...
正在进行commit广播
commit广播完成
本节点已接收到N11节点发来的Prepare ... 
本节点已接收到N12节点发来的Prepare ... 
本节点已接收到N20节点发来的Prepare ... 
本节点已接收到N6节点发来的Prepare ... 
本节点已接收到N12节点发来的Commit ... 
本节点已接收到N4节点发来的Commit ... 
本节点已接收到N20节点发来的Commit ... 
本节点已接收到N11节点发来的Commit ... 
本节点已收到至少2f + 1 个节点(包括本地节点)发来的Commit信息 ...
本节点已接收到N6节点发来的Commit ... 
收到客户端请求
本节点已接收到N23节点发来的Commit ... 
本节点已接收到N15节点发来的Commit ... 
全网已超过半数节点接收到消息：
raft验证通过，准备同步至follower...记账时间到： 1596684016
已将request存入临时消息池
正在向其他节点进行进行PrePrepare广播 ...
PrePrepare广播完成
记账时间到： 1596684026
已将request存入临时消息池
正在向其他节点进行进行PrePrepare广播 ...
PrePrepare广播完成
记账时间到： 1596684026
已将request存入临时消息池
正在向其他节点进行进行PrePrepare广播 ...
PrePrepare广播完成

