启动节点 N10
监听 :8090
节点开启监听，地址：127.0.0.1:9002
投票成功，已投N11节点
已发现网络中的领导节点， N11 成为了领导者！
接收到来自领导节点N11的心跳检测
当前时间为:1596683748536

接收到来自领导节点N11的心跳检测
当前时间为:1596683751537

接收到来自领导节点N11的心跳检测
当前时间为:1596683754538

接收到来自领导节点N11的心跳检测
当前时间为:1596683757539

接收到来自领导节点N11的心跳检测
当前时间为:1596683760540

接收到来自领导节点N11的心跳检测
当前时间为:1596683763540

接收到来自领导节点N11的心跳检测
当前时间为:1596683766542

接收到来自领导节点N11的心跳检测
当前时间为:1596683769543

接收到来自领导节点N11的心跳检测
当前时间为:1596683772542

接收到来自领导节点N11的心跳检测
当前时间为:1596683775545

接收到来自领导节点N11的心跳检测
当前时间为:1596683778545

接收到来自领导节点N11的心跳检测
当前时间为:1596683781545

接收到来自领导节点N11的心跳检测
当前时间为:1596683784546

接收到来自领导节点N11的心跳检测
当前时间为:1596683787546

接收到来自领导节点N11的心跳检测
当前时间为:1596683790549

接收到来自领导节点N11的心跳检测
当前时间为:1596683793549

接收到来自领导节点N11的心跳检测
当前时间为:1596683796549

接收到来自领导节点N11的心跳检测
当前时间为:1596683799550

接收到来自领导节点N11的心跳检测
当前时间为:1596683802551

接收到来自领导节点N11的心跳检测
当前时间为:1596683805551

本节点已收到leader日志已回复，待确认
收到commit,正在写入状态机，共识完毕...
接收到来自领导节点N11的心跳检测
当前时间为:1596683808552

接收到来自领导节点N11的心跳检测
当前时间为:1596683811552

接收到来自领导节点N11的心跳检测
当前时间为:1596683814556

收到commit,正在写入状态机，共识完毕...
本节点已收到leader日志已回复，待确认
接收到来自领导节点N11的心跳检测
当前时间为:1596683817553

接收到来自领导节点N11的心跳检测
当前时间为:1596683820553

接收到来自领导节点N11的心跳检测
当前时间为:1596683823554

接收到来自领导节点N11的心跳检测
当前时间为:1596683826555

本节点已收到leader日志已回复，待确认
收到commit,正在写入状态机，共识完毕...
接收到来自领导节点N11的心跳检测
当前时间为:1596683829555

接收到来自领导节点N11的心跳检测
当前时间为:1596683832555

接收到来自领导节点N11的心跳检测
当前时间为:1596683835556

本节点已收到leader日志已回复，待确认
收到commit,正在写入状态机，共识完毕...
接收到来自领导节点N11的心跳检测
当前时间为:1596683838556

接收到来自领导节点N11的心跳检测
当前时间为:1596683841556

接收到来自领导节点N11的心跳检测
当前时间为:1596683844557

收到commit,正在写入状态机，共识完毕...
本节点已收到leader日志已回复，待确认
接收到来自领导节点N11的心跳检测
当前时间为:1596683847557

接收到来自领导节点N11的心跳检测
当前时间为:1596683850557

接收到来自领导节点N11的心跳检测
当前时间为:1596683853557

接收到来自领导节点N11的心跳检测
当前时间为:1596683856559

收到commit,正在写入状态机，共识完毕...
本节点已收到leader日志已回复，待确认
接收到来自领导节点N11的心跳检测
当前时间为:1596683859561

接收到来自领导节点N11的心跳检测
当前时间为:1596683862560

接收到来自领导节点N11的心跳检测
当前时间为:1596683865561

本节点已收到leader日志已回复，待确认
收到commit,正在写入状态机，共识完毕...
接收到来自领导节点N11的心跳检测
当前时间为:1596683868562

接收到来自领导节点N11的心跳检测
当前时间为:1596683871561

接收到来自领导节点N11的心跳检测
当前时间为:1596683874562

本节点已收到leader日志已回复，待确认
收到commit,正在写入状态机，共识完毕...
接收到来自领导节点N11的心跳检测
当前时间为:1596683877562

接收到来自领导节点N11的心跳检测
当前时间为:1596683880562

接收到来自领导节点N11的心跳检测
当前时间为:1596683883563

接收到来自领导节点N11的心跳检测
当前时间为:1596683886563

本节点已收到leader日志已回复，待确认
收到commit,正在写入状态机，共识完毕...
接收到来自领导节点N11的心跳检测
当前时间为:1596683889563

接收到来自领导节点N11的心跳检测
当前时间为:1596683892566

接收到来自领导节点N11的心跳检测
当前时间为:1596683895564

本节点已收到leader日志已回复，待确认
收到commit,正在写入状态机，共识完毕...
接收到来自领导节点N11的心跳检测
当前时间为:1596683898564

接收到来自领导节点N11的心跳检测
当前时间为:1596683901564

接收到来自领导节点N11的心跳检测
当前时间为:1596683904565

本节点已收到leader日志已回复，待确认
收到commit,正在写入状态机，共识完毕...
接收到来自领导节点N11的心跳检测
当前时间为:1596683907566

接收到来自领导节点N11的心跳检测
当前时间为:1596683910566

接收到来自领导节点N11的心跳检测
当前时间为:1596683913567

接收到来自领导节点N11的心跳检测
当前时间为:1596683916567

本节点已收到leader日志已回复，待确认
收到commit,正在写入状态机，共识完毕...
接收到来自领导节点N11的心跳检测
当前时间为:1596683919567

接收到来自领导节点N11的心跳检测
当前时间为:1596683922568

接收到来自领导节点N11的心跳检测
当前时间为:1596683925568

收到commit,正在写入状态机，共识完毕...
本节点已收到leader日志已回复，待确认
接收到来自领导节点N11的心跳检测
当前时间为:1596683928568

接收到来自领导节点N11的心跳检测
当前时间为:1596683931569

接收到来自领导节点N11的心跳检测
当前时间为:1596683934570

本节点已收到leader日志已回复，待确认
收到commit,正在写入状态机，共识完毕...
接收到来自领导节点N11的心跳检测
当前时间为:1596683937570

接收到来自领导节点N11的心跳检测
当前时间为:1596683940570

接收到来自领导节点N11的心跳检测
当前时间为:1596683943570

接收到来自领导节点N11的心跳检测
当前时间为:1596683946570

收到commit,正在写入状态机，共识完毕...
本节点已收到leader日志已回复，待确认
接收到来自领导节点N11的心跳检测
当前时间为:1596683949571

接收到来自领导节点N11的心跳检测
当前时间为:1596683952571

接收到来自领导节点N11的心跳检测
当前时间为:1596683955571

接收到来自领导节点N11的心跳检测
当前时间为:1596683958572

接收到来自领导节点N11的心跳检测
当前时间为:1596683961574

本节点已收到leader日志已回复，待确认
收到commit,正在写入状态机，共识完毕...
接收到来自领导节点N11的心跳检测
当前时间为:1596683964573

收到commit,正在写入状态机，共识完毕...
本节点已收到leader日志已回复，待确认
接收到来自领导节点N11的心跳检测
当前时间为:1596683967573

接收到来自领导节点N11的心跳检测
当前时间为:1596683970573

接收到来自领导节点N11的心跳检测
当前时间为:1596683973574

接收到来自领导节点N11的心跳检测
当前时间为:1596683976575

收到commit,正在写入状态机，共识完毕...
本节点已收到leader日志已回复，待确认
接收到来自领导节点N11的心跳检测
当前时间为:1596683979575

接收到来自领导节点N11的心跳检测
当前时间为:1596683982575

接收到来自领导节点N11的心跳检测
当前时间为:1596683985577

接收到来自领导节点N11的心跳检测
当前时间为:1596683988577

接收到来自领导节点N11的心跳检测
当前时间为:1596683991578

接收到来自领导节点N11的心跳检测
当前时间为:1596683994581

收到commit,正在写入状态机，共识完毕...
本节点已收到leader日志已回复，待确认
收到commit,正在写入状态机，共识完毕...
本节点已收到leader日志已回复，待确认
接收到来自领导节点N11的心跳检测
当前时间为:1596683997580

接收到来自领导节点N11的心跳检测
当前时间为:1596684000581

接收到来自领导节点N11的心跳检测
当前时间为:1596684003581

接收到来自领导节点N11的心跳检测
当前时间为:1596684006581

本节点已收到leader日志已回复，待确认
收到commit,正在写入状态机，共识完毕...
接收到来自领导节点N11的心跳检测
当前时间为:1596684009582

接收到来自领导节点N11的心跳检测
当前时间为:1596684012583

接收到来自领导节点N11的心跳检测
当前时间为:1596684015584

接收到来自领导节点N11的心跳检测
当前时间为:1596684018585

接收到来自领导节点N11的心跳检测
当前时间为:1596684021585

接收到来自领导节点N11的心跳检测
当前时间为:1596684024586

接收到来自领导节点N11的心跳检测
当前时间为:1596684027586

接收到来自领导节点N11的心跳检测
当前时间为:1596684030588

接收到来自领导节点N11的心跳检测
当前时间为:1596684033588

接收到来自领导节点N11的心跳检测
当前时间为:1596684036588

接收到来自领导节点N11的心跳检测
当前时间为:1596684039589

接收到来自领导节点N11的心跳检测
当前时间为:1596684042591

本节点已收到leader日志已回复，待确认
收到commit,正在写入状态机，共识完毕...
接收到来自领导节点N11的心跳检测
当前时间为:1596684045591

接收到来自领导节点N11的心跳检测
当前时间为:1596684048591

接收到来自领导节点N11的心跳检测
当前时间为:1596684051591

接收到来自领导节点N11的心跳检测
当前时间为:1596684054592

接收到来自领导节点N11的心跳检测
当前时间为:1596684057593

接收到来自领导节点N11的心跳检测
当前时间为:1596684060594

接收到来自领导节点N11的心跳检测
当前时间为:1596684063594

接收到来自领导节点N11的心跳检测
当前时间为:1596684066594

接收到来自领导节点N11的心跳检测
当前时间为:1596684069599

接收到来自领导节点N11的心跳检测
当前时间为:1596684072596

接收到来自领导节点N11的心跳检测
当前时间为:1596684075596

接收到来自领导节点N11的心跳检测
当前时间为:1596684078597

接收到来自领导节点N11的心跳检测
当前时间为:1596684081597

接收到来自领导节点N11的心跳检测
当前时间为:1596684084597

接收到来自领导节点N11的心跳检测
当前时间为:1596684087598

接收到来自领导节点N11的心跳检测
当前时间为:1596684090598

接收到来自领导节点N11的心跳检测
当前时间为:1596684093599

接收到来自领导节点N11的心跳检测
当前时间为:1596684096599

接收到来自领导节点N11的心跳检测
当前时间为:1596684099599

接收到来自领导节点N11的心跳检测
当前时间为:1596684102600

接收到来自领导节点N11的心跳检测
当前时间为:1596684105600

接收到来自领导节点N11的心跳检测
当前时间为:1596684108601

接收到来自领导节点N11的心跳检测
当前时间为:1596684111602

接收到来自领导节点N11的心跳检测
当前时间为:1596684114603

接收到来自领导节点N11的心跳检测
当前时间为:1596684117603

接收到来自领导节点N11的心跳检测
当前时间为:1596684120604

接收到来自领导节点N11的心跳检测
当前时间为:1596684123604

接收到来自领导节点N11的心跳检测
当前时间为:1596684126605

接收到来自领导节点N11的心跳检测
当前时间为:1596684129605

接收到来自领导节点N11的心跳检测
当前时间为:1596684132606

接收到来自领导节点N11的心跳检测
当前时间为:1596684135606

接收到来自领导节点N11的心跳检测
当前时间为:1596684138607

接收到来自领导节点N11的心跳检测
当前时间为:1596684141610

接收到来自领导节点N11的心跳检测
当前时间为:1596684144609

接收到来自领导节点N11的心跳检测
当前时间为:1596684147610

接收到来自领导节点N11的心跳检测
当前时间为:1596684150611

接收到来自领导节点N11的心跳检测
当前时间为:1596684153611

接收到来自领导节点N11的心跳检测
当前时间为:1596684156611

接收到来自领导节点N11的心跳检测
当前时间为:1596684159612

接收到来自领导节点N11的心跳检测
当前时间为:1596684162613

接收到来自领导节点N11的心跳检测
当前时间为:1596684165614

接收到来自领导节点N11的心跳检测
当前时间为:1596684168615

接收到来自领导节点N11的心跳检测
当前时间为:1596684171616

接收到来自领导节点N11的心跳检测
当前时间为:1596684174616

接收到来自领导节点N11的心跳检测
当前时间为:1596684177617

接收到来自领导节点N11的心跳检测
当前时间为:1596684180618

接收到来自领导节点N11的心跳检测
当前时间为:1596684183620

接收到来自领导节点N11的心跳检测
当前时间为:1596684186620

接收到来自领导节点N11的心跳检测
当前时间为:1596684189622

接收到来自领导节点N11的心跳检测
当前时间为:1596684192623

接收到来自领导节点N11的心跳检测
当前时间为:1596684195624

接收到来自领导节点N11的心跳检测
当前时间为:1596684198625

接收到来自领导节点N11的心跳检测
当前时间为:1596684201626

接收到来自领导节点N11的心跳检测
当前时间为:1596684204626

接收到来自领导节点N11的心跳检测
当前时间为:1596684207627

接收到来自领导节点N11的心跳检测
当前时间为:1596684210627

接收到来自领导节点N11的心跳检测
当前时间为:1596684213628

接收到来自领导节点N11的心跳检测
当前时间为:1596684216629

接收到来自领导节点N11的心跳检测
当前时间为:1596684219629

接收到来自领导节点N11的心跳检测
当前时间为:1596684222631

接收到来自领导节点N11的心跳检测
当前时间为:1596684225632

接收到来自领导节点N11的心跳检测
当前时间为:1596684228633

接收到来自领导节点N11的心跳检测
当前时间为:1596684231634

接收到来自领导节点N11的心跳检测
当前时间为:1596684234634

接收到来自领导节点N11的心跳检测
当前时间为:1596684237634

接收到来自领导节点N11的心跳检测
当前时间为:1596684240634

接收到来自领导节点N11的心跳检测
当前时间为:1596684243636

接收到来自领导节点N11的心跳检测
当前时间为:1596684246637

接收到来自领导节点N11的心跳检测
当前时间为:1596684249637

接收到来自领导节点N11的心跳检测
当前时间为:1596684252639

接收到来自领导节点N11的心跳检测
当前时间为:1596684255639

接收到来自领导节点N11的心跳检测
当前时间为:1596684258640

接收到来自领导节点N11的心跳检测
当前时间为:1596684261641

接收到来自领导节点N11的心跳检测
当前时间为:1596684264642

接收到来自领导节点N11的心跳检测
当前时间为:1596684267643

接收到来自领导节点N11的心跳检测
当前时间为:1596684270645

接收到来自领导节点N11的心跳检测
当前时间为:1596684273644

接收到来自领导节点N11的心跳检测
当前时间为:1596684276645

接收到来自领导节点N11的心跳检测
当前时间为:1596684279646

接收到来自领导节点N11的心跳检测
当前时间为:1596684282647

接收到来自领导节点N11的心跳检测
当前时间为:1596684285648

接收到来自领导节点N11的心跳检测
当前时间为:1596684288648

接收到来自领导节点N11的心跳检测
当前时间为:1596684291653

接收到来自领导节点N11的心跳检测
当前时间为:1596684294651

接收到来自领导节点N11的心跳检测
当前时间为:1596684297652

接收到来自领导节点N11的心跳检测
当前时间为:1596684300652

接收到来自领导节点N11的心跳检测
当前时间为:1596684303653

接收到来自领导节点N11的心跳检测
当前时间为:1596684306655

接收到来自领导节点N11的心跳检测
当前时间为:1596684309656

接收到来自领导节点N11的心跳检测
当前时间为:1596684312656

接收到来自领导节点N11的心跳检测
当前时间为:1596684315657

接收到来自领导节点N11的心跳检测
当前时间为:1596684318657

接收到来自领导节点N11的心跳检测
当前时间为:1596684321658

接收到来自领导节点N11的心跳检测
当前时间为:1596684324658

接收到来自领导节点N11的心跳检测
当前时间为:1596684327658

接收到来自领导节点N11的心跳检测
当前时间为:1596684330660

接收到来自领导节点N11的心跳检测
当前时间为:1596684333660

接收到来自领导节点N11的心跳检测
当前时间为:1596684336661

接收到来自领导节点N11的心跳检测
当前时间为:1596684339662

接收到来自领导节点N11的心跳检测
当前时间为:1596684342662

接收到来自领导节点N11的心跳检测
当前时间为:1596684345662

接收到来自领导节点N11的心跳检测
当前时间为:1596684348662

接收到来自领导节点N11的心跳检测
当前时间为:1596684351663

接收到来自领导节点N11的心跳检测
当前时间为:1596684354664

接收到来自领导节点N11的心跳检测
当前时间为:1596684357666

接收到来自领导节点N11的心跳检测
当前时间为:1596684360666

接收到来自领导节点N11的心跳检测
当前时间为:1596684363668

接收到来自领导节点N11的心跳检测
当前时间为:1596684366668

接收到来自领导节点N11的心跳检测
当前时间为:1596684369668

接收到来自领导节点N11的心跳检测
当前时间为:1596684372669

接收到来自领导节点N11的心跳检测
当前时间为:1596684375669

接收到来自领导节点N11的心跳检测
当前时间为:1596684378670

接收到来自领导节点N11的心跳检测
当前时间为:1596684381670

接收到来自领导节点N11的心跳检测
当前时间为:1596684384671

接收到来自领导节点N11的心跳检测
当前时间为:1596684387672

接收到来自领导节点N11的心跳检测
当前时间为:1596684390674

接收到来自领导节点N11的心跳检测
当前时间为:1596684393673

接收到来自领导节点N11的心跳检测
当前时间为:1596684396674

接收到来自领导节点N11的心跳检测
当前时间为:1596684399675

接收到来自领导节点N11的心跳检测
当前时间为:1596684402676

接收到来自领导节点N11的心跳检测
当前时间为:1596684405676

接收到来自领导节点N11的心跳检测
当前时间为:1596684408677

接收到来自领导节点N11的心跳检测
当前时间为:1596684411677

接收到来自领导节点N11的心跳检测
当前时间为:1596684414678

接收到来自领导节点N11的心跳检测
当前时间为:1596684417679

接收到来自领导节点N11的心跳检测
当前时间为:1596684420680

接收到来自领导节点N11的心跳检测
当前时间为:1596684423680

接收到来自领导节点N11的心跳检测
当前时间为:1596684426680

接收到来自领导节点N11的心跳检测
当前时间为:1596684429681

接收到来自领导节点N11的心跳检测
当前时间为:1596684432681

接收到来自领导节点N11的心跳检测
当前时间为:1596684435683

接收到来自领导节点N11的心跳检测
当前时间为:1596684438683

接收到来自领导节点N11的心跳检测
当前时间为:1596684441684

接收到来自领导节点N11的心跳检测
当前时间为:1596684444685

接收到来自领导节点N11的心跳检测
当前时间为:1596684447687

接收到来自领导节点N11的心跳检测
当前时间为:1596684450687

接收到来自领导节点N11的心跳检测
当前时间为:1596684453687

接收到来自领导节点N11的心跳检测
当前时间为:1596684456689

接收到来自领导节点N11的心跳检测
当前时间为:1596684459689

接收到来自领导节点N11的心跳检测
当前时间为:1596684462690

接收到来自领导节点N11的心跳检测
当前时间为:1596684465691

接收到来自领导节点N11的心跳检测
当前时间为:1596684468692

接收到来自领导节点N11的心跳检测
当前时间为:1596684471692

接收到来自领导节点N11的心跳检测
当前时间为:1596684474693

接收到来自领导节点N11的心跳检测
当前时间为:1596684477694

接收到来自领导节点N11的心跳检测
当前时间为:1596684480694

接收到来自领导节点N11的心跳检测
当前时间为:1596684483695

接收到来自领导节点N11的心跳检测
当前时间为:1596684486695

接收到来自领导节点N11的心跳检测
当前时间为:1596684489696

接收到来自领导节点N11的心跳检测
当前时间为:1596684492697

