启动节点 N14
监听 :8094
节点开启监听，地址：127.0.0.1:9103
投票成功，已投N12节点
接收到来自领导节点N12的心跳检测
当前时间为:1596683748492

已发现网络中的领导节点， N12 成为了领导者！
接收到来自领导节点N12的心跳检测
当前时间为:1596683751492

接收到来自领导节点N12的心跳检测
当前时间为:1596683754493

接收到来自领导节点N12的心跳检测
当前时间为:1596683757494

接收到来自领导节点N12的心跳检测
当前时间为:1596683760494

接收到来自领导节点N12的心跳检测
当前时间为:1596683763496

接收到来自领导节点N12的心跳检测
当前时间为:1596683766496

接收到来自领导节点N12的心跳检测
当前时间为:1596683769497

接收到来自领导节点N12的心跳检测
当前时间为:1596683772497

接收到来自领导节点N12的心跳检测
当前时间为:1596683775498

接收到来自领导节点N12的心跳检测
当前时间为:1596683778498

接收到来自领导节点N12的心跳检测
当前时间为:1596683781499

接收到来自领导节点N12的心跳检测
当前时间为:1596683784501

接收到来自领导节点N12的心跳检测
当前时间为:1596683787501

接收到来自领导节点N12的心跳检测
当前时间为:1596683790502

接收到来自领导节点N12的心跳检测
当前时间为:1596683793503

接收到来自领导节点N12的心跳检测
当前时间为:1596683796503

接收到来自领导节点N12的心跳检测
当前时间为:1596683799505

接收到来自领导节点N12的心跳检测
当前时间为:1596683802505

接收到来自领导节点N12的心跳检测
当前时间为:1596683805506

本节点已收到leader日志已回复，待确认
收到commit,正在写入状态机，共识完毕...
接收到来自领导节点N12的心跳检测
当前时间为:1596683808507

接收到来自领导节点N12的心跳检测
当前时间为:1596683811506

接收到来自领导节点N12的心跳检测
当前时间为:1596683814508

收到commit,正在写入状态机，共识完毕...
本节点已收到leader日志已回复，待确认
接收到来自领导节点N12的心跳检测
当前时间为:1596683817508

接收到来自领导节点N12的心跳检测
当前时间为:1596683820507

接收到来自领导节点N12的心跳检测
当前时间为:1596683823509

接收到来自领导节点N12的心跳检测
当前时间为:1596683826509

本节点已收到leader日志已回复，待确认
收到commit,正在写入状态机，共识完毕...
接收到来自领导节点N12的心跳检测
当前时间为:1596683829509

接收到来自领导节点N12的心跳检测
当前时间为:1596683832509

接收到来自领导节点N12的心跳检测
当前时间为:1596683835510

收到commit,正在写入状态机，共识完毕...
本节点已收到leader日志已回复，待确认
接收到来自领导节点N12的心跳检测
当前时间为:1596683838511

接收到来自领导节点N12的心跳检测
当前时间为:1596683841511

接收到来自领导节点N12的心跳检测
当前时间为:1596683844512

收到commit,正在写入状态机，共识完毕...
本节点已收到leader日志已回复，待确认
接收到来自领导节点N12的心跳检测
当前时间为:1596683847512

接收到来自领导节点N12的心跳检测
当前时间为:1596683850513

接收到来自领导节点N12的心跳检测
当前时间为:1596683853513

接收到来自领导节点N12的心跳检测
当前时间为:1596683856513

收到commit,正在写入状态机，共识完毕...
本节点已收到leader日志已回复，待确认
接收到来自领导节点N12的心跳检测
当前时间为:1596683859513

接收到来自领导节点N12的心跳检测
当前时间为:1596683862513

接收到来自领导节点N12的心跳检测
当前时间为:1596683865514

本节点已收到leader日志已回复，待确认
收到commit,正在写入状态机，共识完毕...
接收到来自领导节点N12的心跳检测
当前时间为:1596683868514

接收到来自领导节点N12的心跳检测
当前时间为:1596683871514

接收到来自领导节点N12的心跳检测
当前时间为:1596683874514

本节点已收到leader日志已回复，待确认
收到commit,正在写入状态机，共识完毕...
接收到来自领导节点N12的心跳检测
当前时间为:1596683877516

接收到来自领导节点N12的心跳检测
当前时间为:1596683880515

接收到来自领导节点N12的心跳检测
当前时间为:1596683883515

接收到来自领导节点N12的心跳检测
当前时间为:1596683886516

本节点已收到leader日志已回复，待确认
收到commit,正在写入状态机，共识完毕...
接收到来自领导节点N12的心跳检测
当前时间为:1596683889515

接收到来自领导节点N12的心跳检测
当前时间为:1596683892516

接收到来自领导节点N12的心跳检测
当前时间为:1596683895516

收到commit,正在写入状态机，共识完毕...
本节点已收到leader日志已回复，待确认
接收到来自领导节点N12的心跳检测
当前时间为:1596683898516

接收到来自领导节点N12的心跳检测
当前时间为:1596683901517

接收到来自领导节点N12的心跳检测
当前时间为:1596683904517

收到commit,正在写入状态机，共识完毕...
本节点已收到leader日志已回复，待确认
接收到来自领导节点N12的心跳检测
当前时间为:1596683907517

接收到来自领导节点N12的心跳检测
当前时间为:1596683910517

接收到来自领导节点N12的心跳检测
当前时间为:1596683913518

接收到来自领导节点N12的心跳检测
当前时间为:1596683916519

收到commit,正在写入状态机，共识完毕...
本节点已收到leader日志已回复，待确认
接收到来自领导节点N12的心跳检测
当前时间为:1596683919518

接收到来自领导节点N12的心跳检测
当前时间为:1596683922519

接收到来自领导节点N12的心跳检测
当前时间为:1596683925519

本节点已收到leader日志已回复，待确认
收到commit,正在写入状态机，共识完毕...
接收到来自领导节点N12的心跳检测
当前时间为:1596683928519

接收到来自领导节点N12的心跳检测
当前时间为:1596683931520

接收到来自领导节点N12的心跳检测
当前时间为:1596683934523

收到commit,正在写入状态机，共识完毕...
本节点已收到leader日志已回复，待确认
接收到来自领导节点N12的心跳检测
当前时间为:1596683937523

接收到来自领导节点N12的心跳检测
当前时间为:1596683940523

接收到来自领导节点N12的心跳检测
当前时间为:1596683943524

接收到来自领导节点N12的心跳检测
当前时间为:1596683946525

本节点已收到leader日志已回复，待确认
收到commit,正在写入状态机，共识完毕...
接收到来自领导节点N12的心跳检测
当前时间为:1596683949525

接收到来自领导节点N12的心跳检测
当前时间为:1596683952525

接收到来自领导节点N12的心跳检测
当前时间为:1596683955525

接收到来自领导节点N12的心跳检测
当前时间为:1596683958527

接收到来自领导节点N12的心跳检测
当前时间为:1596683961527

收到commit,正在写入状态机，共识完毕...
本节点已收到leader日志已回复，待确认
接收到来自领导节点N12的心跳检测
当前时间为:1596683964527

本节点已收到leader日志已回复，待确认
收到commit,正在写入状态机，共识完毕...
接收到来自领导节点N12的心跳检测
当前时间为:1596683967528

接收到来自领导节点N12的心跳检测
当前时间为:1596683970528

接收到来自领导节点N12的心跳检测
当前时间为:1596683973528

接收到来自领导节点N12的心跳检测
当前时间为:1596683976529

收到commit,正在写入状态机，共识完毕...
本节点已收到leader日志已回复，待确认
接收到来自领导节点N12的心跳检测
当前时间为:1596683979528

接收到来自领导节点N12的心跳检测
当前时间为:1596683982529

接收到来自领导节点N12的心跳检测
当前时间为:1596683985530

接收到来自领导节点N12的心跳检测
当前时间为:1596683988531

接收到来自领导节点N12的心跳检测
当前时间为:1596683991531

接收到来自领导节点N12的心跳检测
当前时间为:1596683994533

收到commit,正在写入状态机，共识完毕...
本节点已收到leader日志已回复，待确认
收到commit,正在写入状态机，共识完毕...
本节点已收到leader日志已回复，待确认
接收到来自领导节点N12的心跳检测
当前时间为:1596683997535

接收到来自领导节点N12的心跳检测
当前时间为:1596684000535

接收到来自领导节点N12的心跳检测
当前时间为:1596684003535

接收到来自领导节点N12的心跳检测
当前时间为:1596684006535

本节点已收到leader日志已回复，待确认
收到commit,正在写入状态机，共识完毕...
接收到来自领导节点N12的心跳检测
当前时间为:1596684009536

接收到来自领导节点N12的心跳检测
当前时间为:1596684012536

接收到来自领导节点N12的心跳检测
当前时间为:1596684015536

接收到来自领导节点N12的心跳检测
当前时间为:1596684018537

接收到来自领导节点N12的心跳检测
当前时间为:1596684021538

接收到来自领导节点N12的心跳检测
当前时间为:1596684024538

接收到来自领导节点N12的心跳检测
当前时间为:1596684027538

接收到来自领导节点N12的心跳检测
当前时间为:1596684030539

接收到来自领导节点N12的心跳检测
当前时间为:1596684033539

接收到来自领导节点N12的心跳检测
当前时间为:1596684036540

接收到来自领导节点N12的心跳检测
当前时间为:1596684039540

接收到来自领导节点N12的心跳检测
当前时间为:1596684042540

本节点已收到leader日志已回复，待确认
收到commit,正在写入状态机，共识完毕...
接收到来自领导节点N12的心跳检测
当前时间为:1596684045540

接收到来自领导节点N12的心跳检测
当前时间为:1596684048540

接收到来自领导节点N12的心跳检测
当前时间为:1596684051540

接收到来自领导节点N12的心跳检测
当前时间为:1596684054542

接收到来自领导节点N12的心跳检测
当前时间为:1596684057541

接收到来自领导节点N12的心跳检测
当前时间为:1596684060542

接收到来自领导节点N12的心跳检测
当前时间为:1596684063542

接收到来自领导节点N12的心跳检测
当前时间为:1596684066543

接收到来自领导节点N12的心跳检测
当前时间为:1596684069543

接收到来自领导节点N12的心跳检测
当前时间为:1596684072543

接收到来自领导节点N12的心跳检测
当前时间为:1596684075545

接收到来自领导节点N12的心跳检测
当前时间为:1596684078545

接收到来自领导节点N12的心跳检测
当前时间为:1596684081545

接收到来自领导节点N12的心跳检测
当前时间为:1596684084545

接收到来自领导节点N12的心跳检测
当前时间为:1596684087545

接收到来自领导节点N12的心跳检测
当前时间为:1596684090546

接收到来自领导节点N12的心跳检测
当前时间为:1596684093545

接收到来自领导节点N12的心跳检测
当前时间为:1596684096546

接收到来自领导节点N12的心跳检测
当前时间为:1596684099547

接收到来自领导节点N12的心跳检测
当前时间为:1596684102547

接收到来自领导节点N12的心跳检测
当前时间为:1596684105548

接收到来自领导节点N12的心跳检测
当前时间为:1596684108547

接收到来自领导节点N12的心跳检测
当前时间为:1596684111548

接收到来自领导节点N12的心跳检测
当前时间为:1596684114548

接收到来自领导节点N12的心跳检测
当前时间为:1596684117549

接收到来自领导节点N12的心跳检测
当前时间为:1596684120550

接收到来自领导节点N12的心跳检测
当前时间为:1596684123550

接收到来自领导节点N12的心跳检测
当前时间为:1596684126551

接收到来自领导节点N12的心跳检测
当前时间为:1596684129551

接收到来自领导节点N12的心跳检测
当前时间为:1596684132552

接收到来自领导节点N12的心跳检测
当前时间为:1596684135553

接收到来自领导节点N12的心跳检测
当前时间为:1596684138554

接收到来自领导节点N12的心跳检测
当前时间为:1596684141554

接收到来自领导节点N12的心跳检测
当前时间为:1596684144555

接收到来自领导节点N12的心跳检测
当前时间为:1596684147556

接收到来自领导节点N12的心跳检测
当前时间为:1596684150557

接收到来自领导节点N12的心跳检测
当前时间为:1596684153558

接收到来自领导节点N12的心跳检测
当前时间为:1596684156562

接收到来自领导节点N12的心跳检测
当前时间为:1596684159560

接收到来自领导节点N12的心跳检测
当前时间为:1596684162561

接收到来自领导节点N12的心跳检测
当前时间为:1596684165562

接收到来自领导节点N12的心跳检测
当前时间为:1596684168562

接收到来自领导节点N12的心跳检测
当前时间为:1596684171564

接收到来自领导节点N12的心跳检测
当前时间为:1596684174564

接收到来自领导节点N12的心跳检测
当前时间为:1596684177564

接收到来自领导节点N12的心跳检测
当前时间为:1596684180564

接收到来自领导节点N12的心跳检测
当前时间为:1596684183565

接收到来自领导节点N12的心跳检测
当前时间为:1596684186565

接收到来自领导节点N12的心跳检测
当前时间为:1596684189566

接收到来自领导节点N12的心跳检测
当前时间为:1596684192567

接收到来自领导节点N12的心跳检测
当前时间为:1596684195568

接收到来自领导节点N12的心跳检测
当前时间为:1596684198569

接收到来自领导节点N12的心跳检测
当前时间为:1596684201570

接收到来自领导节点N12的心跳检测
当前时间为:1596684204571

接收到来自领导节点N12的心跳检测
当前时间为:1596684207571

接收到来自领导节点N12的心跳检测
当前时间为:1596684210571

接收到来自领导节点N12的心跳检测
当前时间为:1596684213572

接收到来自领导节点N12的心跳检测
当前时间为:1596684216578

接收到来自领导节点N12的心跳检测
当前时间为:1596684219576

接收到来自领导节点N12的心跳检测
当前时间为:1596684222576

接收到来自领导节点N12的心跳检测
当前时间为:1596684225576

接收到来自领导节点N12的心跳检测
当前时间为:1596684228578

接收到来自领导节点N12的心跳检测
当前时间为:1596684231579

接收到来自领导节点N12的心跳检测
当前时间为:1596684234580

接收到来自领导节点N12的心跳检测
当前时间为:1596684237581

接收到来自领导节点N12的心跳检测
当前时间为:1596684240581

接收到来自领导节点N12的心跳检测
当前时间为:1596684243582

接收到来自领导节点N12的心跳检测
当前时间为:1596684246583

接收到来自领导节点N12的心跳检测
当前时间为:1596684249583

接收到来自领导节点N12的心跳检测
当前时间为:1596684252584

接收到来自领导节点N12的心跳检测
当前时间为:1596684255585

接收到来自领导节点N12的心跳检测
当前时间为:1596684258588

接收到来自领导节点N12的心跳检测
当前时间为:1596684261586

接收到来自领导节点N12的心跳检测
当前时间为:1596684264587

接收到来自领导节点N12的心跳检测
当前时间为:1596684267588

接收到来自领导节点N12的心跳检测
当前时间为:1596684270589

接收到来自领导节点N12的心跳检测
当前时间为:1596684273589

接收到来自领导节点N12的心跳检测
当前时间为:1596684276590

接收到来自领导节点N12的心跳检测
当前时间为:1596684279591

接收到来自领导节点N12的心跳检测
当前时间为:1596684282592

接收到来自领导节点N12的心跳检测
当前时间为:1596684285593

接收到来自领导节点N12的心跳检测
当前时间为:1596684288594

接收到来自领导节点N12的心跳检测
当前时间为:1596684291594

接收到来自领导节点N12的心跳检测
当前时间为:1596684294595

接收到来自领导节点N12的心跳检测
当前时间为:1596684297595

接收到来自领导节点N12的心跳检测
当前时间为:1596684300596

接收到来自领导节点N12的心跳检测
当前时间为:1596684303596

接收到来自领导节点N12的心跳检测
当前时间为:1596684306597

接收到来自领导节点N12的心跳检测
当前时间为:1596684309597

接收到来自领导节点N12的心跳检测
当前时间为:1596684312598

接收到来自领导节点N12的心跳检测
当前时间为:1596684315599

接收到来自领导节点N12的心跳检测
当前时间为:1596684318599

接收到来自领导节点N12的心跳检测
当前时间为:1596684321600

接收到来自领导节点N12的心跳检测
当前时间为:1596684324601

接收到来自领导节点N12的心跳检测
当前时间为:1596684327602

接收到来自领导节点N12的心跳检测
当前时间为:1596684330604

接收到来自领导节点N12的心跳检测
当前时间为:1596684333604

接收到来自领导节点N12的心跳检测
当前时间为:1596684336604

接收到来自领导节点N12的心跳检测
当前时间为:1596684339605

接收到来自领导节点N12的心跳检测
当前时间为:1596684342605

接收到来自领导节点N12的心跳检测
当前时间为:1596684345606

接收到来自领导节点N12的心跳检测
当前时间为:1596684348606

接收到来自领导节点N12的心跳检测
当前时间为:1596684351608

接收到来自领导节点N12的心跳检测
当前时间为:1596684354609

接收到来自领导节点N12的心跳检测
当前时间为:1596684357610

接收到来自领导节点N12的心跳检测
当前时间为:1596684360610

接收到来自领导节点N12的心跳检测
当前时间为:1596684363611

接收到来自领导节点N12的心跳检测
当前时间为:1596684366611

接收到来自领导节点N12的心跳检测
当前时间为:1596684369612

接收到来自领导节点N12的心跳检测
当前时间为:1596684372613

接收到来自领导节点N12的心跳检测
当前时间为:1596684375613

接收到来自领导节点N12的心跳检测
当前时间为:1596684378614

接收到来自领导节点N12的心跳检测
当前时间为:1596684381615

接收到来自领导节点N12的心跳检测
当前时间为:1596684384615

接收到来自领导节点N12的心跳检测
当前时间为:1596684387616

接收到来自领导节点N12的心跳检测
当前时间为:1596684390617

接收到来自领导节点N12的心跳检测
当前时间为:1596684393619

接收到来自领导节点N12的心跳检测
当前时间为:1596684396619

接收到来自领导节点N12的心跳检测
当前时间为:1596684399619

接收到来自领导节点N12的心跳检测
当前时间为:1596684402620

接收到来自领导节点N12的心跳检测
当前时间为:1596684405623

接收到来自领导节点N12的心跳检测
当前时间为:1596684408623

接收到来自领导节点N12的心跳检测
当前时间为:1596684411624

接收到来自领导节点N12的心跳检测
当前时间为:1596684414625

接收到来自领导节点N12的心跳检测
当前时间为:1596684417626

接收到来自领导节点N12的心跳检测
当前时间为:1596684420627

接收到来自领导节点N12的心跳检测
当前时间为:1596684423628

接收到来自领导节点N12的心跳检测
当前时间为:1596684426628

接收到来自领导节点N12的心跳检测
当前时间为:1596684429629

接收到来自领导节点N12的心跳检测
当前时间为:1596684432630

接收到来自领导节点N12的心跳检测
当前时间为:1596684435631

接收到来自领导节点N12的心跳检测
当前时间为:1596684438631

接收到来自领导节点N12的心跳检测
当前时间为:1596684441632

接收到来自领导节点N12的心跳检测
当前时间为:1596684444633

接收到来自领导节点N12的心跳检测
当前时间为:1596684447633

接收到来自领导节点N12的心跳检测
当前时间为:1596684450633

接收到来自领导节点N12的心跳检测
当前时间为:1596684453634

接收到来自领导节点N12的心跳检测
当前时间为:1596684456636

接收到来自领导节点N12的心跳检测
当前时间为:1596684459637

接收到来自领导节点N12的心跳检测
当前时间为:1596684462636

接收到来自领导节点N12的心跳检测
当前时间为:1596684465638

接收到来自领导节点N12的心跳检测
当前时间为:1596684468638

接收到来自领导节点N12的心跳检测
当前时间为:1596684471640

接收到来自领导节点N12的心跳检测
当前时间为:1596684474641

接收到来自领导节点N12的心跳检测
当前时间为:1596684477641

接收到来自领导节点N12的心跳检测
当前时间为:1596684480643

接收到来自领导节点N12的心跳检测
当前时间为:1596684483642

接收到来自领导节点N12的心跳检测
当前时间为:1596684486643

接收到来自领导节点N12的心跳检测
当前时间为:1596684489644

接收到来自领导节点N12的心跳检测
当前时间为:1596684492644

