启动节点 N16
监听 :8096
节点开启监听，地址：127.0.0.1:9016
投票成功，已投N15节点
已发现网络中的领导节点， N15 成为了领导者！
接收到来自领导节点N15的心跳检测
当前时间为:1596683749149

接收到来自领导节点N15的心跳检测
当前时间为:1596683752150

接收到来自领导节点N15的心跳检测
当前时间为:1596683755150

接收到来自领导节点N15的心跳检测
当前时间为:1596683758152

接收到来自领导节点N15的心跳检测
当前时间为:1596683761152

接收到来自领导节点N15的心跳检测
当前时间为:1596683764153

接收到来自领导节点N15的心跳检测
当前时间为:1596683767154

接收到来自领导节点N15的心跳检测
当前时间为:1596683770156

接收到来自领导节点N15的心跳检测
当前时间为:1596683773156

接收到来自领导节点N15的心跳检测
当前时间为:1596683776156

接收到来自领导节点N15的心跳检测
当前时间为:1596683779157

接收到来自领导节点N15的心跳检测
当前时间为:1596683782158

接收到来自领导节点N15的心跳检测
当前时间为:1596683785159

接收到来自领导节点N15的心跳检测
当前时间为:1596683788160

接收到来自领导节点N15的心跳检测
当前时间为:1596683791160

接收到来自领导节点N15的心跳检测
当前时间为:1596683794160

接收到来自领导节点N15的心跳检测
当前时间为:1596683797160

接收到来自领导节点N15的心跳检测
当前时间为:1596683800162

接收到来自领导节点N15的心跳检测
当前时间为:1596683803162

接收到来自领导节点N15的心跳检测
当前时间为:1596683806163

本节点已收到leader日志已回复，待确认
收到commit,正在写入状态机，共识完毕...
接收到来自领导节点N15的心跳检测
当前时间为:1596683809163

接收到来自领导节点N15的心跳检测
当前时间为:1596683812164

接收到来自领导节点N15的心跳检测
当前时间为:1596683815164

收到commit,正在写入状态机，共识完毕...
本节点已收到leader日志已回复，待确认
接收到来自领导节点N15的心跳检测
当前时间为:1596683818164

接收到来自领导节点N15的心跳检测
当前时间为:1596683821169

接收到来自领导节点N15的心跳检测
当前时间为:1596683824169

收到commit,正在写入状态机，共识完毕...
本节点已收到leader日志已回复，待确认
接收到来自领导节点N15的心跳检测
当前时间为:1596683827169

接收到来自领导节点N15的心跳检测
当前时间为:1596683830170

接收到来自领导节点N15的心跳检测
当前时间为:1596683833170

接收到来自领导节点N15的心跳检测
当前时间为:1596683836170

收到commit,正在写入状态机，共识完毕...
本节点已收到leader日志已回复，待确认
接收到来自领导节点N15的心跳检测
当前时间为:1596683839170

接收到来自领导节点N15的心跳检测
当前时间为:1596683842170

接收到来自领导节点N15的心跳检测
当前时间为:1596683845173

本节点已收到leader日志已回复，待确认
收到commit,正在写入状态机，共识完毕...
接收到来自领导节点N15的心跳检测
当前时间为:1596683848171

接收到来自领导节点N15的心跳检测
当前时间为:1596683851171

接收到来自领导节点N15的心跳检测
当前时间为:1596683854173

本节点已收到leader日志已回复，待确认
收到commit,正在写入状态机，共识完毕...
接收到来自领导节点N15的心跳检测
当前时间为:1596683857173

接收到来自领导节点N15的心跳检测
当前时间为:1596683860172

接收到来自领导节点N15的心跳检测
当前时间为:1596683863173

接收到来自领导节点N15的心跳检测
当前时间为:1596683866174

本节点已收到leader日志已回复，待确认
收到commit,正在写入状态机，共识完毕...
接收到来自领导节点N15的心跳检测
当前时间为:1596683869174

接收到来自领导节点N15的心跳检测
当前时间为:1596683872174

接收到来自领导节点N15的心跳检测
当前时间为:1596683875174

收到commit,正在写入状态机，共识完毕...
本节点已收到leader日志已回复，待确认
接收到来自领导节点N15的心跳检测
当前时间为:1596683878175

接收到来自领导节点N15的心跳检测
当前时间为:1596683881175

接收到来自领导节点N15的心跳检测
当前时间为:1596683884175

本节点已收到leader日志已回复，待确认
收到commit,正在写入状态机，共识完毕...
接收到来自领导节点N15的心跳检测
当前时间为:1596683887175

接收到来自领导节点N15的心跳检测
当前时间为:1596683890175

接收到来自领导节点N15的心跳检测
当前时间为:1596683893175

接收到来自领导节点N15的心跳检测
当前时间为:1596683896175

本节点已收到leader日志已回复，待确认
收到commit,正在写入状态机，共识完毕...
接收到来自领导节点N15的心跳检测
当前时间为:1596683899176

接收到来自领导节点N15的心跳检测
当前时间为:1596683902176

接收到来自领导节点N15的心跳检测
当前时间为:1596683905176

收到commit,正在写入状态机，共识完毕...
本节点已收到leader日志已回复，待确认
接收到来自领导节点N15的心跳检测
当前时间为:1596683908177

接收到来自领导节点N15的心跳检测
当前时间为:1596683911177

接收到来自领导节点N15的心跳检测
当前时间为:1596683914178

收到commit,正在写入状态机，共识完毕...
本节点已收到leader日志已回复，待确认
接收到来自领导节点N15的心跳检测
当前时间为:1596683917177

接收到来自领导节点N15的心跳检测
当前时间为:1596683920178

接收到来自领导节点N15的心跳检测
当前时间为:1596683923179

接收到来自领导节点N15的心跳检测
当前时间为:1596683926179

收到commit,正在写入状态机，共识完毕...
本节点已收到leader日志已回复，待确认
接收到来自领导节点N15的心跳检测
当前时间为:1596683929180

接收到来自领导节点N15的心跳检测
当前时间为:1596683932181

接收到来自领导节点N15的心跳检测
当前时间为:1596683935181

本节点已收到leader日志已回复，待确认
收到commit,正在写入状态机，共识完毕...
接收到来自领导节点N15的心跳检测
当前时间为:1596683938182

接收到来自领导节点N15的心跳检测
当前时间为:1596683941183

接收到来自领导节点N15的心跳检测
当前时间为:1596683944183

收到commit,正在写入状态机，共识完毕...
本节点已收到leader日志已回复，待确认
接收到来自领导节点N15的心跳检测
当前时间为:1596683947183

接收到来自领导节点N15的心跳检测
当前时间为:1596683950183

接收到来自领导节点N15的心跳检测
当前时间为:1596683953184

接收到来自领导节点N15的心跳检测
当前时间为:1596683956185

接收到来自领导节点N15的心跳检测
当前时间为:1596683959184

接收到来自领导节点N15的心跳检测
当前时间为:1596683962185

本节点已收到leader日志已回复，待确认
收到commit,正在写入状态机，共识完毕...
接收到来自领导节点N15的心跳检测
当前时间为:1596683965186

收到commit,正在写入状态机，共识完毕...
本节点已收到leader日志已回复，待确认
接收到来自领导节点N15的心跳检测
当前时间为:1596683968187

接收到来自领导节点N15的心跳检测
当前时间为:1596683971188

接收到来自领导节点N15的心跳检测
当前时间为:1596683974187

收到commit,正在写入状态机，共识完毕...
本节点已收到leader日志已回复，待确认
接收到来自领导节点N15的心跳检测
当前时间为:1596683977187

接收到来自领导节点N15的心跳检测
当前时间为:1596683980189

接收到来自领导节点N15的心跳检测
当前时间为:1596683983189

接收到来自领导节点N15的心跳检测
当前时间为:1596683986190

接收到来自领导节点N15的心跳检测
当前时间为:1596683989190

接收到来自领导节点N15的心跳检测
当前时间为:1596683992190

接收到来自领导节点N15的心跳检测
当前时间为:1596683995193

本节点已收到leader日志已回复，待确认
收到commit,正在写入状态机，共识完毕...
收到commit,正在写入状态机，共识完毕...
本节点已收到leader日志已回复，待确认
接收到来自领导节点N15的心跳检测
当前时间为:1596683998191

接收到来自领导节点N15的心跳检测
当前时间为:1596684001191

接收到来自领导节点N15的心跳检测
当前时间为:1596684004191

本节点已收到leader日志已回复，待确认
收到commit,正在写入状态机，共识完毕...
接收到来自领导节点N15的心跳检测
当前时间为:1596684007192

接收到来自领导节点N15的心跳检测
当前时间为:1596684010192

接收到来自领导节点N15的心跳检测
当前时间为:1596684013193

接收到来自领导节点N15的心跳检测
当前时间为:1596684016193

接收到来自领导节点N15的心跳检测
当前时间为:1596684019193

接收到来自领导节点N15的心跳检测
当前时间为:1596684022194

接收到来自领导节点N15的心跳检测
当前时间为:1596684025194

接收到来自领导节点N15的心跳检测
当前时间为:1596684028194

接收到来自领导节点N15的心跳检测
当前时间为:1596684031195

接收到来自领导节点N15的心跳检测
当前时间为:1596684034196

接收到来自领导节点N15的心跳检测
当前时间为:1596684037196

接收到来自领导节点N15的心跳检测
当前时间为:1596684040196

接收到来自领导节点N15的心跳检测
当前时间为:1596684043199

收到commit,正在写入状态机，共识完毕...
本节点已收到leader日志已回复，待确认
接收到来自领导节点N15的心跳检测
当前时间为:1596684046200

接收到来自领导节点N15的心跳检测
当前时间为:1596684049200

接收到来自领导节点N15的心跳检测
当前时间为:1596684052200

接收到来自领导节点N15的心跳检测
当前时间为:1596684055202

接收到来自领导节点N15的心跳检测
当前时间为:1596684058201

接收到来自领导节点N15的心跳检测
当前时间为:1596684061201

接收到来自领导节点N15的心跳检测
当前时间为:1596684064202

接收到来自领导节点N15的心跳检测
当前时间为:1596684067202

接收到来自领导节点N15的心跳检测
当前时间为:1596684070203

接收到来自领导节点N15的心跳检测
当前时间为:1596684073203

接收到来自领导节点N15的心跳检测
当前时间为:1596684076204

接收到来自领导节点N15的心跳检测
当前时间为:1596684079208

接收到来自领导节点N15的心跳检测
当前时间为:1596684082205

接收到来自领导节点N15的心跳检测
当前时间为:1596684085205

接收到来自领导节点N15的心跳检测
当前时间为:1596684088205

接收到来自领导节点N15的心跳检测
当前时间为:1596684091206

接收到来自领导节点N15的心跳检测
当前时间为:1596684094207

接收到来自领导节点N15的心跳检测
当前时间为:1596684097207

接收到来自领导节点N15的心跳检测
当前时间为:1596684100208

接收到来自领导节点N15的心跳检测
当前时间为:1596684103208

接收到来自领导节点N15的心跳检测
当前时间为:1596684106208

接收到来自领导节点N15的心跳检测
当前时间为:1596684109209

接收到来自领导节点N15的心跳检测
当前时间为:1596684112209

接收到来自领导节点N15的心跳检测
当前时间为:1596684115211

接收到来自领导节点N15的心跳检测
当前时间为:1596684118211

接收到来自领导节点N15的心跳检测
当前时间为:1596684121212

接收到来自领导节点N15的心跳检测
当前时间为:1596684124214

接收到来自领导节点N15的心跳检测
当前时间为:1596684127214

接收到来自领导节点N15的心跳检测
当前时间为:1596684130215

接收到来自领导节点N15的心跳检测
当前时间为:1596684133220

接收到来自领导节点N15的心跳检测
当前时间为:1596684136217

接收到来自领导节点N15的心跳检测
当前时间为:1596684139217

接收到来自领导节点N15的心跳检测
当前时间为:1596684142217

接收到来自领导节点N15的心跳检测
当前时间为:1596684145220

接收到来自领导节点N15的心跳检测
当前时间为:1596684148220

接收到来自领导节点N15的心跳检测
当前时间为:1596684151220

接收到来自领导节点N15的心跳检测
当前时间为:1596684154221

接收到来自领导节点N15的心跳检测
当前时间为:1596684157221

接收到来自领导节点N15的心跳检测
当前时间为:1596684160222

接收到来自领导节点N15的心跳检测
当前时间为:1596684163223

接收到来自领导节点N15的心跳检测
当前时间为:1596684166224

接收到来自领导节点N15的心跳检测
当前时间为:1596684169224

接收到来自领导节点N15的心跳检测
当前时间为:1596684172225

接收到来自领导节点N15的心跳检测
当前时间为:1596684175225

接收到来自领导节点N15的心跳检测
当前时间为:1596684178226

接收到来自领导节点N15的心跳检测
当前时间为:1596684181227

接收到来自领导节点N15的心跳检测
当前时间为:1596684184228

接收到来自领导节点N15的心跳检测
当前时间为:1596684187228

接收到来自领导节点N15的心跳检测
当前时间为:1596684190229

接收到来自领导节点N15的心跳检测
当前时间为:1596684193229

接收到来自领导节点N15的心跳检测
当前时间为:1596684196231

接收到来自领导节点N15的心跳检测
当前时间为:1596684199231

接收到来自领导节点N15的心跳检测
当前时间为:1596684202232

接收到来自领导节点N15的心跳检测
当前时间为:1596684205232

接收到来自领导节点N15的心跳检测
当前时间为:1596684208233

接收到来自领导节点N15的心跳检测
当前时间为:1596684211233

接收到来自领导节点N15的心跳检测
当前时间为:1596684214234

接收到来自领导节点N15的心跳检测
当前时间为:1596684217235

接收到来自领导节点N15的心跳检测
当前时间为:1596684220235

接收到来自领导节点N15的心跳检测
当前时间为:1596684223235

接收到来自领导节点N15的心跳检测
当前时间为:1596684226236

接收到来自领导节点N15的心跳检测
当前时间为:1596684229239

接收到来自领导节点N15的心跳检测
当前时间为:1596684232239

接收到来自领导节点N15的心跳检测
当前时间为:1596684235239

接收到来自领导节点N15的心跳检测
当前时间为:1596684238242

接收到来自领导节点N15的心跳检测
当前时间为:1596684241240

接收到来自领导节点N15的心跳检测
当前时间为:1596684244240

接收到来自领导节点N15的心跳检测
当前时间为:1596684247241

接收到来自领导节点N15的心跳检测
当前时间为:1596684250242

接收到来自领导节点N15的心跳检测
当前时间为:1596684253242

接收到来自领导节点N15的心跳检测
当前时间为:1596684256243

接收到来自领导节点N15的心跳检测
当前时间为:1596684259243

接收到来自领导节点N15的心跳检测
当前时间为:1596684262245

接收到来自领导节点N15的心跳检测
当前时间为:1596684265246

接收到来自领导节点N15的心跳检测
当前时间为:1596684268247

接收到来自领导节点N15的心跳检测
当前时间为:1596684271248

接收到来自领导节点N15的心跳检测
当前时间为:1596684274250

接收到来自领导节点N15的心跳检测
当前时间为:1596684277249

接收到来自领导节点N15的心跳检测
当前时间为:1596684280249

接收到来自领导节点N15的心跳检测
当前时间为:1596684283251

接收到来自领导节点N15的心跳检测
当前时间为:1596684286251

接收到来自领导节点N15的心跳检测
当前时间为:1596684289252

接收到来自领导节点N15的心跳检测
当前时间为:1596684292252

接收到来自领导节点N15的心跳检测
当前时间为:1596684295252

接收到来自领导节点N15的心跳检测
当前时间为:1596684298254

接收到来自领导节点N15的心跳检测
当前时间为:1596684301254

接收到来自领导节点N15的心跳检测
当前时间为:1596684304255

接收到来自领导节点N15的心跳检测
当前时间为:1596684307256

接收到来自领导节点N15的心跳检测
当前时间为:1596684310256

接收到来自领导节点N15的心跳检测
当前时间为:1596684313256

接收到来自领导节点N15的心跳检测
当前时间为:1596684316257

接收到来自领导节点N15的心跳检测
当前时间为:1596684319257

接收到来自领导节点N15的心跳检测
当前时间为:1596684322257

接收到来自领导节点N15的心跳检测
当前时间为:1596684325258

接收到来自领导节点N15的心跳检测
当前时间为:1596684328260

接收到来自领导节点N15的心跳检测
当前时间为:1596684331259

接收到来自领导节点N15的心跳检测
当前时间为:1596684334260

接收到来自领导节点N15的心跳检测
当前时间为:1596684337260

接收到来自领导节点N15的心跳检测
当前时间为:1596684340262

接收到来自领导节点N15的心跳检测
当前时间为:1596684343263

接收到来自领导节点N15的心跳检测
当前时间为:1596684346264

接收到来自领导节点N15的心跳检测
当前时间为:1596684349263

接收到来自领导节点N15的心跳检测
当前时间为:1596684352265

接收到来自领导节点N15的心跳检测
当前时间为:1596684355265

接收到来自领导节点N15的心跳检测
当前时间为:1596684358266

接收到来自领导节点N15的心跳检测
当前时间为:1596684361266

接收到来自领导节点N15的心跳检测
当前时间为:1596684364267

接收到来自领导节点N15的心跳检测
当前时间为:1596684367267

接收到来自领导节点N15的心跳检测
当前时间为:1596684370268

接收到来自领导节点N15的心跳检测
当前时间为:1596684373268

接收到来自领导节点N15的心跳检测
当前时间为:1596684376270

接收到来自领导节点N15的心跳检测
当前时间为:1596684379270

接收到来自领导节点N15的心跳检测
当前时间为:1596684382270

接收到来自领导节点N15的心跳检测
当前时间为:1596684385272

接收到来自领导节点N15的心跳检测
当前时间为:1596684388272

接收到来自领导节点N15的心跳检测
当前时间为:1596684391272

接收到来自领导节点N15的心跳检测
当前时间为:1596684394276

接收到来自领导节点N15的心跳检测
当前时间为:1596684397274

接收到来自领导节点N15的心跳检测
当前时间为:1596684400275

接收到来自领导节点N15的心跳检测
当前时间为:1596684403277

接收到来自领导节点N15的心跳检测
当前时间为:1596684406277

接收到来自领导节点N15的心跳检测
当前时间为:1596684409277

接收到来自领导节点N15的心跳检测
当前时间为:1596684412278

接收到来自领导节点N15的心跳检测
当前时间为:1596684415280

接收到来自领导节点N15的心跳检测
当前时间为:1596684418279

接收到来自领导节点N15的心跳检测
当前时间为:1596684421281

接收到来自领导节点N15的心跳检测
当前时间为:1596684424281

接收到来自领导节点N15的心跳检测
当前时间为:1596684427281

接收到来自领导节点N15的心跳检测
当前时间为:1596684430283

接收到来自领导节点N15的心跳检测
当前时间为:1596684433285

接收到来自领导节点N15的心跳检测
当前时间为:1596684436285

接收到来自领导节点N15的心跳检测
当前时间为:1596684439285

接收到来自领导节点N15的心跳检测
当前时间为:1596684442286

接收到来自领导节点N15的心跳检测
当前时间为:1596684445287

接收到来自领导节点N15的心跳检测
当前时间为:1596684448287

接收到来自领导节点N15的心跳检测
当前时间为:1596684451288

接收到来自领导节点N15的心跳检测
当前时间为:1596684454289

接收到来自领导节点N15的心跳检测
当前时间为:1596684457289

接收到来自领导节点N15的心跳检测
当前时间为:1596684460291

接收到来自领导节点N15的心跳检测
当前时间为:1596684463291

接收到来自领导节点N15的心跳检测
当前时间为:1596684466292

接收到来自领导节点N15的心跳检测
当前时间为:1596684469292

接收到来自领导节点N15的心跳检测
当前时间为:1596684472293

接收到来自领导节点N15的心跳检测
当前时间为:1596684475294

接收到来自领导节点N15的心跳检测
当前时间为:1596684478295

接收到来自领导节点N15的心跳检测
当前时间为:1596684481295

接收到来自领导节点N15的心跳检测
当前时间为:1596684484295

接收到来自领导节点N15的心跳检测
当前时间为:1596684487296

接收到来自领导节点N15的心跳检测
当前时间为:1596684490297

接收到来自领导节点N15的心跳检测
当前时间为:1596684493298

