启动节点 N18
监听 :8098
节点开启监听，地址：127.0.0.1:9018
投票成功，已投N20节点
接收到来自领导节点N20的心跳检测
当前时间为:1596683748577

已发现网络中的领导节点， N20 成为了领导者！
接收到来自领导节点N20的心跳检测
当前时间为:1596683751578

接收到来自领导节点N20的心跳检测
当前时间为:1596683754579

接收到来自领导节点N20的心跳检测
当前时间为:1596683757580

接收到来自领导节点N20的心跳检测
当前时间为:1596683760581

接收到来自领导节点N20的心跳检测
当前时间为:1596683763581

接收到来自领导节点N20的心跳检测
当前时间为:1596683766582

接收到来自领导节点N20的心跳检测
当前时间为:1596683769584

接收到来自领导节点N20的心跳检测
当前时间为:1596683772584

接收到来自领导节点N20的心跳检测
当前时间为:1596683775584

接收到来自领导节点N20的心跳检测
当前时间为:1596683778585

接收到来自领导节点N20的心跳检测
当前时间为:1596683781585

接收到来自领导节点N20的心跳检测
当前时间为:1596683784586

接收到来自领导节点N20的心跳检测
当前时间为:1596683787587

接收到来自领导节点N20的心跳检测
当前时间为:1596683790587

接收到来自领导节点N20的心跳检测
当前时间为:1596683793589

接收到来自领导节点N20的心跳检测
当前时间为:1596683796591

接收到来自领导节点N20的心跳检测
当前时间为:1596683799591

接收到来自领导节点N20的心跳检测
当前时间为:1596683802591

接收到来自领导节点N20的心跳检测
当前时间为:1596683805592

本节点已收到leader日志已回复，待确认
收到commit,正在写入状态机，共识完毕...
接收到来自领导节点N20的心跳检测
当前时间为:1596683808593

接收到来自领导节点N20的心跳检测
当前时间为:1596683811593

接收到来自领导节点N20的心跳检测
当前时间为:1596683814594

本节点已收到leader日志已回复，待确认
收到commit,正在写入状态机，共识完毕...
接收到来自领导节点N20的心跳检测
当前时间为:1596683817594

接收到来自领导节点N20的心跳检测
当前时间为:1596683820594

接收到来自领导节点N20的心跳检测
当前时间为:1596683823594

接收到来自领导节点N20的心跳检测
当前时间为:1596683826595

收到commit,正在写入状态机，共识完毕...
本节点已收到leader日志已回复，待确认
接收到来自领导节点N20的心跳检测
当前时间为:1596683829597

接收到来自领导节点N20的心跳检测
当前时间为:1596683832595

接收到来自领导节点N20的心跳检测
当前时间为:1596683835596

本节点已收到leader日志已回复，待确认
收到commit,正在写入状态机，共识完毕...
接收到来自领导节点N20的心跳检测
当前时间为:1596683838596

接收到来自领导节点N20的心跳检测
当前时间为:1596683841596

接收到来自领导节点N20的心跳检测
当前时间为:1596683844597

收到commit,正在写入状态机，共识完毕...
本节点已收到leader日志已回复，待确认
接收到来自领导节点N20的心跳检测
当前时间为:1596683847597

接收到来自领导节点N20的心跳检测
当前时间为:1596683850598

接收到来自领导节点N20的心跳检测
当前时间为:1596683853599

接收到来自领导节点N20的心跳检测
当前时间为:1596683856599

本节点已收到leader日志已回复，待确认
收到commit,正在写入状态机，共识完毕...
接收到来自领导节点N20的心跳检测
当前时间为:1596683859600

接收到来自领导节点N20的心跳检测
当前时间为:1596683862600

接收到来自领导节点N20的心跳检测
当前时间为:1596683865600

本节点已收到leader日志已回复，待确认
收到commit,正在写入状态机，共识完毕...
接收到来自领导节点N20的心跳检测
当前时间为:1596683868600

接收到来自领导节点N20的心跳检测
当前时间为:1596683871600

接收到来自领导节点N20的心跳检测
当前时间为:1596683874601

收到commit,正在写入状态机，共识完毕...
本节点已收到leader日志已回复，待确认
接收到来自领导节点N20的心跳检测
当前时间为:1596683877601

接收到来自领导节点N20的心跳检测
当前时间为:1596683880602

接收到来自领导节点N20的心跳检测
当前时间为:1596683883602

接收到来自领导节点N20的心跳检测
当前时间为:1596683886603

收到commit,正在写入状态机，共识完毕...
本节点已收到leader日志已回复，待确认
接收到来自领导节点N20的心跳检测
当前时间为:1596683889603

接收到来自领导节点N20的心跳检测
当前时间为:1596683892604

接收到来自领导节点N20的心跳检测
当前时间为:1596683895604

本节点已收到leader日志已回复，待确认
收到commit,正在写入状态机，共识完毕...
接收到来自领导节点N20的心跳检测
当前时间为:1596683898604

接收到来自领导节点N20的心跳检测
当前时间为:1596683901604

接收到来自领导节点N20的心跳检测
当前时间为:1596683904605

本节点已收到leader日志已回复，待确认
收到commit,正在写入状态机，共识完毕...
接收到来自领导节点N20的心跳检测
当前时间为:1596683907605

接收到来自领导节点N20的心跳检测
当前时间为:1596683910606

接收到来自领导节点N20的心跳检测
当前时间为:1596683913606

接收到来自领导节点N20的心跳检测
当前时间为:1596683916607

收到commit,正在写入状态机，共识完毕...
本节点已收到leader日志已回复，待确认
接收到来自领导节点N20的心跳检测
当前时间为:1596683919608

接收到来自领导节点N20的心跳检测
当前时间为:1596683922608

接收到来自领导节点N20的心跳检测
当前时间为:1596683925608

收到commit,正在写入状态机，共识完毕...
本节点已收到leader日志已回复，待确认
接收到来自领导节点N20的心跳检测
当前时间为:1596683928609

接收到来自领导节点N20的心跳检测
当前时间为:1596683931609

接收到来自领导节点N20的心跳检测
当前时间为:1596683934610

收到commit,正在写入状态机，共识完毕...
本节点已收到leader日志已回复，待确认
接收到来自领导节点N20的心跳检测
当前时间为:1596683937610

接收到来自领导节点N20的心跳检测
当前时间为:1596683940611

接收到来自领导节点N20的心跳检测
当前时间为:1596683943612

接收到来自领导节点N20的心跳检测
当前时间为:1596683946611

本节点已收到leader日志已回复，待确认
收到commit,正在写入状态机，共识完毕...
接收到来自领导节点N20的心跳检测
当前时间为:1596683949611

接收到来自领导节点N20的心跳检测
当前时间为:1596683952611

接收到来自领导节点N20的心跳检测
当前时间为:1596683955612

接收到来自领导节点N20的心跳检测
当前时间为:1596683958613

接收到来自领导节点N20的心跳检测
当前时间为:1596683961613

收到commit,正在写入状态机，共识完毕...
本节点已收到leader日志已回复，待确认
接收到来自领导节点N20的心跳检测
当前时间为:1596683964613

收到commit,正在写入状态机，共识完毕...
本节点已收到leader日志已回复，待确认
接收到来自领导节点N20的心跳检测
当前时间为:1596683967614

接收到来自领导节点N20的心跳检测
当前时间为:1596683970614

接收到来自领导节点N20的心跳检测
当前时间为:1596683973614

接收到来自领导节点N20的心跳检测
当前时间为:1596683976614

收到commit,正在写入状态机，共识完毕...
本节点已收到leader日志已回复，待确认
接收到来自领导节点N20的心跳检测
当前时间为:1596683979615

接收到来自领导节点N20的心跳检测
当前时间为:1596683982615

接收到来自领导节点N20的心跳检测
当前时间为:1596683985616

接收到来自领导节点N20的心跳检测
当前时间为:1596683988616

接收到来自领导节点N20的心跳检测
当前时间为:1596683991617

接收到来自领导节点N20的心跳检测
当前时间为:1596683994617

本节点已收到leader日志已回复，待确认
收到commit,正在写入状态机，共识完毕...
本节点已收到leader日志已回复，待确认
收到commit,正在写入状态机，共识完毕...
接收到来自领导节点N20的心跳检测
当前时间为:1596683997618

接收到来自领导节点N20的心跳检测
当前时间为:1596684000618

接收到来自领导节点N20的心跳检测
当前时间为:1596684003619

接收到来自领导节点N20的心跳检测
当前时间为:1596684006619

收到commit,正在写入状态机，共识完毕...
本节点已收到leader日志已回复，待确认
接收到来自领导节点N20的心跳检测
当前时间为:1596684009619

接收到来自领导节点N20的心跳检测
当前时间为:1596684012619

接收到来自领导节点N20的心跳检测
当前时间为:1596684015621

接收到来自领导节点N20的心跳检测
当前时间为:1596684018621

接收到来自领导节点N20的心跳检测
当前时间为:1596684021622

接收到来自领导节点N20的心跳检测
当前时间为:1596684024622

接收到来自领导节点N20的心跳检测
当前时间为:1596684027623

接收到来自领导节点N20的心跳检测
当前时间为:1596684030625

接收到来自领导节点N20的心跳检测
当前时间为:1596684033625

接收到来自领导节点N20的心跳检测
当前时间为:1596684036625

接收到来自领导节点N20的心跳检测
当前时间为:1596684039626

接收到来自领导节点N20的心跳检测
当前时间为:1596684042626

接收到来自领导节点N20的心跳检测
当前时间为:1596684045632

本节点已收到leader日志已回复，待确认
收到commit,正在写入状态机，共识完毕...
接收到来自领导节点N20的心跳检测
当前时间为:1596684048633

接收到来自领导节点N20的心跳检测
当前时间为:1596684051635

接收到来自领导节点N20的心跳检测
当前时间为:1596684054634

接收到来自领导节点N20的心跳检测
当前时间为:1596684057634

接收到来自领导节点N20的心跳检测
当前时间为:1596684060635

接收到来自领导节点N20的心跳检测
当前时间为:1596684063635

接收到来自领导节点N20的心跳检测
当前时间为:1596684066638

接收到来自领导节点N20的心跳检测
当前时间为:1596684069635

接收到来自领导节点N20的心跳检测
当前时间为:1596684072636

接收到来自领导节点N20的心跳检测
当前时间为:1596684075636

接收到来自领导节点N20的心跳检测
当前时间为:1596684078637

接收到来自领导节点N20的心跳检测
当前时间为:1596684081637

接收到来自领导节点N20的心跳检测
当前时间为:1596684084638

接收到来自领导节点N20的心跳检测
当前时间为:1596684087640

接收到来自领导节点N20的心跳检测
当前时间为:1596684090638

接收到来自领导节点N20的心跳检测
当前时间为:1596684093640

接收到来自领导节点N20的心跳检测
当前时间为:1596684096639

接收到来自领导节点N20的心跳检测
当前时间为:1596684099640

接收到来自领导节点N20的心跳检测
当前时间为:1596684102640

接收到来自领导节点N20的心跳检测
当前时间为:1596684105641

接收到来自领导节点N20的心跳检测
当前时间为:1596684108642

接收到来自领导节点N20的心跳检测
当前时间为:1596684111642

接收到来自领导节点N20的心跳检测
当前时间为:1596684114643

接收到来自领导节点N20的心跳检测
当前时间为:1596684117643

接收到来自领导节点N20的心跳检测
当前时间为:1596684120645

接收到来自领导节点N20的心跳检测
当前时间为:1596684123645

接收到来自领导节点N20的心跳检测
当前时间为:1596684126645

接收到来自领导节点N20的心跳检测
当前时间为:1596684129646

接收到来自领导节点N20的心跳检测
当前时间为:1596684132647

接收到来自领导节点N20的心跳检测
当前时间为:1596684135648

接收到来自领导节点N20的心跳检测
当前时间为:1596684138649

接收到来自领导节点N20的心跳检测
当前时间为:1596684141649

接收到来自领导节点N20的心跳检测
当前时间为:1596684144650

接收到来自领导节点N20的心跳检测
当前时间为:1596684147652

接收到来自领导节点N20的心跳检测
当前时间为:1596684150653

接收到来自领导节点N20的心跳检测
当前时间为:1596684153653

接收到来自领导节点N20的心跳检测
当前时间为:1596684156655

接收到来自领导节点N20的心跳检测
当前时间为:1596684159655

接收到来自领导节点N20的心跳检测
当前时间为:1596684162655

接收到来自领导节点N20的心跳检测
当前时间为:1596684165656

接收到来自领导节点N20的心跳检测
当前时间为:1596684168657

接收到来自领导节点N20的心跳检测
当前时间为:1596684171657

接收到来自领导节点N20的心跳检测
当前时间为:1596684174658

接收到来自领导节点N20的心跳检测
当前时间为:1596684177659

接收到来自领导节点N20的心跳检测
当前时间为:1596684180660

接收到来自领导节点N20的心跳检测
当前时间为:1596684183662

接收到来自领导节点N20的心跳检测
当前时间为:1596684186662

接收到来自领导节点N20的心跳检测
当前时间为:1596684189663

接收到来自领导节点N20的心跳检测
当前时间为:1596684192664

接收到来自领导节点N20的心跳检测
当前时间为:1596684195665

接收到来自领导节点N20的心跳检测
当前时间为:1596684198667

接收到来自领导节点N20的心跳检测
当前时间为:1596684201667

接收到来自领导节点N20的心跳检测
当前时间为:1596684204668

接收到来自领导节点N20的心跳检测
当前时间为:1596684207670

接收到来自领导节点N20的心跳检测
当前时间为:1596684210671

接收到来自领导节点N20的心跳检测
当前时间为:1596684213671

接收到来自领导节点N20的心跳检测
当前时间为:1596684216672

接收到来自领导节点N20的心跳检测
当前时间为:1596684219672

接收到来自领导节点N20的心跳检测
当前时间为:1596684222672

接收到来自领导节点N20的心跳检测
当前时间为:1596684225674

接收到来自领导节点N20的心跳检测
当前时间为:1596684228675

接收到来自领导节点N20的心跳检测
当前时间为:1596684231676

接收到来自领导节点N20的心跳检测
当前时间为:1596684234676

接收到来自领导节点N20的心跳检测
当前时间为:1596684237677

接收到来自领导节点N20的心跳检测
当前时间为:1596684240678

接收到来自领导节点N20的心跳检测
当前时间为:1596684243678

接收到来自领导节点N20的心跳检测
当前时间为:1596684246678

接收到来自领导节点N20的心跳检测
当前时间为:1596684249680

接收到来自领导节点N20的心跳检测
当前时间为:1596684252680

接收到来自领导节点N20的心跳检测
当前时间为:1596684255681

接收到来自领导节点N20的心跳检测
当前时间为:1596684258681

接收到来自领导节点N20的心跳检测
当前时间为:1596684261682

接收到来自领导节点N20的心跳检测
当前时间为:1596684264683

接收到来自领导节点N20的心跳检测
当前时间为:1596684267684

接收到来自领导节点N20的心跳检测
当前时间为:1596684270684

接收到来自领导节点N20的心跳检测
当前时间为:1596684273685

接收到来自领导节点N20的心跳检测
当前时间为:1596684276686

接收到来自领导节点N20的心跳检测
当前时间为:1596684279687

接收到来自领导节点N20的心跳检测
当前时间为:1596684282688

接收到来自领导节点N20的心跳检测
当前时间为:1596684285689

接收到来自领导节点N20的心跳检测
当前时间为:1596684288690

接收到来自领导节点N20的心跳检测
当前时间为:1596684291691

接收到来自领导节点N20的心跳检测
当前时间为:1596684294691

接收到来自领导节点N20的心跳检测
当前时间为:1596684297691

接收到来自领导节点N20的心跳检测
当前时间为:1596684300692

接收到来自领导节点N20的心跳检测
当前时间为:1596684303693

接收到来自领导节点N20的心跳检测
当前时间为:1596684306693

接收到来自领导节点N20的心跳检测
当前时间为:1596684309694

接收到来自领导节点N20的心跳检测
当前时间为:1596684312694

接收到来自领导节点N20的心跳检测
当前时间为:1596684315694

接收到来自领导节点N20的心跳检测
当前时间为:1596684318698

接收到来自领导节点N20的心跳检测
当前时间为:1596684321697

接收到来自领导节点N20的心跳检测
当前时间为:1596684324699

接收到来自领导节点N20的心跳检测
当前时间为:1596684327699

接收到来自领导节点N20的心跳检测
当前时间为:1596684330703

接收到来自领导节点N20的心跳检测
当前时间为:1596684333701

接收到来自领导节点N20的心跳检测
当前时间为:1596684336702

接收到来自领导节点N20的心跳检测
当前时间为:1596684339702

接收到来自领导节点N20的心跳检测
当前时间为:1596684342703

接收到来自领导节点N20的心跳检测
当前时间为:1596684345704

接收到来自领导节点N20的心跳检测
当前时间为:1596684348703

接收到来自领导节点N20的心跳检测
当前时间为:1596684351704

接收到来自领导节点N20的心跳检测
当前时间为:1596684354705

接收到来自领导节点N20的心跳检测
当前时间为:1596684357705

接收到来自领导节点N20的心跳检测
当前时间为:1596684360706

接收到来自领导节点N20的心跳检测
当前时间为:1596684363707

接收到来自领导节点N20的心跳检测
当前时间为:1596684366708

接收到来自领导节点N20的心跳检测
当前时间为:1596684369709

接收到来自领导节点N20的心跳检测
当前时间为:1596684372709

接收到来自领导节点N20的心跳检测
当前时间为:1596684375709

接收到来自领导节点N20的心跳检测
当前时间为:1596684378710

接收到来自领导节点N20的心跳检测
当前时间为:1596684381710

接收到来自领导节点N20的心跳检测
当前时间为:1596684384711

接收到来自领导节点N20的心跳检测
当前时间为:1596684387711

接收到来自领导节点N20的心跳检测
当前时间为:1596684390712

接收到来自领导节点N20的心跳检测
当前时间为:1596684393713

接收到来自领导节点N20的心跳检测
当前时间为:1596684396714

接收到来自领导节点N20的心跳检测
当前时间为:1596684399715

接收到来自领导节点N20的心跳检测
当前时间为:1596684402715

接收到来自领导节点N20的心跳检测
当前时间为:1596684405715

接收到来自领导节点N20的心跳检测
当前时间为:1596684408716

接收到来自领导节点N20的心跳检测
当前时间为:1596684411717

接收到来自领导节点N20的心跳检测
当前时间为:1596684414717

接收到来自领导节点N20的心跳检测
当前时间为:1596684417718

接收到来自领导节点N20的心跳检测
当前时间为:1596684420719

接收到来自领导节点N20的心跳检测
当前时间为:1596684423719

接收到来自领导节点N20的心跳检测
当前时间为:1596684426719

接收到来自领导节点N20的心跳检测
当前时间为:1596684429720

接收到来自领导节点N20的心跳检测
当前时间为:1596684432721

接收到来自领导节点N20的心跳检测
当前时间为:1596684435721

接收到来自领导节点N20的心跳检测
当前时间为:1596684438722

接收到来自领导节点N20的心跳检测
当前时间为:1596684441722

接收到来自领导节点N20的心跳检测
当前时间为:1596684444723

接收到来自领导节点N20的心跳检测
当前时间为:1596684447723

接收到来自领导节点N20的心跳检测
当前时间为:1596684450724

接收到来自领导节点N20的心跳检测
当前时间为:1596684453725

接收到来自领导节点N20的心跳检测
当前时间为:1596684456726

接收到来自领导节点N20的心跳检测
当前时间为:1596684459727

接收到来自领导节点N20的心跳检测
当前时间为:1596684462728

接收到来自领导节点N20的心跳检测
当前时间为:1596684465729

接收到来自领导节点N20的心跳检测
当前时间为:1596684468729

接收到来自领导节点N20的心跳检测
当前时间为:1596684471730

接收到来自领导节点N20的心跳检测
当前时间为:1596684474731

接收到来自领导节点N20的心跳检测
当前时间为:1596684477731

接收到来自领导节点N20的心跳检测
当前时间为:1596684480731

接收到来自领导节点N20的心跳检测
当前时间为:1596684483732

接收到来自领导节点N20的心跳检测
当前时间为:1596684486733

接收到来自领导节点N20的心跳检测
当前时间为:1596684489734

接收到来自领导节点N20的心跳检测
当前时间为:1596684492735

