启动节点 N21
监听 :8101
节点开启监听，地址：127.0.0.1:8018
投票成功，已投N23节点
接收到来自领导节点N23的心跳检测
当前时间为:1596683749446

已发现网络中的领导节点， N23 成为了领导者！
接收到来自领导节点N23的心跳检测
当前时间为:1596683752447

接收到来自领导节点N23的心跳检测
当前时间为:1596683755448

接收到来自领导节点N23的心跳检测
当前时间为:1596683758448

接收到来自领导节点N23的心跳检测
当前时间为:1596683761449

接收到来自领导节点N23的心跳检测
当前时间为:1596683764450

接收到来自领导节点N23的心跳检测
当前时间为:1596683767451

接收到来自领导节点N23的心跳检测
当前时间为:1596683770451

接收到来自领导节点N23的心跳检测
当前时间为:1596683773451

接收到来自领导节点N23的心跳检测
当前时间为:1596683776452

接收到来自领导节点N23的心跳检测
当前时间为:1596683779453

接收到来自领导节点N23的心跳检测
当前时间为:1596683782453

接收到来自领导节点N23的心跳检测
当前时间为:1596683785453

接收到来自领导节点N23的心跳检测
当前时间为:1596683788454

接收到来自领导节点N23的心跳检测
当前时间为:1596683791455

接收到来自领导节点N23的心跳检测
当前时间为:1596683794456

接收到来自领导节点N23的心跳检测
当前时间为:1596683797456

接收到来自领导节点N23的心跳检测
当前时间为:1596683800457

接收到来自领导节点N23的心跳检测
当前时间为:1596683803458

接收到来自领导节点N23的心跳检测
当前时间为:1596683806459

本节点已收到leader日志已回复，待确认
收到commit,正在写入状态机，共识完毕...
接收到来自领导节点N23的心跳检测
当前时间为:1596683809459

接收到来自领导节点N23的心跳检测
当前时间为:1596683812459

接收到来自领导节点N23的心跳检测
当前时间为:1596683815459

收到commit,正在写入状态机，共识完毕...
本节点已收到leader日志已回复，待确认
接收到来自领导节点N23的心跳检测
当前时间为:1596683818463

接收到来自领导节点N23的心跳检测
当前时间为:1596683821461

接收到来自领导节点N23的心跳检测
当前时间为:1596683824461

本节点已收到leader日志已回复，待确认
收到commit,正在写入状态机，共识完毕...
接收到来自领导节点N23的心跳检测
当前时间为:1596683827461

接收到来自领导节点N23的心跳检测
当前时间为:1596683830461

接收到来自领导节点N23的心跳检测
当前时间为:1596683833461

接收到来自领导节点N23的心跳检测
当前时间为:1596683836461

本节点已收到leader日志已回复，待确认
收到commit,正在写入状态机，共识完毕...
接收到来自领导节点N23的心跳检测
当前时间为:1596683839462

接收到来自领导节点N23的心跳检测
当前时间为:1596683842462

接收到来自领导节点N23的心跳检测
当前时间为:1596683845462

本节点已收到leader日志已回复，待确认
收到commit,正在写入状态机，共识完毕...
接收到来自领导节点N23的心跳检测
当前时间为:1596683848464

接收到来自领导节点N23的心跳检测
当前时间为:1596683851464

接收到来自领导节点N23的心跳检测
当前时间为:1596683854464

收到commit,正在写入状态机，共识完毕...
本节点已收到leader日志已回复，待确认
接收到来自领导节点N23的心跳检测
当前时间为:1596683857465

接收到来自领导节点N23的心跳检测
当前时间为:1596683860465

接收到来自领导节点N23的心跳检测
当前时间为:1596683863465

接收到来自领导节点N23的心跳检测
当前时间为:1596683866467

本节点已收到leader日志已回复，待确认
收到commit,正在写入状态机，共识完毕...
接收到来自领导节点N23的心跳检测
当前时间为:1596683869466

接收到来自领导节点N23的心跳检测
当前时间为:1596683872466

接收到来自领导节点N23的心跳检测
当前时间为:1596683875468

本节点已收到leader日志已回复，待确认
收到commit,正在写入状态机，共识完毕...
接收到来自领导节点N23的心跳检测
当前时间为:1596683878467

接收到来自领导节点N23的心跳检测
当前时间为:1596683881468

接收到来自领导节点N23的心跳检测
当前时间为:1596683884467

收到commit,正在写入状态机，共识完毕...
本节点已收到leader日志已回复，待确认
接收到来自领导节点N23的心跳检测
当前时间为:1596683887469

接收到来自领导节点N23的心跳检测
当前时间为:1596683890470

接收到来自领导节点N23的心跳检测
当前时间为:1596683893469

接收到来自领导节点N23的心跳检测
当前时间为:1596683896469

收到commit,正在写入状态机，共识完毕...
本节点已收到leader日志已回复，待确认
接收到来自领导节点N23的心跳检测
当前时间为:1596683899470

接收到来自领导节点N23的心跳检测
当前时间为:1596683902471

接收到来自领导节点N23的心跳检测
当前时间为:1596683905470

本节点已收到leader日志已回复，待确认
收到commit,正在写入状态机，共识完毕...
接收到来自领导节点N23的心跳检测
当前时间为:1596683908471

接收到来自领导节点N23的心跳检测
当前时间为:1596683911472

接收到来自领导节点N23的心跳检测
当前时间为:1596683914471

收到commit,正在写入状态机，共识完毕...
本节点已收到leader日志已回复，待确认
接收到来自领导节点N23的心跳检测
当前时间为:1596683917471

接收到来自领导节点N23的心跳检测
当前时间为:1596683920474

接收到来自领导节点N23的心跳检测
当前时间为:1596683923472

接收到来自领导节点N23的心跳检测
当前时间为:1596683926472

本节点已收到leader日志已回复，待确认
收到commit,正在写入状态机，共识完毕...
接收到来自领导节点N23的心跳检测
当前时间为:1596683929474

接收到来自领导节点N23的心跳检测
当前时间为:1596683932474

接收到来自领导节点N23的心跳检测
当前时间为:1596683935474

收到commit,正在写入状态机，共识完毕...
本节点已收到leader日志已回复，待确认
接收到来自领导节点N23的心跳检测
当前时间为:1596683938475

接收到来自领导节点N23的心跳检测
当前时间为:1596683941475

接收到来自领导节点N23的心跳检测
当前时间为:1596683944476

本节点已收到leader日志已回复，待确认
收到commit,正在写入状态机，共识完毕...
接收到来自领导节点N23的心跳检测
当前时间为:1596683947476

接收到来自领导节点N23的心跳检测
当前时间为:1596683950477

接收到来自领导节点N23的心跳检测
当前时间为:1596683953477

接收到来自领导节点N23的心跳检测
当前时间为:1596683956477

接收到来自领导节点N23的心跳检测
当前时间为:1596683959478

接收到来自领导节点N23的心跳检测
当前时间为:1596683962482

本节点已收到leader日志已回复，待确认
收到commit,正在写入状态机，共识完毕...
接收到来自领导节点N23的心跳检测
当前时间为:1596683965483

本节点已收到leader日志已回复，待确认
收到commit,正在写入状态机，共识完毕...
接收到来自领导节点N23的心跳检测
当前时间为:1596683968482

接收到来自领导节点N23的心跳检测
当前时间为:1596683971482

接收到来自领导节点N23的心跳检测
当前时间为:1596683974485

本节点已收到leader日志已回复，待确认
收到commit,正在写入状态机，共识完毕...
接收到来自领导节点N23的心跳检测
当前时间为:1596683977485

接收到来自领导节点N23的心跳检测
当前时间为:1596683980486

接收到来自领导节点N23的心跳检测
当前时间为:1596683983485

接收到来自领导节点N23的心跳检测
当前时间为:1596683986486

接收到来自领导节点N23的心跳检测
当前时间为:1596683989487

接收到来自领导节点N23的心跳检测
当前时间为:1596683992487

接收到来自领导节点N23的心跳检测
当前时间为:1596683995507

收到commit,正在写入状态机，共识完毕...
本节点已收到leader日志已回复，待确认
本节点已收到leader日志已回复，待确认
收到commit,正在写入状态机，共识完毕...
接收到来自领导节点N23的心跳检测
当前时间为:1596683998508

接收到来自领导节点N23的心跳检测
当前时间为:1596684001508

接收到来自领导节点N23的心跳检测
当前时间为:1596684004509

本节点已收到leader日志已回复，待确认
收到commit,正在写入状态机，共识完毕...
接收到来自领导节点N23的心跳检测
当前时间为:1596684007509

接收到来自领导节点N23的心跳检测
当前时间为:1596684010509

接收到来自领导节点N23的心跳检测
当前时间为:1596684013510

接收到来自领导节点N23的心跳检测
当前时间为:1596684016510

接收到来自领导节点N23的心跳检测
当前时间为:1596684019511

接收到来自领导节点N23的心跳检测
当前时间为:1596684022511

接收到来自领导节点N23的心跳检测
当前时间为:1596684025511

接收到来自领导节点N23的心跳检测
当前时间为:1596684028512

接收到来自领导节点N23的心跳检测
当前时间为:1596684031512

接收到来自领导节点N23的心跳检测
当前时间为:1596684034513

接收到来自领导节点N23的心跳检测
当前时间为:1596684037513

接收到来自领导节点N23的心跳检测
当前时间为:1596684040513

接收到来自领导节点N23的心跳检测
当前时间为:1596684043518

本节点已收到leader日志已回复，待确认
收到commit,正在写入状态机，共识完毕...
接收到来自领导节点N23的心跳检测
当前时间为:1596684046517

接收到来自领导节点N23的心跳检测
当前时间为:1596684049517

接收到来自领导节点N23的心跳检测
当前时间为:1596684052517

接收到来自领导节点N23的心跳检测
当前时间为:1596684055517

接收到来自领导节点N23的心跳检测
当前时间为:1596684058518

接收到来自领导节点N23的心跳检测
当前时间为:1596684061518

接收到来自领导节点N23的心跳检测
当前时间为:1596684064520

接收到来自领导节点N23的心跳检测
当前时间为:1596684067520

接收到来自领导节点N23的心跳检测
当前时间为:1596684070520

接收到来自领导节点N23的心跳检测
当前时间为:1596684073521

接收到来自领导节点N23的心跳检测
当前时间为:1596684076521

接收到来自领导节点N23的心跳检测
当前时间为:1596684079521

接收到来自领导节点N23的心跳检测
当前时间为:1596684082522

接收到来自领导节点N23的心跳检测
当前时间为:1596684085522

接收到来自领导节点N23的心跳检测
当前时间为:1596684088522

接收到来自领导节点N23的心跳检测
当前时间为:1596684091522

接收到来自领导节点N23的心跳检测
当前时间为:1596684094522

接收到来自领导节点N23的心跳检测
当前时间为:1596684097523

接收到来自领导节点N23的心跳检测
当前时间为:1596684100524

接收到来自领导节点N23的心跳检测
当前时间为:1596684103525

接收到来自领导节点N23的心跳检测
当前时间为:1596684106526

接收到来自领导节点N23的心跳检测
当前时间为:1596684109525

接收到来自领导节点N23的心跳检测
当前时间为:1596684112526

接收到来自领导节点N23的心跳检测
当前时间为:1596684115527

接收到来自领导节点N23的心跳检测
当前时间为:1596684118527

接收到来自领导节点N23的心跳检测
当前时间为:1596684121528

接收到来自领导节点N23的心跳检测
当前时间为:1596684124529

接收到来自领导节点N23的心跳检测
当前时间为:1596684127529

接收到来自领导节点N23的心跳检测
当前时间为:1596684130530

接收到来自领导节点N23的心跳检测
当前时间为:1596684133531

接收到来自领导节点N23的心跳检测
当前时间为:1596684136531

接收到来自领导节点N23的心跳检测
当前时间为:1596684139532

接收到来自领导节点N23的心跳检测
当前时间为:1596684142532

接收到来自领导节点N23的心跳检测
当前时间为:1596684145533

接收到来自领导节点N23的心跳检测
当前时间为:1596684148535

接收到来自领导节点N23的心跳检测
当前时间为:1596684151535

接收到来自领导节点N23的心跳检测
当前时间为:1596684154536

接收到来自领导节点N23的心跳检测
当前时间为:1596684157535

接收到来自领导节点N23的心跳检测
当前时间为:1596684160535

接收到来自领导节点N23的心跳检测
当前时间为:1596684163536

接收到来自领导节点N23的心跳检测
当前时间为:1596684166537

接收到来自领导节点N23的心跳检测
当前时间为:1596684169538

接收到来自领导节点N23的心跳检测
当前时间为:1596684172538

接收到来自领导节点N23的心跳检测
当前时间为:1596684175539

接收到来自领导节点N23的心跳检测
当前时间为:1596684178540

接收到来自领导节点N23的心跳检测
当前时间为:1596684181542

接收到来自领导节点N23的心跳检测
当前时间为:1596684184541

接收到来自领导节点N23的心跳检测
当前时间为:1596684187542

接收到来自领导节点N23的心跳检测
当前时间为:1596684190544

接收到来自领导节点N23的心跳检测
当前时间为:1596684193544

接收到来自领导节点N23的心跳检测
当前时间为:1596684196545

接收到来自领导节点N23的心跳检测
当前时间为:1596684199545

接收到来自领导节点N23的心跳检测
当前时间为:1596684202547

接收到来自领导节点N23的心跳检测
当前时间为:1596684205547

接收到来自领导节点N23的心跳检测
当前时间为:1596684208547

接收到来自领导节点N23的心跳检测
当前时间为:1596684211548

接收到来自领导节点N23的心跳检测
当前时间为:1596684214548

接收到来自领导节点N23的心跳检测
当前时间为:1596684217549

接收到来自领导节点N23的心跳检测
当前时间为:1596684220551

接收到来自领导节点N23的心跳检测
当前时间为:1596684223551

接收到来自领导节点N23的心跳检测
当前时间为:1596684226552

接收到来自领导节点N23的心跳检测
当前时间为:1596684229552

接收到来自领导节点N23的心跳检测
当前时间为:1596684232553

接收到来自领导节点N23的心跳检测
当前时间为:1596684235553

接收到来自领导节点N23的心跳检测
当前时间为:1596684238555

接收到来自领导节点N23的心跳检测
当前时间为:1596684241557

接收到来自领导节点N23的心跳检测
当前时间为:1596684244559

接收到来自领导节点N23的心跳检测
当前时间为:1596684247559

接收到来自领导节点N23的心跳检测
当前时间为:1596684250560

接收到来自领导节点N23的心跳检测
当前时间为:1596684253560

接收到来自领导节点N23的心跳检测
当前时间为:1596684256561

接收到来自领导节点N23的心跳检测
当前时间为:1596684259561

接收到来自领导节点N23的心跳检测
当前时间为:1596684262561

接收到来自领导节点N23的心跳检测
当前时间为:1596684265563

接收到来自领导节点N23的心跳检测
当前时间为:1596684268563

接收到来自领导节点N23的心跳检测
当前时间为:1596684271564

接收到来自领导节点N23的心跳检测
当前时间为:1596684274565

接收到来自领导节点N23的心跳检测
当前时间为:1596684277565

接收到来自领导节点N23的心跳检测
当前时间为:1596684280566

接收到来自领导节点N23的心跳检测
当前时间为:1596684283567

接收到来自领导节点N23的心跳检测
当前时间为:1596684286567

接收到来自领导节点N23的心跳检测
当前时间为:1596684289570

接收到来自领导节点N23的心跳检测
当前时间为:1596684292569

接收到来自领导节点N23的心跳检测
当前时间为:1596684295569

接收到来自领导节点N23的心跳检测
当前时间为:1596684298570

接收到来自领导节点N23的心跳检测
当前时间为:1596684301571

接收到来自领导节点N23的心跳检测
当前时间为:1596684304571

接收到来自领导节点N23的心跳检测
当前时间为:1596684307571

接收到来自领导节点N23的心跳检测
当前时间为:1596684310572

接收到来自领导节点N23的心跳检测
当前时间为:1596684313573

接收到来自领导节点N23的心跳检测
当前时间为:1596684316573

接收到来自领导节点N23的心跳检测
当前时间为:1596684319573

接收到来自领导节点N23的心跳检测
当前时间为:1596684322575

接收到来自领导节点N23的心跳检测
当前时间为:1596684325575

接收到来自领导节点N23的心跳检测
当前时间为:1596684328576

接收到来自领导节点N23的心跳检测
当前时间为:1596684331577

接收到来自领导节点N23的心跳检测
当前时间为:1596684334578

接收到来自领导节点N23的心跳检测
当前时间为:1596684337579

接收到来自领导节点N23的心跳检测
当前时间为:1596684340579

接收到来自领导节点N23的心跳检测
当前时间为:1596684343580

接收到来自领导节点N23的心跳检测
当前时间为:1596684346581

接收到来自领导节点N23的心跳检测
当前时间为:1596684349581

接收到来自领导节点N23的心跳检测
当前时间为:1596684352582

接收到来自领导节点N23的心跳检测
当前时间为:1596684355582

接收到来自领导节点N23的心跳检测
当前时间为:1596684358583

接收到来自领导节点N23的心跳检测
当前时间为:1596684361583

接收到来自领导节点N23的心跳检测
当前时间为:1596684364584

接收到来自领导节点N23的心跳检测
当前时间为:1596684367584

接收到来自领导节点N23的心跳检测
当前时间为:1596684370585

接收到来自领导节点N23的心跳检测
当前时间为:1596684373585

接收到来自领导节点N23的心跳检测
当前时间为:1596684376586

接收到来自领导节点N23的心跳检测
当前时间为:1596684379587

接收到来自领导节点N23的心跳检测
当前时间为:1596684382588

接收到来自领导节点N23的心跳检测
当前时间为:1596684385588

接收到来自领导节点N23的心跳检测
当前时间为:1596684388589

接收到来自领导节点N23的心跳检测
当前时间为:1596684391591

接收到来自领导节点N23的心跳检测
当前时间为:1596684394590

接收到来自领导节点N23的心跳检测
当前时间为:1596684397592

接收到来自领导节点N23的心跳检测
当前时间为:1596684400592

接收到来自领导节点N23的心跳检测
当前时间为:1596684403593

接收到来自领导节点N23的心跳检测
当前时间为:1596684406594

接收到来自领导节点N23的心跳检测
当前时间为:1596684409595

接收到来自领导节点N23的心跳检测
当前时间为:1596684412596

接收到来自领导节点N23的心跳检测
当前时间为:1596684415597

接收到来自领导节点N23的心跳检测
当前时间为:1596684418598

接收到来自领导节点N23的心跳检测
当前时间为:1596684421598

接收到来自领导节点N23的心跳检测
当前时间为:1596684424599

接收到来自领导节点N23的心跳检测
当前时间为:1596684427599

接收到来自领导节点N23的心跳检测
当前时间为:1596684430600

接收到来自领导节点N23的心跳检测
当前时间为:1596684433601

接收到来自领导节点N23的心跳检测
当前时间为:1596684436602

接收到来自领导节点N23的心跳检测
当前时间为:1596684439603

接收到来自领导节点N23的心跳检测
当前时间为:1596684442604

接收到来自领导节点N23的心跳检测
当前时间为:1596684445603

接收到来自领导节点N23的心跳检测
当前时间为:1596684448606

接收到来自领导节点N23的心跳检测
当前时间为:1596684451606

接收到来自领导节点N23的心跳检测
当前时间为:1596684454606

接收到来自领导节点N23的心跳检测
当前时间为:1596684457606

接收到来自领导节点N23的心跳检测
当前时间为:1596684460607

接收到来自领导节点N23的心跳检测
当前时间为:1596684463608

接收到来自领导节点N23的心跳检测
当前时间为:1596684466611

接收到来自领导节点N23的心跳检测
当前时间为:1596684469610

接收到来自领导节点N23的心跳检测
当前时间为:1596684472610

接收到来自领导节点N23的心跳检测
当前时间为:1596684475610

接收到来自领导节点N23的心跳检测
当前时间为:1596684478611

接收到来自领导节点N23的心跳检测
当前时间为:1596684481612

接收到来自领导节点N23的心跳检测
当前时间为:1596684484613

接收到来自领导节点N23的心跳检测
当前时间为:1596684487614

接收到来自领导节点N23的心跳检测
当前时间为:1596684490615

接收到来自领导节点N23的心跳检测
当前时间为:1596684493615

