启动节点 N3
监听 :8083
节点开启监听，地址：127.0.0.1:7001
投票成功，已投N4节点
接收到来自领导节点N4的心跳检测
当前时间为:1596683748340

已发现网络中的领导节点， N4 成为了领导者！
接收到来自领导节点N4的心跳检测
当前时间为:1596683751342

接收到来自领导节点N4的心跳检测
当前时间为:1596683754342

接收到来自领导节点N4的心跳检测
当前时间为:1596683757343

接收到来自领导节点N4的心跳检测
当前时间为:1596683760345

接收到来自领导节点N4的心跳检测
当前时间为:1596683763345

接收到来自领导节点N4的心跳检测
当前时间为:1596683766346

接收到来自领导节点N4的心跳检测
当前时间为:1596683769346

接收到来自领导节点N4的心跳检测
当前时间为:1596683772347

接收到来自领导节点N4的心跳检测
当前时间为:1596683775348

接收到来自领导节点N4的心跳检测
当前时间为:1596683778349

接收到来自领导节点N4的心跳检测
当前时间为:1596683781349

接收到来自领导节点N4的心跳检测
当前时间为:1596683784351

接收到来自领导节点N4的心跳检测
当前时间为:1596683787351

接收到来自领导节点N4的心跳检测
当前时间为:1596683790352

接收到来自领导节点N4的心跳检测
当前时间为:1596683793352

接收到来自领导节点N4的心跳检测
当前时间为:1596683796353

接收到来自领导节点N4的心跳检测
当前时间为:1596683799355

接收到来自领导节点N4的心跳检测
当前时间为:1596683802355

接收到来自领导节点N4的心跳检测
当前时间为:1596683805356

本节点已收到leader日志已回复，待确认
收到commit,正在写入状态机，共识完毕...
接收到来自领导节点N4的心跳检测
当前时间为:1596683808356

接收到来自领导节点N4的心跳检测
当前时间为:1596683811357

接收到来自领导节点N4的心跳检测
当前时间为:1596683814357

本节点已收到leader日志已回复，待确认
收到commit,正在写入状态机，共识完毕...
接收到来自领导节点N4的心跳检测
当前时间为:1596683817357

接收到来自领导节点N4的心跳检测
当前时间为:1596683820358

接收到来自领导节点N4的心跳检测
当前时间为:1596683823358

接收到来自领导节点N4的心跳检测
当前时间为:1596683826358

本节点已收到leader日志已回复，待确认
收到commit,正在写入状态机，共识完毕...
接收到来自领导节点N4的心跳检测
当前时间为:1596683829358

接收到来自领导节点N4的心跳检测
当前时间为:1596683832358

接收到来自领导节点N4的心跳检测
当前时间为:1596683835364

本节点已收到leader日志已回复，待确认
收到commit,正在写入状态机，共识完毕...
接收到来自领导节点N4的心跳检测
当前时间为:1596683838361

接收到来自领导节点N4的心跳检测
当前时间为:1596683841361

接收到来自领导节点N4的心跳检测
当前时间为:1596683844361

收到commit,正在写入状态机，共识完毕...
本节点已收到leader日志已回复，待确认
接收到来自领导节点N4的心跳检测
当前时间为:1596683847363

接收到来自领导节点N4的心跳检测
当前时间为:1596683850362

接收到来自领导节点N4的心跳检测
当前时间为:1596683853362

接收到来自领导节点N4的心跳检测
当前时间为:1596683856363

收到commit,正在写入状态机，共识完毕...
本节点已收到leader日志已回复，待确认
接收到来自领导节点N4的心跳检测
当前时间为:1596683859363

接收到来自领导节点N4的心跳检测
当前时间为:1596683862363

接收到来自领导节点N4的心跳检测
当前时间为:1596683865364

收到commit,正在写入状态机，共识完毕...
本节点已收到leader日志已回复，待确认
接收到来自领导节点N4的心跳检测
当前时间为:1596683868364

接收到来自领导节点N4的心跳检测
当前时间为:1596683871364

接收到来自领导节点N4的心跳检测
当前时间为:1596683874365

本节点已收到leader日志已回复，待确认
收到commit,正在写入状态机，共识完毕...
接收到来自领导节点N4的心跳检测
当前时间为:1596683877365

接收到来自领导节点N4的心跳检测
当前时间为:1596683880365

接收到来自领导节点N4的心跳检测
当前时间为:1596683883365

接收到来自领导节点N4的心跳检测
当前时间为:1596683886366

本节点已收到leader日志已回复，待确认
收到commit,正在写入状态机，共识完毕...
接收到来自领导节点N4的心跳检测
当前时间为:1596683889367

接收到来自领导节点N4的心跳检测
当前时间为:1596683892367

接收到来自领导节点N4的心跳检测
当前时间为:1596683895367

本节点已收到leader日志已回复，待确认
收到commit,正在写入状态机，共识完毕...
接收到来自领导节点N4的心跳检测
当前时间为:1596683898367

接收到来自领导节点N4的心跳检测
当前时间为:1596683901368

接收到来自领导节点N4的心跳检测
当前时间为:1596683904368

本节点已收到leader日志已回复，待确认
收到commit,正在写入状态机，共识完毕...
接收到来自领导节点N4的心跳检测
当前时间为:1596683907368

接收到来自领导节点N4的心跳检测
当前时间为:1596683910368

接收到来自领导节点N4的心跳检测
当前时间为:1596683913368

接收到来自领导节点N4的心跳检测
当前时间为:1596683916369

收到commit,正在写入状态机，共识完毕...
本节点已收到leader日志已回复，待确认
接收到来自领导节点N4的心跳检测
当前时间为:1596683919369

接收到来自领导节点N4的心跳检测
当前时间为:1596683922369

接收到来自领导节点N4的心跳检测
当前时间为:1596683925370

本节点已收到leader日志已回复，待确认
收到commit,正在写入状态机，共识完毕...
接收到来自领导节点N4的心跳检测
当前时间为:1596683928370

接收到来自领导节点N4的心跳检测
当前时间为:1596683931371

接收到来自领导节点N4的心跳检测
当前时间为:1596683934379

收到commit,正在写入状态机，共识完毕...
本节点已收到leader日志已回复，待确认
接收到来自领导节点N4的心跳检测
当前时间为:1596683937378

接收到来自领导节点N4的心跳检测
当前时间为:1596683940379

接收到来自领导节点N4的心跳检测
当前时间为:1596683943379

接收到来自领导节点N4的心跳检测
当前时间为:1596683946379

收到commit,正在写入状态机，共识完毕...
本节点已收到leader日志已回复，待确认
接收到来自领导节点N4的心跳检测
当前时间为:1596683949380

接收到来自领导节点N4的心跳检测
当前时间为:1596683952380

接收到来自领导节点N4的心跳检测
当前时间为:1596683955380

接收到来自领导节点N4的心跳检测
当前时间为:1596683958380

接收到来自领导节点N4的心跳检测
当前时间为:1596683961381

本节点已收到leader日志已回复，待确认
收到commit,正在写入状态机，共识完毕...
接收到来自领导节点N4的心跳检测
当前时间为:1596683964381

本节点已收到leader日志已回复，待确认
收到commit,正在写入状态机，共识完毕...
接收到来自领导节点N4的心跳检测
当前时间为:1596683967382

接收到来自领导节点N4的心跳检测
当前时间为:1596683970382

接收到来自领导节点N4的心跳检测
当前时间为:1596683973382

接收到来自领导节点N4的心跳检测
当前时间为:1596683976382

本节点已收到leader日志已回复，待确认
收到commit,正在写入状态机，共识完毕...
接收到来自领导节点N4的心跳检测
当前时间为:1596683979383

接收到来自领导节点N4的心跳检测
当前时间为:1596683982383

接收到来自领导节点N4的心跳检测
当前时间为:1596683985383

接收到来自领导节点N4的心跳检测
当前时间为:1596683988383

接收到来自领导节点N4的心跳检测
当前时间为:1596683991384

接收到来自领导节点N4的心跳检测
当前时间为:1596683994385

本节点已收到leader日志已回复，待确认
收到commit,正在写入状态机，共识完毕...
本节点已收到leader日志已回复，待确认
收到commit,正在写入状态机，共识完毕...
接收到来自领导节点N4的心跳检测
当前时间为:1596683997384

接收到来自领导节点N4的心跳检测
当前时间为:1596684000384

接收到来自领导节点N4的心跳检测
当前时间为:1596684003384

接收到来自领导节点N4的心跳检测
当前时间为:1596684006385

收到commit,正在写入状态机，共识完毕...
本节点已收到leader日志已回复，待确认
接收到来自领导节点N4的心跳检测
当前时间为:1596684009385

接收到来自领导节点N4的心跳检测
当前时间为:1596684012386

接收到来自领导节点N4的心跳检测
当前时间为:1596684015387

接收到来自领导节点N4的心跳检测
当前时间为:1596684018388

接收到来自领导节点N4的心跳检测
当前时间为:1596684021388

接收到来自领导节点N4的心跳检测
当前时间为:1596684024390

接收到来自领导节点N4的心跳检测
当前时间为:1596684027389

接收到来自领导节点N4的心跳检测
当前时间为:1596684030390

接收到来自领导节点N4的心跳检测
当前时间为:1596684033391

接收到来自领导节点N4的心跳检测
当前时间为:1596684036392

接收到来自领导节点N4的心跳检测
当前时间为:1596684039392

接收到来自领导节点N4的心跳检测
当前时间为:1596684042393

接收到来自领导节点N4的心跳检测
当前时间为:1596684045396

本节点已收到leader日志已回复，待确认
收到commit,正在写入状态机，共识完毕...
接收到来自领导节点N4的心跳检测
当前时间为:1596684048396

接收到来自领导节点N4的心跳检测
当前时间为:1596684051397

接收到来自领导节点N4的心跳检测
当前时间为:1596684054397

接收到来自领导节点N4的心跳检测
当前时间为:1596684057397

接收到来自领导节点N4的心跳检测
当前时间为:1596684060397

接收到来自领导节点N4的心跳检测
当前时间为:1596684063398

接收到来自领导节点N4的心跳检测
当前时间为:1596684066398

接收到来自领导节点N4的心跳检测
当前时间为:1596684069398

接收到来自领导节点N4的心跳检测
当前时间为:1596684072399

接收到来自领导节点N4的心跳检测
当前时间为:1596684075399

接收到来自领导节点N4的心跳检测
当前时间为:1596684078399

接收到来自领导节点N4的心跳检测
当前时间为:1596684081400

接收到来自领导节点N4的心跳检测
当前时间为:1596684084399

接收到来自领导节点N4的心跳检测
当前时间为:1596684087399

接收到来自领导节点N4的心跳检测
当前时间为:1596684090399

接收到来自领导节点N4的心跳检测
当前时间为:1596684093400

接收到来自领导节点N4的心跳检测
当前时间为:1596684096401

接收到来自领导节点N4的心跳检测
当前时间为:1596684099400

接收到来自领导节点N4的心跳检测
当前时间为:1596684102401

接收到来自领导节点N4的心跳检测
当前时间为:1596684105401

接收到来自领导节点N4的心跳检测
当前时间为:1596684108402

接收到来自领导节点N4的心跳检测
当前时间为:1596684111402

接收到来自领导节点N4的心跳检测
当前时间为:1596684114403

接收到来自领导节点N4的心跳检测
当前时间为:1596684117404

接收到来自领导节点N4的心跳检测
当前时间为:1596684120404

接收到来自领导节点N4的心跳检测
当前时间为:1596684123405

接收到来自领导节点N4的心跳检测
当前时间为:1596684126405

接收到来自领导节点N4的心跳检测
当前时间为:1596684129405

接收到来自领导节点N4的心跳检测
当前时间为:1596684132406

接收到来自领导节点N4的心跳检测
当前时间为:1596684135407

接收到来自领导节点N4的心跳检测
当前时间为:1596684138410

接收到来自领导节点N4的心跳检测
当前时间为:1596684141409

接收到来自领导节点N4的心跳检测
当前时间为:1596684144409

接收到来自领导节点N4的心跳检测
当前时间为:1596684147410

接收到来自领导节点N4的心跳检测
当前时间为:1596684150411

接收到来自领导节点N4的心跳检测
当前时间为:1596684153411

接收到来自领导节点N4的心跳检测
当前时间为:1596684156413

接收到来自领导节点N4的心跳检测
当前时间为:1596684159414

接收到来自领导节点N4的心跳检测
当前时间为:1596684162414

接收到来自领导节点N4的心跳检测
当前时间为:1596684165414

接收到来自领导节点N4的心跳检测
当前时间为:1596684168417

接收到来自领导节点N4的心跳检测
当前时间为:1596684171416

接收到来自领导节点N4的心跳检测
当前时间为:1596684174417

接收到来自领导节点N4的心跳检测
当前时间为:1596684177417

接收到来自领导节点N4的心跳检测
当前时间为:1596684180417

接收到来自领导节点N4的心跳检测
当前时间为:1596684183419

接收到来自领导节点N4的心跳检测
当前时间为:1596684186418

接收到来自领导节点N4的心跳检测
当前时间为:1596684189420

接收到来自领导节点N4的心跳检测
当前时间为:1596684192421

接收到来自领导节点N4的心跳检测
当前时间为:1596684195422

接收到来自领导节点N4的心跳检测
当前时间为:1596684198422

接收到来自领导节点N4的心跳检测
当前时间为:1596684201422

接收到来自领导节点N4的心跳检测
当前时间为:1596684204423

接收到来自领导节点N4的心跳检测
当前时间为:1596684207424

接收到来自领导节点N4的心跳检测
当前时间为:1596684210424

接收到来自领导节点N4的心跳检测
当前时间为:1596684213424

接收到来自领导节点N4的心跳检测
当前时间为:1596684216425

接收到来自领导节点N4的心跳检测
当前时间为:1596684219426

接收到来自领导节点N4的心跳检测
当前时间为:1596684222427

接收到来自领导节点N4的心跳检测
当前时间为:1596684225428

接收到来自领导节点N4的心跳检测
当前时间为:1596684228430

接收到来自领导节点N4的心跳检测
当前时间为:1596684231429

接收到来自领导节点N4的心跳检测
当前时间为:1596684234430

接收到来自领导节点N4的心跳检测
当前时间为:1596684237432

接收到来自领导节点N4的心跳检测
当前时间为:1596684240434

接收到来自领导节点N4的心跳检测
当前时间为:1596684243433

接收到来自领导节点N4的心跳检测
当前时间为:1596684246434

接收到来自领导节点N4的心跳检测
当前时间为:1596684249435

接收到来自领导节点N4的心跳检测
当前时间为:1596684252435

接收到来自领导节点N4的心跳检测
当前时间为:1596684255436

接收到来自领导节点N4的心跳检测
当前时间为:1596684258437

接收到来自领导节点N4的心跳检测
当前时间为:1596684261437

接收到来自领导节点N4的心跳检测
当前时间为:1596684264438

接收到来自领导节点N4的心跳检测
当前时间为:1596684267439

接收到来自领导节点N4的心跳检测
当前时间为:1596684270440

接收到来自领导节点N4的心跳检测
当前时间为:1596684273440

接收到来自领导节点N4的心跳检测
当前时间为:1596684276441

接收到来自领导节点N4的心跳检测
当前时间为:1596684279442

接收到来自领导节点N4的心跳检测
当前时间为:1596684282442

接收到来自领导节点N4的心跳检测
当前时间为:1596684285443

接收到来自领导节点N4的心跳检测
当前时间为:1596684288444

接收到来自领导节点N4的心跳检测
当前时间为:1596684291444

接收到来自领导节点N4的心跳检测
当前时间为:1596684294446

接收到来自领导节点N4的心跳检测
当前时间为:1596684297448

接收到来自领导节点N4的心跳检测
当前时间为:1596684300447

接收到来自领导节点N4的心跳检测
当前时间为:1596684303447

接收到来自领导节点N4的心跳检测
当前时间为:1596684306449

接收到来自领导节点N4的心跳检测
当前时间为:1596684309449

接收到来自领导节点N4的心跳检测
当前时间为:1596684312452

接收到来自领导节点N4的心跳检测
当前时间为:1596684315451

接收到来自领导节点N4的心跳检测
当前时间为:1596684318452

接收到来自领导节点N4的心跳检测
当前时间为:1596684321453

接收到来自领导节点N4的心跳检测
当前时间为:1596684324454

接收到来自领导节点N4的心跳检测
当前时间为:1596684327455

接收到来自领导节点N4的心跳检测
当前时间为:1596684330454

接收到来自领导节点N4的心跳检测
当前时间为:1596684333455

接收到来自领导节点N4的心跳检测
当前时间为:1596684336456

接收到来自领导节点N4的心跳检测
当前时间为:1596684339458

接收到来自领导节点N4的心跳检测
当前时间为:1596684342458

接收到来自领导节点N4的心跳检测
当前时间为:1596684345460

接收到来自领导节点N4的心跳检测
当前时间为:1596684348460

接收到来自领导节点N4的心跳检测
当前时间为:1596684351461

接收到来自领导节点N4的心跳检测
当前时间为:1596684354463

接收到来自领导节点N4的心跳检测
当前时间为:1596684357464

接收到来自领导节点N4的心跳检测
当前时间为:1596684360468

接收到来自领导节点N4的心跳检测
当前时间为:1596684363465

接收到来自领导节点N4的心跳检测
当前时间为:1596684366466

接收到来自领导节点N4的心跳检测
当前时间为:1596684369467

接收到来自领导节点N4的心跳检测
当前时间为:1596684372470

接收到来自领导节点N4的心跳检测
当前时间为:1596684375471

接收到来自领导节点N4的心跳检测
当前时间为:1596684378471

接收到来自领导节点N4的心跳检测
当前时间为:1596684381472

接收到来自领导节点N4的心跳检测
当前时间为:1596684384472

接收到来自领导节点N4的心跳检测
当前时间为:1596684387472

接收到来自领导节点N4的心跳检测
当前时间为:1596684390473

接收到来自领导节点N4的心跳检测
当前时间为:1596684393473

接收到来自领导节点N4的心跳检测
当前时间为:1596684396474

接收到来自领导节点N4的心跳检测
当前时间为:1596684399476

接收到来自领导节点N4的心跳检测
当前时间为:1596684402476

接收到来自领导节点N4的心跳检测
当前时间为:1596684405477

接收到来自领导节点N4的心跳检测
当前时间为:1596684408477

接收到来自领导节点N4的心跳检测
当前时间为:1596684411478

接收到来自领导节点N4的心跳检测
当前时间为:1596684414479

接收到来自领导节点N4的心跳检测
当前时间为:1596684417479

接收到来自领导节点N4的心跳检测
当前时间为:1596684420480

接收到来自领导节点N4的心跳检测
当前时间为:1596684423481

接收到来自领导节点N4的心跳检测
当前时间为:1596684426481

接收到来自领导节点N4的心跳检测
当前时间为:1596684429482

接收到来自领导节点N4的心跳检测
当前时间为:1596684432483

接收到来自领导节点N4的心跳检测
当前时间为:1596684435483

接收到来自领导节点N4的心跳检测
当前时间为:1596684438483

接收到来自领导节点N4的心跳检测
当前时间为:1596684441484

接收到来自领导节点N4的心跳检测
当前时间为:1596684444485

接收到来自领导节点N4的心跳检测
当前时间为:1596684447485

接收到来自领导节点N4的心跳检测
当前时间为:1596684450487

接收到来自领导节点N4的心跳检测
当前时间为:1596684453487

接收到来自领导节点N4的心跳检测
当前时间为:1596684456488

接收到来自领导节点N4的心跳检测
当前时间为:1596684459488

接收到来自领导节点N4的心跳检测
当前时间为:1596684462489

接收到来自领导节点N4的心跳检测
当前时间为:1596684465491

接收到来自领导节点N4的心跳检测
当前时间为:1596684468491

接收到来自领导节点N4的心跳检测
当前时间为:1596684471492

接收到来自领导节点N4的心跳检测
当前时间为:1596684474492

接收到来自领导节点N4的心跳检测
当前时间为:1596684477493

接收到来自领导节点N4的心跳检测
当前时间为:1596684480494

接收到来自领导节点N4的心跳检测
当前时间为:1596684483495

接收到来自领导节点N4的心跳检测
当前时间为:1596684486495

接收到来自领导节点N4的心跳检测
当前时间为:1596684489496

接收到来自领导节点N4的心跳检测
当前时间为:1596684492496

