启动节点 N8
监听 :8088
节点开启监听，地址：127.0.0.1:8003
投票成功，已投N6节点
接收到来自领导节点N6的心跳检测
当前时间为:1596683748945

已发现网络中的领导节点， N6 成为了领导者！
接收到来自领导节点N6的心跳检测
当前时间为:1596683751946

接收到来自领导节点N6的心跳检测
当前时间为:1596683754948

接收到来自领导节点N6的心跳检测
当前时间为:1596683757948

接收到来自领导节点N6的心跳检测
当前时间为:1596683760948

接收到来自领导节点N6的心跳检测
当前时间为:1596683763949

接收到来自领导节点N6的心跳检测
当前时间为:1596683766949

接收到来自领导节点N6的心跳检测
当前时间为:1596683769951

接收到来自领导节点N6的心跳检测
当前时间为:1596683772951

接收到来自领导节点N6的心跳检测
当前时间为:1596683775951

接收到来自领导节点N6的心跳检测
当前时间为:1596683778952

接收到来自领导节点N6的心跳检测
当前时间为:1596683781952

接收到来自领导节点N6的心跳检测
当前时间为:1596683784952

接收到来自领导节点N6的心跳检测
当前时间为:1596683787953

接收到来自领导节点N6的心跳检测
当前时间为:1596683790958

接收到来自领导节点N6的心跳检测
当前时间为:1596683793956

接收到来自领导节点N6的心跳检测
当前时间为:1596683796956

接收到来自领导节点N6的心跳检测
当前时间为:1596683799957

接收到来自领导节点N6的心跳检测
当前时间为:1596683802958

接收到来自领导节点N6的心跳检测
当前时间为:1596683805959

本节点已收到leader日志已回复，待确认
收到commit,正在写入状态机，共识完毕...
接收到来自领导节点N6的心跳检测
当前时间为:1596683808960

接收到来自领导节点N6的心跳检测
当前时间为:1596683811960

接收到来自领导节点N6的心跳检测
当前时间为:1596683814960

本节点已收到leader日志已回复，待确认
收到commit,正在写入状态机，共识完毕...
接收到来自领导节点N6的心跳检测
当前时间为:1596683817960

接收到来自领导节点N6的心跳检测
当前时间为:1596683820960

接收到来自领导节点N6的心跳检测
当前时间为:1596683823960

收到commit,正在写入状态机，共识完毕...
本节点已收到leader日志已回复，待确认
接收到来自领导节点N6的心跳检测
当前时间为:1596683826960

接收到来自领导节点N6的心跳检测
当前时间为:1596683829961

接收到来自领导节点N6的心跳检测
当前时间为:1596683832963

接收到来自领导节点N6的心跳检测
当前时间为:1596683835963

收到commit,正在写入状态机，共识完毕...
本节点已收到leader日志已回复，待确认
接收到来自领导节点N6的心跳检测
当前时间为:1596683838962

接收到来自领导节点N6的心跳检测
当前时间为:1596683841963

接收到来自领导节点N6的心跳检测
当前时间为:1596683844964

本节点已收到leader日志已回复，待确认
收到commit,正在写入状态机，共识完毕...
接收到来自领导节点N6的心跳检测
当前时间为:1596683847964

接收到来自领导节点N6的心跳检测
当前时间为:1596683850964

接收到来自领导节点N6的心跳检测
当前时间为:1596683853965

本节点已收到leader日志已回复，待确认
收到commit,正在写入状态机，共识完毕...
接收到来自领导节点N6的心跳检测
当前时间为:1596683856965

接收到来自领导节点N6的心跳检测
当前时间为:1596683859967

接收到来自领导节点N6的心跳检测
当前时间为:1596683862966

接收到来自领导节点N6的心跳检测
当前时间为:1596683865967

本节点已收到leader日志已回复，待确认
收到commit,正在写入状态机，共识完毕...
接收到来自领导节点N6的心跳检测
当前时间为:1596683868967

接收到来自领导节点N6的心跳检测
当前时间为:1596683871967

接收到来自领导节点N6的心跳检测
当前时间为:1596683874968

本节点已收到leader日志已回复，待确认
收到commit,正在写入状态机，共识完毕...
接收到来自领导节点N6的心跳检测
当前时间为:1596683877968

接收到来自领导节点N6的心跳检测
当前时间为:1596683880969

接收到来自领导节点N6的心跳检测
当前时间为:1596683883969

收到commit,正在写入状态机，共识完毕...
本节点已收到leader日志已回复，待确认
接收到来自领导节点N6的心跳检测
当前时间为:1596683886969

接收到来自领导节点N6的心跳检测
当前时间为:1596683889970

接收到来自领导节点N6的心跳检测
当前时间为:1596683892970

接收到来自领导节点N6的心跳检测
当前时间为:1596683895970

收到commit,正在写入状态机，共识完毕...
本节点已收到leader日志已回复，待确认
接收到来自领导节点N6的心跳检测
当前时间为:1596683898972

接收到来自领导节点N6的心跳检测
当前时间为:1596683901970

接收到来自领导节点N6的心跳检测
当前时间为:1596683904971

本节点已收到leader日志已回复，待确认
收到commit,正在写入状态机，共识完毕...
接收到来自领导节点N6的心跳检测
当前时间为:1596683907972

接收到来自领导节点N6的心跳检测
当前时间为:1596683910973

接收到来自领导节点N6的心跳检测
当前时间为:1596683913972

本节点已收到leader日志已回复，待确认
收到commit,正在写入状态机，共识完毕...
接收到来自领导节点N6的心跳检测
当前时间为:1596683916972

接收到来自领导节点N6的心跳检测
当前时间为:1596683919972

接收到来自领导节点N6的心跳检测
当前时间为:1596683922973

接收到来自领导节点N6的心跳检测
当前时间为:1596683925973

收到commit,正在写入状态机，共识完毕...
本节点已收到leader日志已回复，待确认
接收到来自领导节点N6的心跳检测
当前时间为:1596683928973

接收到来自领导节点N6的心跳检测
当前时间为:1596683931974

接收到来自领导节点N6的心跳检测
当前时间为:1596683934976

收到commit,正在写入状态机，共识完毕...
本节点已收到leader日志已回复，待确认
接收到来自领导节点N6的心跳检测
当前时间为:1596683937976

接收到来自领导节点N6的心跳检测
当前时间为:1596683940975

接收到来自领导节点N6的心跳检测
当前时间为:1596683943976

本节点已收到leader日志已回复，待确认
收到commit,正在写入状态机，共识完毕...
接收到来自领导节点N6的心跳检测
当前时间为:1596683946976

接收到来自领导节点N6的心跳检测
当前时间为:1596683949977

接收到来自领导节点N6的心跳检测
当前时间为:1596683952977

接收到来自领导节点N6的心跳检测
当前时间为:1596683955980

接收到来自领导节点N6的心跳检测
当前时间为:1596683958978

接收到来自领导节点N6的心跳检测
当前时间为:1596683961981

本节点已收到leader日志已回复，待确认
收到commit,正在写入状态机，共识完毕...
接收到来自领导节点N6的心跳检测
当前时间为:1596683964981

收到commit,正在写入状态机，共识完毕...
本节点已收到leader日志已回复，待确认
接收到来自领导节点N6的心跳检测
当前时间为:1596683967981

接收到来自领导节点N6的心跳检测
当前时间为:1596683970983

接收到来自领导节点N6的心跳检测
当前时间为:1596683973982

收到commit,正在写入状态机，共识完毕...
本节点已收到leader日志已回复，待确认
接收到来自领导节点N6的心跳检测
当前时间为:1596683976982

接收到来自领导节点N6的心跳检测
当前时间为:1596683979983

接收到来自领导节点N6的心跳检测
当前时间为:1596683982983

接收到来自领导节点N6的心跳检测
当前时间为:1596683985984

接收到来自领导节点N6的心跳检测
当前时间为:1596683988984

接收到来自领导节点N6的心跳检测
当前时间为:1596683991985

接收到来自领导节点N6的心跳检测
当前时间为:1596683994985

本节点已收到leader日志已回复，待确认
收到commit,正在写入状态机，共识完毕...
收到commit,正在写入状态机，共识完毕...
本节点已收到leader日志已回复，待确认
接收到来自领导节点N6的心跳检测
当前时间为:1596683997986

接收到来自领导节点N6的心跳检测
当前时间为:1596684000986

接收到来自领导节点N6的心跳检测
当前时间为:1596684003986

本节点已收到leader日志已回复，待确认
收到commit,正在写入状态机，共识完毕...
接收到来自领导节点N6的心跳检测
当前时间为:1596684006987

接收到来自领导节点N6的心跳检测
当前时间为:1596684009988

接收到来自领导节点N6的心跳检测
当前时间为:1596684012988

接收到来自领导节点N6的心跳检测
当前时间为:1596684015990

接收到来自领导节点N6的心跳检测
当前时间为:1596684018990

接收到来自领导节点N6的心跳检测
当前时间为:1596684021992

接收到来自领导节点N6的心跳检测
当前时间为:1596684024991

接收到来自领导节点N6的心跳检测
当前时间为:1596684027991

接收到来自领导节点N6的心跳检测
当前时间为:1596684030992

接收到来自领导节点N6的心跳检测
当前时间为:1596684033992

接收到来自领导节点N6的心跳检测
当前时间为:1596684036993

接收到来自领导节点N6的心跳检测
当前时间为:1596684039994

接收到来自领导节点N6的心跳检测
当前时间为:1596684043002

本节点已收到leader日志已回复，待确认
收到commit,正在写入状态机，共识完毕...
接收到来自领导节点N6的心跳检测
当前时间为:1596684046003

接收到来自领导节点N6的心跳检测
当前时间为:1596684049003

接收到来自领导节点N6的心跳检测
当前时间为:1596684052003

接收到来自领导节点N6的心跳检测
当前时间为:1596684055003

接收到来自领导节点N6的心跳检测
当前时间为:1596684058004

接收到来自领导节点N6的心跳检测
当前时间为:1596684061004

接收到来自领导节点N6的心跳检测
当前时间为:1596684064005

接收到来自领导节点N6的心跳检测
当前时间为:1596684067004

接收到来自领导节点N6的心跳检测
当前时间为:1596684070004

接收到来自领导节点N6的心跳检测
当前时间为:1596684073004

接收到来自领导节点N6的心跳检测
当前时间为:1596684076005

接收到来自领导节点N6的心跳检测
当前时间为:1596684079004

接收到来自领导节点N6的心跳检测
当前时间为:1596684082005

接收到来自领导节点N6的心跳检测
当前时间为:1596684085006

接收到来自领导节点N6的心跳检测
当前时间为:1596684088006

接收到来自领导节点N6的心跳检测
当前时间为:1596684091007

接收到来自领导节点N6的心跳检测
当前时间为:1596684094007

接收到来自领导节点N6的心跳检测
当前时间为:1596684097008

接收到来自领导节点N6的心跳检测
当前时间为:1596684100007

接收到来自领导节点N6的心跳检测
当前时间为:1596684103008

接收到来自领导节点N6的心跳检测
当前时间为:1596684106009

接收到来自领导节点N6的心跳检测
当前时间为:1596684109009

接收到来自领导节点N6的心跳检测
当前时间为:1596684112011

接收到来自领导节点N6的心跳检测
当前时间为:1596684115011

接收到来自领导节点N6的心跳检测
当前时间为:1596684118012

接收到来自领导节点N6的心跳检测
当前时间为:1596684121012

接收到来自领导节点N6的心跳检测
当前时间为:1596684124013

接收到来自领导节点N6的心跳检测
当前时间为:1596684127013

接收到来自领导节点N6的心跳检测
当前时间为:1596684130014

接收到来自领导节点N6的心跳检测
当前时间为:1596684133014

接收到来自领导节点N6的心跳检测
当前时间为:1596684136015

接收到来自领导节点N6的心跳检测
当前时间为:1596684139017

接收到来自领导节点N6的心跳检测
当前时间为:1596684142017

接收到来自领导节点N6的心跳检测
当前时间为:1596684145019

接收到来自领导节点N6的心跳检测
当前时间为:1596684148019

接收到来自领导节点N6的心跳检测
当前时间为:1596684151020

接收到来自领导节点N6的心跳检测
当前时间为:1596684154020

接收到来自领导节点N6的心跳检测
当前时间为:1596684157021

接收到来自领导节点N6的心跳检测
当前时间为:1596684160023

接收到来自领导节点N6的心跳检测
当前时间为:1596684163023

接收到来自领导节点N6的心跳检测
当前时间为:1596684166024

接收到来自领导节点N6的心跳检测
当前时间为:1596684169025

接收到来自领导节点N6的心跳检测
当前时间为:1596684172025

接收到来自领导节点N6的心跳检测
当前时间为:1596684175025

接收到来自领导节点N6的心跳检测
当前时间为:1596684178027

接收到来自领导节点N6的心跳检测
当前时间为:1596684181027

接收到来自领导节点N6的心跳检测
当前时间为:1596684184029

接收到来自领导节点N6的心跳检测
当前时间为:1596684187029

接收到来自领导节点N6的心跳检测
当前时间为:1596684190030

接收到来自领导节点N6的心跳检测
当前时间为:1596684193032

接收到来自领导节点N6的心跳检测
当前时间为:1596684196031

接收到来自领导节点N6的心跳检测
当前时间为:1596684199032

接收到来自领导节点N6的心跳检测
当前时间为:1596684202033

接收到来自领导节点N6的心跳检测
当前时间为:1596684205033

接收到来自领导节点N6的心跳检测
当前时间为:1596684208037

接收到来自领导节点N6的心跳检测
当前时间为:1596684211036

接收到来自领导节点N6的心跳检测
当前时间为:1596684214037

接收到来自领导节点N6的心跳检测
当前时间为:1596684217037

接收到来自领导节点N6的心跳检测
当前时间为:1596684220038

接收到来自领导节点N6的心跳检测
当前时间为:1596684223038

接收到来自领导节点N6的心跳检测
当前时间为:1596684226039

接收到来自领导节点N6的心跳检测
当前时间为:1596684229040

接收到来自领导节点N6的心跳检测
当前时间为:1596684232041

接收到来自领导节点N6的心跳检测
当前时间为:1596684235042

接收到来自领导节点N6的心跳检测
当前时间为:1596684238042

接收到来自领导节点N6的心跳检测
当前时间为:1596684241043

接收到来自领导节点N6的心跳检测
当前时间为:1596684244046

接收到来自领导节点N6的心跳检测
当前时间为:1596684247046

接收到来自领导节点N6的心跳检测
当前时间为:1596684250045

接收到来自领导节点N6的心跳检测
当前时间为:1596684253045

接收到来自领导节点N6的心跳检测
当前时间为:1596684256046

接收到来自领导节点N6的心跳检测
当前时间为:1596684259048

接收到来自领导节点N6的心跳检测
当前时间为:1596684262050

接收到来自领导节点N6的心跳检测
当前时间为:1596684265051

接收到来自领导节点N6的心跳检测
当前时间为:1596684268051

接收到来自领导节点N6的心跳检测
当前时间为:1596684271051

接收到来自领导节点N6的心跳检测
当前时间为:1596684274052

接收到来自领导节点N6的心跳检测
当前时间为:1596684277053

接收到来自领导节点N6的心跳检测
当前时间为:1596684280054

接收到来自领导节点N6的心跳检测
当前时间为:1596684283054

接收到来自领导节点N6的心跳检测
当前时间为:1596684286055

接收到来自领导节点N6的心跳检测
当前时间为:1596684289055

接收到来自领导节点N6的心跳检测
当前时间为:1596684292058

接收到来自领导节点N6的心跳检测
当前时间为:1596684295058

接收到来自领导节点N6的心跳检测
当前时间为:1596684298059

接收到来自领导节点N6的心跳检测
当前时间为:1596684301060

接收到来自领导节点N6的心跳检测
当前时间为:1596684304060

接收到来自领导节点N6的心跳检测
当前时间为:1596684307061

接收到来自领导节点N6的心跳检测
当前时间为:1596684310061

接收到来自领导节点N6的心跳检测
当前时间为:1596684313062

接收到来自领导节点N6的心跳检测
当前时间为:1596684316062

接收到来自领导节点N6的心跳检测
当前时间为:1596684319063

接收到来自领导节点N6的心跳检测
当前时间为:1596684322065

接收到来自领导节点N6的心跳检测
当前时间为:1596684325064

接收到来自领导节点N6的心跳检测
当前时间为:1596684328065

接收到来自领导节点N6的心跳检测
当前时间为:1596684331066

接收到来自领导节点N6的心跳检测
当前时间为:1596684334067

接收到来自领导节点N6的心跳检测
当前时间为:1596684337068

接收到来自领导节点N6的心跳检测
当前时间为:1596684340068

接收到来自领导节点N6的心跳检测
当前时间为:1596684343069

接收到来自领导节点N6的心跳检测
当前时间为:1596684346070

接收到来自领导节点N6的心跳检测
当前时间为:1596684349070

接收到来自领导节点N6的心跳检测
当前时间为:1596684352071

接收到来自领导节点N6的心跳检测
当前时间为:1596684355072

接收到来自领导节点N6的心跳检测
当前时间为:1596684358072

接收到来自领导节点N6的心跳检测
当前时间为:1596684361074

接收到来自领导节点N6的心跳检测
当前时间为:1596684364076

接收到来自领导节点N6的心跳检测
当前时间为:1596684367075

接收到来自领导节点N6的心跳检测
当前时间为:1596684370075

接收到来自领导节点N6的心跳检测
当前时间为:1596684373076

接收到来自领导节点N6的心跳检测
当前时间为:1596684376077

接收到来自领导节点N6的心跳检测
当前时间为:1596684379078

接收到来自领导节点N6的心跳检测
当前时间为:1596684382078

接收到来自领导节点N6的心跳检测
当前时间为:1596684385079

接收到来自领导节点N6的心跳检测
当前时间为:1596684388080

接收到来自领导节点N6的心跳检测
当前时间为:1596684391081

接收到来自领导节点N6的心跳检测
当前时间为:1596684394082

接收到来自领导节点N6的心跳检测
当前时间为:1596684397083

接收到来自领导节点N6的心跳检测
当前时间为:1596684400084

接收到来自领导节点N6的心跳检测
当前时间为:1596684403084

接收到来自领导节点N6的心跳检测
当前时间为:1596684406085

接收到来自领导节点N6的心跳检测
当前时间为:1596684409087

接收到来自领导节点N6的心跳检测
当前时间为:1596684412087

接收到来自领导节点N6的心跳检测
当前时间为:1596684415087

接收到来自领导节点N6的心跳检测
当前时间为:1596684418088

接收到来自领导节点N6的心跳检测
当前时间为:1596684421089

接收到来自领导节点N6的心跳检测
当前时间为:1596684424090

接收到来自领导节点N6的心跳检测
当前时间为:1596684427090

接收到来自领导节点N6的心跳检测
当前时间为:1596684430091

接收到来自领导节点N6的心跳检测
当前时间为:1596684433092

接收到来自领导节点N6的心跳检测
当前时间为:1596684436094

接收到来自领导节点N6的心跳检测
当前时间为:1596684439093

接收到来自领导节点N6的心跳检测
当前时间为:1596684442095

接收到来自领导节点N6的心跳检测
当前时间为:1596684445095

接收到来自领导节点N6的心跳检测
当前时间为:1596684448096

接收到来自领导节点N6的心跳检测
当前时间为:1596684451097

接收到来自领导节点N6的心跳检测
当前时间为:1596684454097

接收到来自领导节点N6的心跳检测
当前时间为:1596684457098

接收到来自领导节点N6的心跳检测
当前时间为:1596684460099

接收到来自领导节点N6的心跳检测
当前时间为:1596684463100

接收到来自领导节点N6的心跳检测
当前时间为:1596684466100

接收到来自领导节点N6的心跳检测
当前时间为:1596684469101

接收到来自领导节点N6的心跳检测
当前时间为:1596684472102

接收到来自领导节点N6的心跳检测
当前时间为:1596684475104

接收到来自领导节点N6的心跳检测
当前时间为:1596684478104

接收到来自领导节点N6的心跳检测
当前时间为:1596684481105

接收到来自领导节点N6的心跳检测
当前时间为:1596684484106

接收到来自领导节点N6的心跳检测
当前时间为:1596684487105

接收到来自领导节点N6的心跳检测
当前时间为:1596684490106

接收到来自领导节点N6的心跳检测
当前时间为:1596684493108

